2021-12-05 09:49:25,994 - main.py[line:181] - INFO: Epoch: 1  ; eval pIoU: 69.87%; eval cIoU: 54.10%; train pIoU: 62.24%; train cIoU: 42.00%
2021-12-05 09:49:25,999 - main.py[line:186] - INFO: New best model is achieved at epoch 1 with eval pIoU as 69.87%
2021-12-05 09:52:37,523 - main.py[line:181] - INFO: Epoch: 2  ; eval pIoU: 70.50%; eval cIoU: 56.46%; train pIoU: 70.36%; train cIoU: 56.06%
2021-12-05 09:52:37,527 - main.py[line:186] - INFO: New best model is achieved at epoch 2 with eval pIoU as 70.50%
2021-12-05 09:55:49,036 - main.py[line:181] - INFO: Epoch: 3  ; eval pIoU: 73.06%; eval cIoU: 60.21%; train pIoU: 72.13%; train cIoU: 58.90%
2021-12-05 09:55:49,040 - main.py[line:186] - INFO: New best model is achieved at epoch 3 with eval pIoU as 73.06%
2021-12-05 09:59:00,519 - main.py[line:181] - INFO: Epoch: 4  ; eval pIoU: 74.43%; eval cIoU: 63.61%; train pIoU: 73.96%; train cIoU: 62.89%
2021-12-05 09:59:00,523 - main.py[line:186] - INFO: New best model is achieved at epoch 4 with eval pIoU as 74.43%
2021-12-05 10:02:12,010 - main.py[line:181] - INFO: Epoch: 5  ; eval pIoU: 74.09%; eval cIoU: 61.20%; train pIoU: 75.40%; train cIoU: 65.77%
2021-12-05 10:05:23,408 - main.py[line:181] - INFO: Epoch: 6  ; eval pIoU: 76.30%; eval cIoU: 64.84%; train pIoU: 75.61%; train cIoU: 64.36%
2021-12-05 10:05:23,412 - main.py[line:186] - INFO: New best model is achieved at epoch 6 with eval pIoU as 76.30%
2021-12-05 10:08:34,845 - main.py[line:181] - INFO: Epoch: 7  ; eval pIoU: 76.26%; eval cIoU: 65.90%; train pIoU: 76.76%; train cIoU: 67.32%
2021-12-05 10:11:46,252 - main.py[line:181] - INFO: Epoch: 8  ; eval pIoU: 77.02%; eval cIoU: 66.40%; train pIoU: 77.10%; train cIoU: 67.68%
2021-12-05 10:11:46,256 - main.py[line:186] - INFO: New best model is achieved at epoch 8 with eval pIoU as 77.02%
2021-12-05 10:14:57,706 - main.py[line:181] - INFO: Epoch: 9  ; eval pIoU: 77.45%; eval cIoU: 67.80%; train pIoU: 77.77%; train cIoU: 69.02%
2021-12-05 10:14:57,710 - main.py[line:186] - INFO: New best model is achieved at epoch 9 with eval pIoU as 77.45%
2021-12-05 10:18:09,122 - main.py[line:181] - INFO: Epoch: 10 ; eval pIoU: 78.19%; eval cIoU: 68.48%; train pIoU: 78.08%; train cIoU: 69.69%
2021-12-05 10:18:09,125 - main.py[line:186] - INFO: New best model is achieved at epoch 10 with eval pIoU as 78.19%
2021-12-05 10:21:20,569 - main.py[line:181] - INFO: Epoch: 11 ; eval pIoU: 77.98%; eval cIoU: 69.29%; train pIoU: 78.58%; train cIoU: 70.22%
2021-12-05 10:24:31,951 - main.py[line:181] - INFO: Epoch: 12 ; eval pIoU: 78.33%; eval cIoU: 70.33%; train pIoU: 78.84%; train cIoU: 70.35%
2021-12-05 10:24:31,955 - main.py[line:186] - INFO: New best model is achieved at epoch 12 with eval pIoU as 78.33%
2021-12-05 10:27:43,335 - main.py[line:181] - INFO: Epoch: 13 ; eval pIoU: 78.25%; eval cIoU: 68.99%; train pIoU: 79.01%; train cIoU: 70.62%
2021-12-05 10:30:54,715 - main.py[line:181] - INFO: Epoch: 14 ; eval pIoU: 79.42%; eval cIoU: 69.92%; train pIoU: 79.20%; train cIoU: 70.83%
2021-12-05 10:30:54,719 - main.py[line:186] - INFO: New best model is achieved at epoch 14 with eval pIoU as 79.42%
2021-12-05 10:34:06,090 - main.py[line:181] - INFO: Epoch: 15 ; eval pIoU: 78.68%; eval cIoU: 69.34%; train pIoU: 79.49%; train cIoU: 71.08%
2021-12-05 10:37:17,490 - main.py[line:181] - INFO: Epoch: 16 ; eval pIoU: 79.99%; eval cIoU: 72.43%; train pIoU: 79.69%; train cIoU: 71.10%
2021-12-05 10:37:17,494 - main.py[line:186] - INFO: New best model is achieved at epoch 16 with eval pIoU as 79.99%
2021-12-05 10:40:28,928 - main.py[line:181] - INFO: Epoch: 17 ; eval pIoU: 79.75%; eval cIoU: 71.51%; train pIoU: 79.91%; train cIoU: 71.92%
2021-12-05 10:43:40,291 - main.py[line:181] - INFO: Epoch: 18 ; eval pIoU: 79.36%; eval cIoU: 70.61%; train pIoU: 80.00%; train cIoU: 71.85%
2021-12-05 10:46:51,720 - main.py[line:181] - INFO: Epoch: 19 ; eval pIoU: 79.78%; eval cIoU: 70.43%; train pIoU: 80.20%; train cIoU: 72.32%
2021-12-05 10:50:03,123 - main.py[line:181] - INFO: Epoch: 20 ; eval pIoU: 79.60%; eval cIoU: 72.75%; train pIoU: 80.07%; train cIoU: 71.65%
2021-12-05 10:53:14,502 - main.py[line:181] - INFO: Epoch: 21 ; eval pIoU: 80.15%; eval cIoU: 71.77%; train pIoU: 80.36%; train cIoU: 72.16%
2021-12-05 10:53:14,505 - main.py[line:186] - INFO: New best model is achieved at epoch 21 with eval pIoU as 80.15%
2021-12-05 10:56:25,910 - main.py[line:181] - INFO: Epoch: 22 ; eval pIoU: 80.08%; eval cIoU: 72.33%; train pIoU: 80.42%; train cIoU: 72.44%
2021-12-05 10:59:37,266 - main.py[line:181] - INFO: Epoch: 23 ; eval pIoU: 80.52%; eval cIoU: 73.90%; train pIoU: 80.63%; train cIoU: 72.91%
2021-12-05 10:59:37,270 - main.py[line:186] - INFO: New best model is achieved at epoch 23 with eval pIoU as 80.52%
2021-12-05 11:02:48,653 - main.py[line:181] - INFO: Epoch: 24 ; eval pIoU: 79.90%; eval cIoU: 68.89%; train pIoU: 80.71%; train cIoU: 72.90%
2021-12-05 11:06:00,010 - main.py[line:181] - INFO: Epoch: 25 ; eval pIoU: 80.93%; eval cIoU: 73.20%; train pIoU: 80.88%; train cIoU: 73.20%
2021-12-05 11:06:00,013 - main.py[line:186] - INFO: New best model is achieved at epoch 25 with eval pIoU as 80.93%
2021-12-05 11:09:11,396 - main.py[line:181] - INFO: Epoch: 26 ; eval pIoU: 80.60%; eval cIoU: 74.04%; train pIoU: 80.90%; train cIoU: 72.96%
2021-12-05 11:12:22,785 - main.py[line:181] - INFO: Epoch: 27 ; eval pIoU: 80.14%; eval cIoU: 70.54%; train pIoU: 80.96%; train cIoU: 73.06%
2021-12-05 11:15:34,174 - main.py[line:181] - INFO: Epoch: 28 ; eval pIoU: 80.35%; eval cIoU: 74.09%; train pIoU: 81.05%; train cIoU: 73.11%
2021-12-05 11:18:45,558 - main.py[line:181] - INFO: Epoch: 29 ; eval pIoU: 80.67%; eval cIoU: 72.39%; train pIoU: 81.17%; train cIoU: 73.65%
2021-12-05 11:21:56,964 - main.py[line:181] - INFO: Epoch: 30 ; eval pIoU: 80.73%; eval cIoU: 74.40%; train pIoU: 81.29%; train cIoU: 73.82%
2021-12-05 11:25:08,311 - main.py[line:181] - INFO: Epoch: 31 ; eval pIoU: 80.79%; eval cIoU: 73.48%; train pIoU: 81.37%; train cIoU: 73.91%
2021-12-05 11:28:19,876 - main.py[line:181] - INFO: Epoch: 32 ; eval pIoU: 80.67%; eval cIoU: 72.81%; train pIoU: 81.26%; train cIoU: 73.84%
2021-12-05 11:31:31,181 - main.py[line:181] - INFO: Epoch: 33 ; eval pIoU: 80.91%; eval cIoU: 75.02%; train pIoU: 81.57%; train cIoU: 74.17%
2021-12-05 11:34:42,498 - main.py[line:181] - INFO: Epoch: 34 ; eval pIoU: 81.05%; eval cIoU: 73.25%; train pIoU: 81.48%; train cIoU: 74.32%
2021-12-05 11:34:42,502 - main.py[line:186] - INFO: New best model is achieved at epoch 34 with eval pIoU as 81.05%
2021-12-05 11:37:53,822 - main.py[line:181] - INFO: Epoch: 35 ; eval pIoU: 81.32%; eval cIoU: 74.71%; train pIoU: 81.67%; train cIoU: 74.39%
2021-12-05 11:37:53,826 - main.py[line:186] - INFO: New best model is achieved at epoch 35 with eval pIoU as 81.32%
2021-12-05 11:41:05,132 - main.py[line:181] - INFO: Epoch: 36 ; eval pIoU: 80.91%; eval cIoU: 74.05%; train pIoU: 81.72%; train cIoU: 74.69%
2021-12-05 11:44:16,477 - main.py[line:181] - INFO: Epoch: 37 ; eval pIoU: 81.32%; eval cIoU: 74.72%; train pIoU: 81.68%; train cIoU: 74.12%
2021-12-05 11:47:27,810 - main.py[line:181] - INFO: Epoch: 38 ; eval pIoU: 81.42%; eval cIoU: 74.75%; train pIoU: 81.80%; train cIoU: 74.72%
2021-12-05 11:47:27,815 - main.py[line:186] - INFO: New best model is achieved at epoch 38 with eval pIoU as 81.42%
2021-12-05 11:50:39,169 - main.py[line:181] - INFO: Epoch: 39 ; eval pIoU: 81.44%; eval cIoU: 74.93%; train pIoU: 81.85%; train cIoU: 74.85%
2021-12-05 11:50:39,173 - main.py[line:186] - INFO: New best model is achieved at epoch 39 with eval pIoU as 81.44%
2021-12-05 11:53:50,522 - main.py[line:181] - INFO: Epoch: 40 ; eval pIoU: 81.05%; eval cIoU: 74.13%; train pIoU: 81.90%; train cIoU: 75.09%
2021-12-05 11:57:01,868 - main.py[line:181] - INFO: Epoch: 41 ; eval pIoU: 81.25%; eval cIoU: 75.50%; train pIoU: 82.03%; train cIoU: 75.17%
2021-12-05 12:00:13,208 - main.py[line:181] - INFO: Epoch: 42 ; eval pIoU: 81.50%; eval cIoU: 74.44%; train pIoU: 82.08%; train cIoU: 75.29%
2021-12-05 12:00:13,212 - main.py[line:186] - INFO: New best model is achieved at epoch 42 with eval pIoU as 81.50%
2021-12-05 12:03:24,559 - main.py[line:181] - INFO: Epoch: 43 ; eval pIoU: 81.53%; eval cIoU: 75.07%; train pIoU: 82.16%; train cIoU: 75.26%
2021-12-05 12:03:24,563 - main.py[line:186] - INFO: New best model is achieved at epoch 43 with eval pIoU as 81.53%
2021-12-05 12:06:35,940 - main.py[line:181] - INFO: Epoch: 44 ; eval pIoU: 81.36%; eval cIoU: 74.25%; train pIoU: 82.29%; train cIoU: 75.23%
2021-12-05 12:09:47,294 - main.py[line:181] - INFO: Epoch: 45 ; eval pIoU: 81.67%; eval cIoU: 74.92%; train pIoU: 82.25%; train cIoU: 75.29%
2021-12-05 12:09:47,298 - main.py[line:186] - INFO: New best model is achieved at epoch 45 with eval pIoU as 81.67%
2021-12-05 12:12:58,673 - main.py[line:181] - INFO: Epoch: 46 ; eval pIoU: 81.43%; eval cIoU: 74.78%; train pIoU: 82.23%; train cIoU: 75.51%
2021-12-05 12:16:10,027 - main.py[line:181] - INFO: Epoch: 47 ; eval pIoU: 81.92%; eval cIoU: 74.48%; train pIoU: 82.55%; train cIoU: 75.82%
2021-12-05 12:16:10,031 - main.py[line:186] - INFO: New best model is achieved at epoch 47 with eval pIoU as 81.92%
2021-12-05 12:19:21,419 - main.py[line:181] - INFO: Epoch: 48 ; eval pIoU: 81.25%; eval cIoU: 74.58%; train pIoU: 82.63%; train cIoU: 75.98%
2021-12-05 12:22:32,748 - main.py[line:181] - INFO: Epoch: 49 ; eval pIoU: 82.42%; eval cIoU: 76.30%; train pIoU: 82.80%; train cIoU: 76.50%
2021-12-05 12:22:32,752 - main.py[line:186] - INFO: New best model is achieved at epoch 49 with eval pIoU as 82.42%
2021-12-05 12:25:44,079 - main.py[line:181] - INFO: Epoch: 50 ; eval pIoU: 82.00%; eval cIoU: 75.62%; train pIoU: 82.78%; train cIoU: 76.20%
2021-12-05 12:28:55,380 - main.py[line:181] - INFO: Epoch: 51 ; eval pIoU: 81.57%; eval cIoU: 74.85%; train pIoU: 82.81%; train cIoU: 76.65%
2021-12-05 12:32:06,683 - main.py[line:181] - INFO: Epoch: 52 ; eval pIoU: 82.01%; eval cIoU: 76.12%; train pIoU: 83.04%; train cIoU: 77.07%
2021-12-05 12:35:18,005 - main.py[line:181] - INFO: Epoch: 53 ; eval pIoU: 81.27%; eval cIoU: 74.69%; train pIoU: 83.14%; train cIoU: 76.63%
2021-12-05 12:38:29,305 - main.py[line:181] - INFO: Epoch: 54 ; eval pIoU: 81.84%; eval cIoU: 75.96%; train pIoU: 83.45%; train cIoU: 77.14%
2021-12-05 12:41:40,585 - main.py[line:181] - INFO: Epoch: 55 ; eval pIoU: 81.84%; eval cIoU: 74.33%; train pIoU: 83.76%; train cIoU: 77.27%
2021-12-05 12:44:51,883 - main.py[line:181] - INFO: Epoch: 56 ; eval pIoU: 82.06%; eval cIoU: 75.58%; train pIoU: 83.68%; train cIoU: 76.88%
2021-12-05 12:48:03,179 - main.py[line:181] - INFO: Epoch: 57 ; eval pIoU: 81.62%; eval cIoU: 75.48%; train pIoU: 83.79%; train cIoU: 77.06%
2021-12-05 12:51:14,482 - main.py[line:181] - INFO: Epoch: 58 ; eval pIoU: 82.15%; eval cIoU: 75.36%; train pIoU: 83.72%; train cIoU: 76.94%
2021-12-05 12:54:25,768 - main.py[line:181] - INFO: Epoch: 59 ; eval pIoU: 82.29%; eval cIoU: 75.81%; train pIoU: 83.85%; train cIoU: 77.16%
2021-12-05 12:57:37,026 - main.py[line:181] - INFO: Epoch: 60 ; eval pIoU: 82.45%; eval cIoU: 76.96%; train pIoU: 83.98%; train cIoU: 77.63%
2021-12-05 12:57:37,030 - main.py[line:186] - INFO: New best model is achieved at epoch 60 with eval pIoU as 82.45%
2021-12-05 13:00:48,318 - main.py[line:181] - INFO: Epoch: 61 ; eval pIoU: 82.02%; eval cIoU: 75.30%; train pIoU: 84.02%; train cIoU: 77.90%
2021-12-05 13:03:59,596 - main.py[line:181] - INFO: Epoch: 62 ; eval pIoU: 82.45%; eval cIoU: 76.23%; train pIoU: 84.17%; train cIoU: 77.95%
2021-12-05 13:03:59,600 - main.py[line:186] - INFO: New best model is achieved at epoch 62 with eval pIoU as 82.45%
2021-12-05 13:07:10,875 - main.py[line:181] - INFO: Epoch: 63 ; eval pIoU: 82.40%; eval cIoU: 75.01%; train pIoU: 83.65%; train cIoU: 76.03%
2021-12-05 13:10:22,144 - main.py[line:181] - INFO: Epoch: 64 ; eval pIoU: 82.26%; eval cIoU: 76.44%; train pIoU: 84.15%; train cIoU: 77.73%
2021-12-05 13:13:33,397 - main.py[line:181] - INFO: Epoch: 65 ; eval pIoU: 82.51%; eval cIoU: 76.19%; train pIoU: 84.30%; train cIoU: 77.97%
2021-12-05 13:13:33,401 - main.py[line:186] - INFO: New best model is achieved at epoch 65 with eval pIoU as 82.51%
2021-12-05 13:16:44,691 - main.py[line:181] - INFO: Epoch: 66 ; eval pIoU: 82.60%; eval cIoU: 76.04%; train pIoU: 84.13%; train cIoU: 77.92%
2021-12-05 13:16:44,695 - main.py[line:186] - INFO: New best model is achieved at epoch 66 with eval pIoU as 82.60%
2021-12-05 13:19:55,942 - main.py[line:181] - INFO: Epoch: 67 ; eval pIoU: 82.61%; eval cIoU: 76.10%; train pIoU: 84.18%; train cIoU: 78.17%
2021-12-05 13:19:55,946 - main.py[line:186] - INFO: New best model is achieved at epoch 67 with eval pIoU as 82.61%
2021-12-05 13:23:07,215 - main.py[line:181] - INFO: Epoch: 68 ; eval pIoU: 82.58%; eval cIoU: 75.43%; train pIoU: 84.39%; train cIoU: 78.06%
2021-12-05 13:26:18,476 - main.py[line:181] - INFO: Epoch: 69 ; eval pIoU: 82.17%; eval cIoU: 74.32%; train pIoU: 84.34%; train cIoU: 77.80%
2021-12-05 13:29:29,744 - main.py[line:181] - INFO: Epoch: 70 ; eval pIoU: 82.51%; eval cIoU: 75.82%; train pIoU: 84.48%; train cIoU: 78.45%
2021-12-05 13:32:40,992 - main.py[line:181] - INFO: Epoch: 71 ; eval pIoU: 82.62%; eval cIoU: 75.91%; train pIoU: 84.38%; train cIoU: 78.43%
2021-12-05 13:32:40,996 - main.py[line:186] - INFO: New best model is achieved at epoch 71 with eval pIoU as 82.62%
2021-12-05 13:35:52,247 - main.py[line:181] - INFO: Epoch: 72 ; eval pIoU: 82.67%; eval cIoU: 75.39%; train pIoU: 84.51%; train cIoU: 78.55%
2021-12-05 13:35:52,251 - main.py[line:186] - INFO: New best model is achieved at epoch 72 with eval pIoU as 82.67%
2021-12-05 13:39:03,501 - main.py[line:181] - INFO: Epoch: 73 ; eval pIoU: 83.04%; eval cIoU: 76.68%; train pIoU: 84.57%; train cIoU: 78.63%
2021-12-05 13:39:03,505 - main.py[line:186] - INFO: New best model is achieved at epoch 73 with eval pIoU as 83.04%
2021-12-05 13:42:14,739 - main.py[line:181] - INFO: Epoch: 74 ; eval pIoU: 82.08%; eval cIoU: 76.21%; train pIoU: 84.57%; train cIoU: 78.52%
2021-12-05 13:45:26,011 - main.py[line:181] - INFO: Epoch: 75 ; eval pIoU: 82.93%; eval cIoU: 76.31%; train pIoU: 84.66%; train cIoU: 78.67%
2021-12-05 13:48:37,265 - main.py[line:181] - INFO: Epoch: 76 ; eval pIoU: 82.45%; eval cIoU: 76.49%; train pIoU: 84.76%; train cIoU: 79.05%
2021-12-05 13:51:48,512 - main.py[line:181] - INFO: Epoch: 77 ; eval pIoU: 82.59%; eval cIoU: 76.18%; train pIoU: 84.60%; train cIoU: 78.54%
2021-12-05 13:54:59,756 - main.py[line:181] - INFO: Epoch: 78 ; eval pIoU: 82.61%; eval cIoU: 76.59%; train pIoU: 84.74%; train cIoU: 78.94%
2021-12-05 13:58:11,021 - main.py[line:181] - INFO: Epoch: 79 ; eval pIoU: 82.88%; eval cIoU: 76.93%; train pIoU: 84.80%; train cIoU: 79.10%
2021-12-05 14:01:22,279 - main.py[line:181] - INFO: Epoch: 80 ; eval pIoU: 83.04%; eval cIoU: 77.51%; train pIoU: 84.76%; train cIoU: 79.01%
2021-12-05 14:04:33,540 - main.py[line:181] - INFO: Epoch: 81 ; eval pIoU: 82.75%; eval cIoU: 76.53%; train pIoU: 84.84%; train cIoU: 79.04%
2021-12-05 14:07:44,790 - main.py[line:181] - INFO: Epoch: 82 ; eval pIoU: 82.98%; eval cIoU: 76.41%; train pIoU: 84.77%; train cIoU: 79.02%
2021-12-05 14:10:56,009 - main.py[line:181] - INFO: Epoch: 83 ; eval pIoU: 82.74%; eval cIoU: 76.94%; train pIoU: 84.88%; train cIoU: 79.19%
2021-12-05 14:14:07,236 - main.py[line:181] - INFO: Epoch: 84 ; eval pIoU: 82.59%; eval cIoU: 76.16%; train pIoU: 84.92%; train cIoU: 79.22%
2021-12-05 14:17:18,503 - main.py[line:181] - INFO: Epoch: 85 ; eval pIoU: 82.85%; eval cIoU: 77.04%; train pIoU: 84.96%; train cIoU: 79.52%
2021-12-05 14:20:29,819 - main.py[line:181] - INFO: Epoch: 86 ; eval pIoU: 83.37%; eval cIoU: 77.66%; train pIoU: 85.02%; train cIoU: 79.26%
2021-12-05 14:20:29,823 - main.py[line:186] - INFO: New best model is achieved at epoch 86 with eval pIoU as 83.37%
2021-12-05 14:23:41,103 - main.py[line:181] - INFO: Epoch: 87 ; eval pIoU: 83.13%; eval cIoU: 76.98%; train pIoU: 85.04%; train cIoU: 79.50%
2021-12-05 14:26:52,370 - main.py[line:181] - INFO: Epoch: 88 ; eval pIoU: 82.73%; eval cIoU: 77.13%; train pIoU: 85.07%; train cIoU: 79.23%
2021-12-05 14:30:03,678 - main.py[line:181] - INFO: Epoch: 89 ; eval pIoU: 83.16%; eval cIoU: 76.48%; train pIoU: 85.07%; train cIoU: 79.62%
2021-12-05 14:33:14,866 - main.py[line:181] - INFO: Epoch: 90 ; eval pIoU: 83.15%; eval cIoU: 76.87%; train pIoU: 85.15%; train cIoU: 79.75%
2021-12-05 14:36:25,987 - main.py[line:181] - INFO: Epoch: 91 ; eval pIoU: 82.58%; eval cIoU: 77.08%; train pIoU: 85.05%; train cIoU: 79.60%
2021-12-05 14:39:37,136 - main.py[line:181] - INFO: Epoch: 92 ; eval pIoU: 82.47%; eval cIoU: 76.79%; train pIoU: 85.20%; train cIoU: 79.87%
2021-12-05 14:42:48,281 - main.py[line:181] - INFO: Epoch: 93 ; eval pIoU: 83.47%; eval cIoU: 78.02%; train pIoU: 85.09%; train cIoU: 79.77%
2021-12-05 14:42:48,285 - main.py[line:186] - INFO: New best model is achieved at epoch 93 with eval pIoU as 83.47%
2021-12-05 14:45:59,470 - main.py[line:181] - INFO: Epoch: 94 ; eval pIoU: 83.18%; eval cIoU: 77.12%; train pIoU: 85.34%; train cIoU: 79.99%
2021-12-05 14:49:10,706 - main.py[line:181] - INFO: Epoch: 95 ; eval pIoU: 82.85%; eval cIoU: 76.92%; train pIoU: 85.25%; train cIoU: 80.23%
2021-12-05 14:52:21,930 - main.py[line:181] - INFO: Epoch: 96 ; eval pIoU: 83.47%; eval cIoU: 77.76%; train pIoU: 85.31%; train cIoU: 80.06%
2021-12-05 14:52:21,934 - main.py[line:186] - INFO: New best model is achieved at epoch 96 with eval pIoU as 83.47%
2021-12-05 14:55:33,174 - main.py[line:181] - INFO: Epoch: 97 ; eval pIoU: 82.91%; eval cIoU: 77.54%; train pIoU: 85.23%; train cIoU: 79.86%
2021-12-05 14:58:44,430 - main.py[line:181] - INFO: Epoch: 98 ; eval pIoU: 83.38%; eval cIoU: 77.84%; train pIoU: 85.46%; train cIoU: 80.37%
2021-12-05 15:01:55,620 - main.py[line:181] - INFO: Epoch: 99 ; eval pIoU: 83.32%; eval cIoU: 76.57%; train pIoU: 85.42%; train cIoU: 80.21%
2021-12-05 15:05:06,778 - main.py[line:181] - INFO: Epoch: 100; eval pIoU: 83.21%; eval cIoU: 77.37%; train pIoU: 85.47%; train cIoU: 80.49%
2021-12-05 15:08:17,942 - main.py[line:181] - INFO: Epoch: 101; eval pIoU: 83.02%; eval cIoU: 77.25%; train pIoU: 85.51%; train cIoU: 80.36%
2021-12-05 15:11:29,077 - main.py[line:181] - INFO: Epoch: 102; eval pIoU: 83.23%; eval cIoU: 76.53%; train pIoU: 85.49%; train cIoU: 80.20%
2021-12-05 15:14:40,229 - main.py[line:181] - INFO: Epoch: 103; eval pIoU: 83.02%; eval cIoU: 77.65%; train pIoU: 85.42%; train cIoU: 80.23%
2021-12-05 15:17:51,412 - main.py[line:181] - INFO: Epoch: 104; eval pIoU: 83.21%; eval cIoU: 78.25%; train pIoU: 85.49%; train cIoU: 80.31%
2021-12-05 15:21:02,575 - main.py[line:181] - INFO: Epoch: 105; eval pIoU: 82.96%; eval cIoU: 77.31%; train pIoU: 85.57%; train cIoU: 80.66%
2021-12-05 15:24:13,750 - main.py[line:181] - INFO: Epoch: 106; eval pIoU: 82.64%; eval cIoU: 76.24%; train pIoU: 85.47%; train cIoU: 80.18%
2021-12-05 15:27:24,914 - main.py[line:181] - INFO: Epoch: 107; eval pIoU: 83.49%; eval cIoU: 78.27%; train pIoU: 85.60%; train cIoU: 80.55%
2021-12-05 15:27:24,917 - main.py[line:186] - INFO: New best model is achieved at epoch 107 with eval pIoU as 83.49%
2021-12-05 15:30:36,076 - main.py[line:181] - INFO: Epoch: 108; eval pIoU: 82.97%; eval cIoU: 76.93%; train pIoU: 85.62%; train cIoU: 80.46%
2021-12-05 15:33:47,233 - main.py[line:181] - INFO: Epoch: 109; eval pIoU: 82.76%; eval cIoU: 76.78%; train pIoU: 85.63%; train cIoU: 80.58%
2021-12-05 15:36:58,410 - main.py[line:181] - INFO: Epoch: 110; eval pIoU: 82.88%; eval cIoU: 77.11%; train pIoU: 85.66%; train cIoU: 80.89%
2021-12-05 15:40:09,699 - main.py[line:181] - INFO: Epoch: 111; eval pIoU: 83.38%; eval cIoU: 77.67%; train pIoU: 85.73%; train cIoU: 80.82%
2021-12-05 15:43:21,017 - main.py[line:181] - INFO: Epoch: 112; eval pIoU: 83.63%; eval cIoU: 77.35%; train pIoU: 85.64%; train cIoU: 80.75%
2021-12-05 15:43:21,021 - main.py[line:186] - INFO: New best model is achieved at epoch 112 with eval pIoU as 83.63%
2021-12-05 15:46:32,273 - main.py[line:181] - INFO: Epoch: 113; eval pIoU: 83.48%; eval cIoU: 76.98%; train pIoU: 85.62%; train cIoU: 80.33%
2021-12-05 15:49:43,554 - main.py[line:181] - INFO: Epoch: 114; eval pIoU: 83.54%; eval cIoU: 78.08%; train pIoU: 85.72%; train cIoU: 80.65%
2021-12-05 15:52:54,753 - main.py[line:181] - INFO: Epoch: 115; eval pIoU: 83.56%; eval cIoU: 78.23%; train pIoU: 85.75%; train cIoU: 80.76%
2021-12-05 15:56:05,929 - main.py[line:181] - INFO: Epoch: 116; eval pIoU: 83.47%; eval cIoU: 78.65%; train pIoU: 85.80%; train cIoU: 80.89%
2021-12-05 15:59:17,111 - main.py[line:181] - INFO: Epoch: 117; eval pIoU: 83.56%; eval cIoU: 78.31%; train pIoU: 85.76%; train cIoU: 80.90%
2021-12-05 16:02:28,371 - main.py[line:181] - INFO: Epoch: 118; eval pIoU: 83.18%; eval cIoU: 77.48%; train pIoU: 85.88%; train cIoU: 80.97%
2021-12-05 16:05:39,655 - main.py[line:181] - INFO: Epoch: 119; eval pIoU: 83.64%; eval cIoU: 78.75%; train pIoU: 85.86%; train cIoU: 80.94%
2021-12-05 16:05:39,659 - main.py[line:186] - INFO: New best model is achieved at epoch 119 with eval pIoU as 83.64%
2021-12-05 16:08:50,972 - main.py[line:181] - INFO: Epoch: 120; eval pIoU: 83.82%; eval cIoU: 78.68%; train pIoU: 85.77%; train cIoU: 81.05%
2021-12-05 16:08:50,975 - main.py[line:186] - INFO: New best model is achieved at epoch 120 with eval pIoU as 83.82%
2021-12-05 16:12:02,260 - main.py[line:181] - INFO: Epoch: 121; eval pIoU: 83.11%; eval cIoU: 78.03%; train pIoU: 85.77%; train cIoU: 80.84%
2021-12-05 16:15:13,501 - main.py[line:181] - INFO: Epoch: 122; eval pIoU: 83.62%; eval cIoU: 78.27%; train pIoU: 85.83%; train cIoU: 80.94%
2021-12-05 16:18:24,688 - main.py[line:181] - INFO: Epoch: 123; eval pIoU: 83.22%; eval cIoU: 77.75%; train pIoU: 85.82%; train cIoU: 80.89%
2021-12-05 16:21:35,850 - main.py[line:181] - INFO: Epoch: 124; eval pIoU: 84.01%; eval cIoU: 78.68%; train pIoU: 85.99%; train cIoU: 81.17%
2021-12-05 16:21:35,853 - main.py[line:186] - INFO: New best model is achieved at epoch 124 with eval pIoU as 84.01%
2021-12-05 16:24:47,049 - main.py[line:181] - INFO: Epoch: 125; eval pIoU: 83.41%; eval cIoU: 77.66%; train pIoU: 86.04%; train cIoU: 81.02%
2021-12-05 16:27:58,226 - main.py[line:181] - INFO: Epoch: 126; eval pIoU: 83.44%; eval cIoU: 77.73%; train pIoU: 85.94%; train cIoU: 80.95%
2021-12-05 16:31:09,429 - main.py[line:181] - INFO: Epoch: 127; eval pIoU: 83.65%; eval cIoU: 78.69%; train pIoU: 85.91%; train cIoU: 81.03%
2021-12-05 16:34:20,645 - main.py[line:181] - INFO: Epoch: 128; eval pIoU: 83.17%; eval cIoU: 77.85%; train pIoU: 86.03%; train cIoU: 81.28%
2021-12-05 16:37:31,856 - main.py[line:181] - INFO: Epoch: 129; eval pIoU: 83.83%; eval cIoU: 78.66%; train pIoU: 85.90%; train cIoU: 80.93%
2021-12-05 16:40:43,017 - main.py[line:181] - INFO: Epoch: 130; eval pIoU: 83.54%; eval cIoU: 77.83%; train pIoU: 86.01%; train cIoU: 81.48%
2021-12-05 16:43:54,209 - main.py[line:181] - INFO: Epoch: 131; eval pIoU: 83.75%; eval cIoU: 78.02%; train pIoU: 85.90%; train cIoU: 80.97%
2021-12-05 16:47:05,393 - main.py[line:181] - INFO: Epoch: 132; eval pIoU: 83.82%; eval cIoU: 77.78%; train pIoU: 86.01%; train cIoU: 81.15%
2021-12-05 16:50:16,603 - main.py[line:181] - INFO: Epoch: 133; eval pIoU: 83.22%; eval cIoU: 77.52%; train pIoU: 86.18%; train cIoU: 81.68%
2021-12-05 16:53:27,769 - main.py[line:181] - INFO: Epoch: 134; eval pIoU: 83.52%; eval cIoU: 77.52%; train pIoU: 86.16%; train cIoU: 81.50%
2021-12-05 16:56:38,941 - main.py[line:181] - INFO: Epoch: 135; eval pIoU: 83.24%; eval cIoU: 78.83%; train pIoU: 86.26%; train cIoU: 81.78%
2021-12-05 16:59:50,086 - main.py[line:181] - INFO: Epoch: 136; eval pIoU: 83.90%; eval cIoU: 78.94%; train pIoU: 86.22%; train cIoU: 81.54%
2021-12-05 17:03:01,904 - main.py[line:181] - INFO: Epoch: 137; eval pIoU: 82.32%; eval cIoU: 77.20%; train pIoU: 85.97%; train cIoU: 81.41%
2021-12-05 17:06:13,766 - main.py[line:181] - INFO: Epoch: 138; eval pIoU: 83.42%; eval cIoU: 77.73%; train pIoU: 86.14%; train cIoU: 81.47%
2021-12-05 17:09:25,014 - main.py[line:181] - INFO: Epoch: 139; eval pIoU: 83.87%; eval cIoU: 78.79%; train pIoU: 86.22%; train cIoU: 81.89%
2021-12-05 17:12:36,199 - main.py[line:181] - INFO: Epoch: 140; eval pIoU: 81.03%; eval cIoU: 75.41%; train pIoU: 86.27%; train cIoU: 81.76%
2021-12-05 17:15:47,435 - main.py[line:181] - INFO: Epoch: 141; eval pIoU: 83.68%; eval cIoU: 78.34%; train pIoU: 85.77%; train cIoU: 80.88%
2021-12-05 17:18:58,649 - main.py[line:181] - INFO: Epoch: 142; eval pIoU: 83.67%; eval cIoU: 78.18%; train pIoU: 86.06%; train cIoU: 81.33%
2021-12-05 17:22:09,824 - main.py[line:181] - INFO: Epoch: 143; eval pIoU: 83.57%; eval cIoU: 78.26%; train pIoU: 86.10%; train cIoU: 81.37%
2021-12-05 17:25:21,070 - main.py[line:181] - INFO: Epoch: 144; eval pIoU: 84.09%; eval cIoU: 78.95%; train pIoU: 86.14%; train cIoU: 81.32%
2021-12-05 17:25:21,074 - main.py[line:186] - INFO: New best model is achieved at epoch 144 with eval pIoU as 84.09%
2021-12-05 17:28:32,314 - main.py[line:181] - INFO: Epoch: 145; eval pIoU: 83.88%; eval cIoU: 79.13%; train pIoU: 86.44%; train cIoU: 82.02%
2021-12-05 17:31:43,624 - main.py[line:181] - INFO: Epoch: 146; eval pIoU: 83.85%; eval cIoU: 78.69%; train pIoU: 86.40%; train cIoU: 81.99%
2021-12-05 17:34:54,872 - main.py[line:181] - INFO: Epoch: 147; eval pIoU: 83.21%; eval cIoU: 77.91%; train pIoU: 86.36%; train cIoU: 82.19%
2021-12-05 17:38:06,128 - main.py[line:181] - INFO: Epoch: 148; eval pIoU: 83.39%; eval cIoU: 77.88%; train pIoU: 86.42%; train cIoU: 82.05%
2021-12-05 17:41:17,388 - main.py[line:181] - INFO: Epoch: 149; eval pIoU: 83.95%; eval cIoU: 79.73%; train pIoU: 86.41%; train cIoU: 82.12%
2021-12-05 17:44:28,654 - main.py[line:181] - INFO: Epoch: 150; eval pIoU: 83.59%; eval cIoU: 78.83%; train pIoU: 86.51%; train cIoU: 82.37%
2021-12-05 17:47:39,869 - main.py[line:181] - INFO: Epoch: 151; eval pIoU: 83.80%; eval cIoU: 78.41%; train pIoU: 86.48%; train cIoU: 82.03%
2021-12-05 17:50:51,438 - main.py[line:181] - INFO: Epoch: 152; eval pIoU: 83.54%; eval cIoU: 78.37%; train pIoU: 86.51%; train cIoU: 82.05%
2021-12-05 17:54:03,400 - main.py[line:181] - INFO: Epoch: 153; eval pIoU: 83.45%; eval cIoU: 78.15%; train pIoU: 86.29%; train cIoU: 82.01%
2021-12-05 17:57:15,704 - main.py[line:181] - INFO: Epoch: 154; eval pIoU: 83.61%; eval cIoU: 78.91%; train pIoU: 86.38%; train cIoU: 81.81%
2021-12-05 18:00:27,908 - main.py[line:181] - INFO: Epoch: 155; eval pIoU: 83.57%; eval cIoU: 78.96%; train pIoU: 86.47%; train cIoU: 81.83%
2021-12-05 18:03:40,233 - main.py[line:181] - INFO: Epoch: 156; eval pIoU: 83.51%; eval cIoU: 77.17%; train pIoU: 86.27%; train cIoU: 81.74%
2021-12-05 18:06:52,376 - main.py[line:181] - INFO: Epoch: 157; eval pIoU: 83.69%; eval cIoU: 78.16%; train pIoU: 86.43%; train cIoU: 81.96%
2021-12-05 18:10:04,802 - main.py[line:181] - INFO: Epoch: 158; eval pIoU: 84.00%; eval cIoU: 79.36%; train pIoU: 86.59%; train cIoU: 82.17%
2021-12-05 18:13:16,949 - main.py[line:181] - INFO: Epoch: 159; eval pIoU: 83.57%; eval cIoU: 78.33%; train pIoU: 86.59%; train cIoU: 82.25%
2021-12-05 18:16:28,310 - main.py[line:181] - INFO: Epoch: 160; eval pIoU: 83.71%; eval cIoU: 78.32%; train pIoU: 86.37%; train cIoU: 81.84%
2021-12-05 18:19:39,508 - main.py[line:181] - INFO: Epoch: 161; eval pIoU: 84.07%; eval cIoU: 78.94%; train pIoU: 86.40%; train cIoU: 82.07%
2021-12-05 18:22:50,655 - main.py[line:181] - INFO: Epoch: 162; eval pIoU: 83.29%; eval cIoU: 78.68%; train pIoU: 86.55%; train cIoU: 82.14%
2021-12-05 18:26:01,802 - main.py[line:181] - INFO: Epoch: 163; eval pIoU: 83.97%; eval cIoU: 79.01%; train pIoU: 86.34%; train cIoU: 82.00%
2021-12-05 18:29:12,951 - main.py[line:181] - INFO: Epoch: 164; eval pIoU: 84.06%; eval cIoU: 79.18%; train pIoU: 86.68%; train cIoU: 82.39%
2021-12-05 18:32:24,103 - main.py[line:181] - INFO: Epoch: 165; eval pIoU: 83.37%; eval cIoU: 78.72%; train pIoU: 86.59%; train cIoU: 82.30%
2021-12-05 18:35:35,243 - main.py[line:181] - INFO: Epoch: 166; eval pIoU: 83.74%; eval cIoU: 78.90%; train pIoU: 86.68%; train cIoU: 82.37%
2021-12-05 18:38:46,388 - main.py[line:181] - INFO: Epoch: 167; eval pIoU: 84.14%; eval cIoU: 79.26%; train pIoU: 86.80%; train cIoU: 82.44%
2021-12-05 18:38:46,392 - main.py[line:186] - INFO: New best model is achieved at epoch 167 with eval pIoU as 84.14%
2021-12-05 18:41:57,543 - main.py[line:181] - INFO: Epoch: 168; eval pIoU: 83.55%; eval cIoU: 78.69%; train pIoU: 86.44%; train cIoU: 82.17%
2021-12-05 18:45:08,688 - main.py[line:181] - INFO: Epoch: 169; eval pIoU: 83.65%; eval cIoU: 79.55%; train pIoU: 86.68%; train cIoU: 82.43%
2021-12-05 18:48:19,833 - main.py[line:181] - INFO: Epoch: 170; eval pIoU: 83.15%; eval cIoU: 78.69%; train pIoU: 86.55%; train cIoU: 82.67%
2021-12-05 18:51:30,998 - main.py[line:181] - INFO: Epoch: 171; eval pIoU: 83.71%; eval cIoU: 78.49%; train pIoU: 86.65%; train cIoU: 82.37%
2021-12-05 18:54:42,136 - main.py[line:181] - INFO: Epoch: 172; eval pIoU: 84.11%; eval cIoU: 78.33%; train pIoU: 86.59%; train cIoU: 82.55%
2021-12-05 18:57:53,259 - main.py[line:181] - INFO: Epoch: 173; eval pIoU: 84.07%; eval cIoU: 78.94%; train pIoU: 86.39%; train cIoU: 82.29%
2021-12-05 19:01:04,395 - main.py[line:181] - INFO: Epoch: 174; eval pIoU: 83.90%; eval cIoU: 78.82%; train pIoU: 86.76%; train cIoU: 82.48%
2021-12-05 19:04:15,540 - main.py[line:181] - INFO: Epoch: 175; eval pIoU: 83.85%; eval cIoU: 78.73%; train pIoU: 86.52%; train cIoU: 82.41%
2021-12-05 19:07:26,675 - main.py[line:181] - INFO: Epoch: 176; eval pIoU: 84.17%; eval cIoU: 78.79%; train pIoU: 86.82%; train cIoU: 82.58%
2021-12-05 19:07:26,679 - main.py[line:186] - INFO: New best model is achieved at epoch 176 with eval pIoU as 84.17%
2021-12-05 19:10:37,827 - main.py[line:181] - INFO: Epoch: 177; eval pIoU: 83.89%; eval cIoU: 79.47%; train pIoU: 86.87%; train cIoU: 82.78%
2021-12-05 19:13:48,973 - main.py[line:181] - INFO: Epoch: 178; eval pIoU: 83.94%; eval cIoU: 78.85%; train pIoU: 86.88%; train cIoU: 82.91%
2021-12-05 19:17:00,111 - main.py[line:181] - INFO: Epoch: 179; eval pIoU: 83.97%; eval cIoU: 79.53%; train pIoU: 86.78%; train cIoU: 82.86%
2021-12-05 19:20:11,257 - main.py[line:181] - INFO: Epoch: 180; eval pIoU: 83.44%; eval cIoU: 77.15%; train pIoU: 86.90%; train cIoU: 82.73%
2021-12-05 19:23:22,393 - main.py[line:181] - INFO: Epoch: 181; eval pIoU: 83.88%; eval cIoU: 78.91%; train pIoU: 86.95%; train cIoU: 82.73%
2021-12-05 19:26:33,800 - main.py[line:181] - INFO: Epoch: 182; eval pIoU: 84.06%; eval cIoU: 79.26%; train pIoU: 86.93%; train cIoU: 82.83%
2021-12-05 19:29:45,698 - main.py[line:181] - INFO: Epoch: 183; eval pIoU: 83.76%; eval cIoU: 78.99%; train pIoU: 87.01%; train cIoU: 83.06%
2021-12-05 19:32:57,599 - main.py[line:181] - INFO: Epoch: 184; eval pIoU: 83.85%; eval cIoU: 78.64%; train pIoU: 87.22%; train cIoU: 82.94%
2021-12-05 19:36:09,503 - main.py[line:181] - INFO: Epoch: 185; eval pIoU: 83.70%; eval cIoU: 78.91%; train pIoU: 87.02%; train cIoU: 83.19%
2021-12-05 19:39:21,671 - main.py[line:181] - INFO: Epoch: 186; eval pIoU: 83.84%; eval cIoU: 79.23%; train pIoU: 87.04%; train cIoU: 83.03%
2021-12-05 19:42:33,606 - main.py[line:181] - INFO: Epoch: 187; eval pIoU: 83.80%; eval cIoU: 78.70%; train pIoU: 86.82%; train cIoU: 82.85%
2021-12-05 19:45:45,530 - main.py[line:181] - INFO: Epoch: 188; eval pIoU: 83.16%; eval cIoU: 79.01%; train pIoU: 86.67%; train cIoU: 82.85%
2021-12-05 19:48:57,615 - main.py[line:181] - INFO: Epoch: 189; eval pIoU: 83.36%; eval cIoU: 78.54%; train pIoU: 86.69%; train cIoU: 82.65%
2021-12-05 19:52:09,717 - main.py[line:181] - INFO: Epoch: 190; eval pIoU: 83.64%; eval cIoU: 77.99%; train pIoU: 86.83%; train cIoU: 82.71%
2021-12-05 19:55:21,767 - main.py[line:181] - INFO: Epoch: 191; eval pIoU: 83.49%; eval cIoU: 78.80%; train pIoU: 86.00%; train cIoU: 81.16%
2021-12-05 19:58:34,338 - main.py[line:181] - INFO: Epoch: 192; eval pIoU: 84.10%; eval cIoU: 78.68%; train pIoU: 86.52%; train cIoU: 82.21%
2021-12-05 20:01:46,598 - main.py[line:181] - INFO: Epoch: 193; eval pIoU: 83.46%; eval cIoU: 78.98%; train pIoU: 86.66%; train cIoU: 82.49%
2021-12-05 20:04:58,842 - main.py[line:181] - INFO: Epoch: 194; eval pIoU: 84.23%; eval cIoU: 79.45%; train pIoU: 86.68%; train cIoU: 82.78%
2021-12-05 20:04:58,845 - main.py[line:186] - INFO: New best model is achieved at epoch 194 with eval pIoU as 84.23%
2021-12-05 20:08:10,752 - main.py[line:181] - INFO: Epoch: 195; eval pIoU: 84.04%; eval cIoU: 79.54%; train pIoU: 86.99%; train cIoU: 83.01%
2021-12-05 20:11:22,672 - main.py[line:181] - INFO: Epoch: 196; eval pIoU: 83.81%; eval cIoU: 79.57%; train pIoU: 87.26%; train cIoU: 83.47%
2021-12-05 20:14:34,683 - main.py[line:181] - INFO: Epoch: 197; eval pIoU: 83.87%; eval cIoU: 79.22%; train pIoU: 87.13%; train cIoU: 83.50%
2021-12-05 20:17:46,811 - main.py[line:181] - INFO: Epoch: 198; eval pIoU: 84.13%; eval cIoU: 79.46%; train pIoU: 87.06%; train cIoU: 83.49%
2021-12-05 20:20:58,759 - main.py[line:181] - INFO: Epoch: 199; eval pIoU: 83.74%; eval cIoU: 79.19%; train pIoU: 87.07%; train cIoU: 83.18%
2021-12-05 20:24:10,411 - main.py[line:181] - INFO: Epoch: 200; eval pIoU: 83.35%; eval cIoU: 78.56%; train pIoU: 86.76%; train cIoU: 82.53%
2021-12-05 20:27:21,624 - main.py[line:181] - INFO: Epoch: 201; eval pIoU: 84.65%; eval cIoU: 80.32%; train pIoU: 87.59%; train cIoU: 84.03%
2021-12-05 20:27:21,628 - main.py[line:186] - INFO: New best model is achieved at epoch 201 with eval pIoU as 84.65%
2021-12-05 20:30:32,876 - main.py[line:181] - INFO: Epoch: 202; eval pIoU: 84.63%; eval cIoU: 80.33%; train pIoU: 88.11%; train cIoU: 84.62%
2021-12-05 20:33:44,132 - main.py[line:181] - INFO: Epoch: 203; eval pIoU: 84.72%; eval cIoU: 80.38%; train pIoU: 88.22%; train cIoU: 84.71%
2021-12-05 20:33:44,136 - main.py[line:186] - INFO: New best model is achieved at epoch 203 with eval pIoU as 84.72%
2021-12-05 20:36:55,413 - main.py[line:181] - INFO: Epoch: 204; eval pIoU: 84.81%; eval cIoU: 80.62%; train pIoU: 88.30%; train cIoU: 85.03%
2021-12-05 20:36:55,417 - main.py[line:186] - INFO: New best model is achieved at epoch 204 with eval pIoU as 84.81%
2021-12-05 20:40:06,681 - main.py[line:181] - INFO: Epoch: 205; eval pIoU: 84.69%; eval cIoU: 80.28%; train pIoU: 88.33%; train cIoU: 85.11%
2021-12-05 20:43:17,929 - main.py[line:181] - INFO: Epoch: 206; eval pIoU: 84.77%; eval cIoU: 80.40%; train pIoU: 88.37%; train cIoU: 85.18%
2021-12-05 20:46:29,168 - main.py[line:181] - INFO: Epoch: 207; eval pIoU: 84.83%; eval cIoU: 80.52%; train pIoU: 88.36%; train cIoU: 85.12%
2021-12-05 20:46:29,172 - main.py[line:186] - INFO: New best model is achieved at epoch 207 with eval pIoU as 84.83%
2021-12-05 20:49:40,412 - main.py[line:181] - INFO: Epoch: 208; eval pIoU: 84.67%; eval cIoU: 80.39%; train pIoU: 88.44%; train cIoU: 85.26%
2021-12-05 20:52:51,641 - main.py[line:181] - INFO: Epoch: 209; eval pIoU: 84.78%; eval cIoU: 80.40%; train pIoU: 88.44%; train cIoU: 85.10%
2021-12-05 20:56:02,879 - main.py[line:181] - INFO: Epoch: 210; eval pIoU: 84.64%; eval cIoU: 80.38%; train pIoU: 88.49%; train cIoU: 85.32%
2021-12-05 20:59:14,127 - main.py[line:181] - INFO: Epoch: 211; eval pIoU: 84.78%; eval cIoU: 80.33%; train pIoU: 88.51%; train cIoU: 85.34%
2021-12-05 21:02:25,323 - main.py[line:181] - INFO: Epoch: 212; eval pIoU: 84.79%; eval cIoU: 80.64%; train pIoU: 88.51%; train cIoU: 85.41%
2021-12-05 21:05:36,502 - main.py[line:181] - INFO: Epoch: 213; eval pIoU: 84.81%; eval cIoU: 80.51%; train pIoU: 88.51%; train cIoU: 85.32%
2021-12-05 21:08:47,666 - main.py[line:181] - INFO: Epoch: 214; eval pIoU: 84.77%; eval cIoU: 80.37%; train pIoU: 88.50%; train cIoU: 85.26%
2021-12-05 21:11:58,854 - main.py[line:181] - INFO: Epoch: 215; eval pIoU: 84.69%; eval cIoU: 80.24%; train pIoU: 88.53%; train cIoU: 85.34%
2021-12-05 21:15:10,139 - main.py[line:181] - INFO: Epoch: 216; eval pIoU: 84.73%; eval cIoU: 80.42%; train pIoU: 88.57%; train cIoU: 85.34%
2021-12-05 21:18:21,477 - main.py[line:181] - INFO: Epoch: 217; eval pIoU: 84.79%; eval cIoU: 80.44%; train pIoU: 88.59%; train cIoU: 85.33%
2021-12-05 21:21:32,767 - main.py[line:181] - INFO: Epoch: 218; eval pIoU: 84.83%; eval cIoU: 80.43%; train pIoU: 88.58%; train cIoU: 85.59%
2021-12-05 21:24:44,010 - main.py[line:181] - INFO: Epoch: 219; eval pIoU: 84.79%; eval cIoU: 80.67%; train pIoU: 88.62%; train cIoU: 85.66%
2021-12-05 21:27:55,184 - main.py[line:181] - INFO: Epoch: 220; eval pIoU: 84.75%; eval cIoU: 80.31%; train pIoU: 88.64%; train cIoU: 85.56%
2021-12-05 21:31:06,361 - main.py[line:181] - INFO: Epoch: 221; eval pIoU: 84.61%; eval cIoU: 80.23%; train pIoU: 88.63%; train cIoU: 85.52%
2021-12-05 21:34:17,522 - main.py[line:181] - INFO: Epoch: 222; eval pIoU: 84.69%; eval cIoU: 80.52%; train pIoU: 88.66%; train cIoU: 85.66%
2021-12-05 21:37:28,652 - main.py[line:181] - INFO: Epoch: 223; eval pIoU: 84.67%; eval cIoU: 80.42%; train pIoU: 88.65%; train cIoU: 85.53%
2021-12-05 21:40:39,815 - main.py[line:181] - INFO: Epoch: 224; eval pIoU: 84.75%; eval cIoU: 80.57%; train pIoU: 88.64%; train cIoU: 85.60%
2021-12-05 21:43:51,009 - main.py[line:181] - INFO: Epoch: 225; eval pIoU: 84.81%; eval cIoU: 80.47%; train pIoU: 88.65%; train cIoU: 85.58%
2021-12-05 21:47:02,225 - main.py[line:181] - INFO: Epoch: 226; eval pIoU: 84.71%; eval cIoU: 80.43%; train pIoU: 88.67%; train cIoU: 85.45%
2021-12-05 21:50:13,526 - main.py[line:181] - INFO: Epoch: 227; eval pIoU: 84.74%; eval cIoU: 80.55%; train pIoU: 88.67%; train cIoU: 85.63%
2021-12-05 21:53:24,831 - main.py[line:181] - INFO: Epoch: 228; eval pIoU: 84.83%; eval cIoU: 80.51%; train pIoU: 88.69%; train cIoU: 85.56%
2021-12-05 21:56:36,058 - main.py[line:181] - INFO: Epoch: 229; eval pIoU: 84.80%; eval cIoU: 80.57%; train pIoU: 88.68%; train cIoU: 85.59%
2021-12-05 21:59:47,318 - main.py[line:181] - INFO: Epoch: 230; eval pIoU: 84.77%; eval cIoU: 80.56%; train pIoU: 88.72%; train cIoU: 85.78%
2021-12-05 22:02:58,602 - main.py[line:181] - INFO: Epoch: 231; eval pIoU: 84.79%; eval cIoU: 80.43%; train pIoU: 88.68%; train cIoU: 85.74%
2021-12-05 22:06:10,844 - main.py[line:181] - INFO: Epoch: 232; eval pIoU: 84.82%; eval cIoU: 80.42%; train pIoU: 88.67%; train cIoU: 85.60%
2021-12-05 22:09:22,392 - main.py[line:181] - INFO: Epoch: 233; eval pIoU: 84.76%; eval cIoU: 80.50%; train pIoU: 88.71%; train cIoU: 85.70%
2021-12-05 22:12:33,739 - main.py[line:181] - INFO: Epoch: 234; eval pIoU: 84.85%; eval cIoU: 80.65%; train pIoU: 88.70%; train cIoU: 85.72%
2021-12-05 22:12:33,742 - main.py[line:186] - INFO: New best model is achieved at epoch 234 with eval pIoU as 84.85%
2021-12-05 22:15:45,158 - main.py[line:181] - INFO: Epoch: 235; eval pIoU: 84.70%; eval cIoU: 80.51%; train pIoU: 88.72%; train cIoU: 85.71%
2021-12-05 22:18:57,284 - main.py[line:181] - INFO: Epoch: 236; eval pIoU: 84.87%; eval cIoU: 80.60%; train pIoU: 88.74%; train cIoU: 85.71%
2021-12-05 22:18:57,287 - main.py[line:186] - INFO: New best model is achieved at epoch 236 with eval pIoU as 84.87%
2021-12-05 22:22:08,905 - main.py[line:181] - INFO: Epoch: 237; eval pIoU: 84.83%; eval cIoU: 80.69%; train pIoU: 88.75%; train cIoU: 85.87%
2021-12-05 22:25:20,186 - main.py[line:181] - INFO: Epoch: 238; eval pIoU: 84.73%; eval cIoU: 80.74%; train pIoU: 88.74%; train cIoU: 85.71%
2021-12-05 22:28:31,499 - main.py[line:181] - INFO: Epoch: 239; eval pIoU: 84.77%; eval cIoU: 80.63%; train pIoU: 88.80%; train cIoU: 85.85%
2021-12-05 22:31:42,782 - main.py[line:181] - INFO: Epoch: 240; eval pIoU: 84.83%; eval cIoU: 80.47%; train pIoU: 88.76%; train cIoU: 85.72%
2021-12-05 22:34:54,033 - main.py[line:181] - INFO: Epoch: 241; eval pIoU: 84.82%; eval cIoU: 80.50%; train pIoU: 88.78%; train cIoU: 85.84%
2021-12-05 22:38:05,263 - main.py[line:181] - INFO: Epoch: 242; eval pIoU: 84.83%; eval cIoU: 80.61%; train pIoU: 88.75%; train cIoU: 85.69%
2021-12-05 22:41:16,490 - main.py[line:181] - INFO: Epoch: 243; eval pIoU: 84.80%; eval cIoU: 80.63%; train pIoU: 88.79%; train cIoU: 85.88%
2021-12-05 22:44:27,730 - main.py[line:181] - INFO: Epoch: 244; eval pIoU: 84.80%; eval cIoU: 80.53%; train pIoU: 88.81%; train cIoU: 85.73%
2021-12-05 22:47:38,994 - main.py[line:181] - INFO: Epoch: 245; eval pIoU: 84.75%; eval cIoU: 80.46%; train pIoU: 88.80%; train cIoU: 85.85%
2021-12-05 22:50:50,243 - main.py[line:181] - INFO: Epoch: 246; eval pIoU: 84.84%; eval cIoU: 80.51%; train pIoU: 88.77%; train cIoU: 85.73%
2021-12-05 22:54:01,581 - main.py[line:181] - INFO: Epoch: 247; eval pIoU: 84.80%; eval cIoU: 80.49%; train pIoU: 88.78%; train cIoU: 85.80%
2021-12-05 22:57:12,825 - main.py[line:181] - INFO: Epoch: 248; eval pIoU: 84.81%; eval cIoU: 80.59%; train pIoU: 88.82%; train cIoU: 85.77%
2021-12-05 23:00:24,027 - main.py[line:181] - INFO: Epoch: 249; eval pIoU: 84.63%; eval cIoU: 80.41%; train pIoU: 88.77%; train cIoU: 85.73%
2021-12-05 23:03:35,301 - main.py[line:181] - INFO: Epoch: 250; eval pIoU: 84.77%; eval cIoU: 80.63%; train pIoU: 88.84%; train cIoU: 85.84%
2021-12-05 23:06:46,629 - main.py[line:181] - INFO: Epoch: 251; eval pIoU: 84.92%; eval cIoU: 80.63%; train pIoU: 88.82%; train cIoU: 85.89%
2021-12-05 23:06:46,633 - main.py[line:186] - INFO: New best model is achieved at epoch 251 with eval pIoU as 84.92%
2021-12-05 23:09:57,924 - main.py[line:181] - INFO: Epoch: 252; eval pIoU: 84.73%; eval cIoU: 80.30%; train pIoU: 88.85%; train cIoU: 85.90%
2021-12-05 23:13:09,225 - main.py[line:181] - INFO: Epoch: 253; eval pIoU: 84.81%; eval cIoU: 80.43%; train pIoU: 88.87%; train cIoU: 85.89%
2021-12-05 23:16:20,531 - main.py[line:181] - INFO: Epoch: 254; eval pIoU: 84.82%; eval cIoU: 80.70%; train pIoU: 88.89%; train cIoU: 85.93%
2021-12-05 23:19:31,813 - main.py[line:181] - INFO: Epoch: 255; eval pIoU: 84.79%; eval cIoU: 80.56%; train pIoU: 88.88%; train cIoU: 85.84%
2021-12-05 23:22:43,116 - main.py[line:181] - INFO: Epoch: 256; eval pIoU: 84.73%; eval cIoU: 80.51%; train pIoU: 88.84%; train cIoU: 85.96%
2021-12-05 23:25:54,432 - main.py[line:181] - INFO: Epoch: 257; eval pIoU: 84.75%; eval cIoU: 80.38%; train pIoU: 88.82%; train cIoU: 85.87%
2021-12-05 23:29:05,810 - main.py[line:181] - INFO: Epoch: 258; eval pIoU: 84.84%; eval cIoU: 80.65%; train pIoU: 88.91%; train cIoU: 86.05%
2021-12-05 23:32:17,156 - main.py[line:181] - INFO: Epoch: 259; eval pIoU: 84.82%; eval cIoU: 80.67%; train pIoU: 88.87%; train cIoU: 85.93%
2021-12-05 23:35:28,383 - main.py[line:181] - INFO: Epoch: 260; eval pIoU: 84.72%; eval cIoU: 80.42%; train pIoU: 88.83%; train cIoU: 85.76%
2021-12-05 23:38:39,600 - main.py[line:181] - INFO: Epoch: 261; eval pIoU: 84.79%; eval cIoU: 80.46%; train pIoU: 88.91%; train cIoU: 85.92%
2021-12-05 23:41:50,798 - main.py[line:181] - INFO: Epoch: 262; eval pIoU: 84.76%; eval cIoU: 80.56%; train pIoU: 88.95%; train cIoU: 86.02%
2021-12-05 23:45:02,005 - main.py[line:181] - INFO: Epoch: 263; eval pIoU: 84.75%; eval cIoU: 80.54%; train pIoU: 88.89%; train cIoU: 86.09%
2021-12-05 23:48:13,291 - main.py[line:181] - INFO: Epoch: 264; eval pIoU: 84.74%; eval cIoU: 80.48%; train pIoU: 88.89%; train cIoU: 85.96%
2021-12-05 23:51:24,595 - main.py[line:181] - INFO: Epoch: 265; eval pIoU: 84.69%; eval cIoU: 80.53%; train pIoU: 88.90%; train cIoU: 85.88%
2021-12-05 23:54:35,857 - main.py[line:181] - INFO: Epoch: 266; eval pIoU: 84.71%; eval cIoU: 80.48%; train pIoU: 88.91%; train cIoU: 86.14%
2021-12-05 23:57:47,061 - main.py[line:181] - INFO: Epoch: 267; eval pIoU: 84.70%; eval cIoU: 80.63%; train pIoU: 88.86%; train cIoU: 86.04%
2021-12-06 00:00:58,372 - main.py[line:181] - INFO: Epoch: 268; eval pIoU: 84.74%; eval cIoU: 80.54%; train pIoU: 88.95%; train cIoU: 86.13%
2021-12-06 00:04:09,648 - main.py[line:181] - INFO: Epoch: 269; eval pIoU: 84.77%; eval cIoU: 80.55%; train pIoU: 88.90%; train cIoU: 86.07%
2021-12-06 00:07:20,904 - main.py[line:181] - INFO: Epoch: 270; eval pIoU: 84.66%; eval cIoU: 80.28%; train pIoU: 88.96%; train cIoU: 86.26%
2021-12-06 00:10:32,161 - main.py[line:181] - INFO: Epoch: 271; eval pIoU: 84.58%; eval cIoU: 80.23%; train pIoU: 88.93%; train cIoU: 86.04%
2021-12-06 00:13:43,415 - main.py[line:181] - INFO: Epoch: 272; eval pIoU: 84.69%; eval cIoU: 80.48%; train pIoU: 88.91%; train cIoU: 86.03%
2021-12-06 00:16:54,678 - main.py[line:181] - INFO: Epoch: 273; eval pIoU: 84.76%; eval cIoU: 80.52%; train pIoU: 88.96%; train cIoU: 86.05%
2021-12-06 00:20:05,922 - main.py[line:181] - INFO: Epoch: 274; eval pIoU: 84.77%; eval cIoU: 80.65%; train pIoU: 89.00%; train cIoU: 86.08%
2021-12-06 00:23:17,137 - main.py[line:181] - INFO: Epoch: 275; eval pIoU: 84.64%; eval cIoU: 80.38%; train pIoU: 88.95%; train cIoU: 86.03%
2021-12-06 00:26:28,402 - main.py[line:181] - INFO: Epoch: 276; eval pIoU: 84.69%; eval cIoU: 80.70%; train pIoU: 88.95%; train cIoU: 86.16%
2021-12-06 00:29:39,686 - main.py[line:181] - INFO: Epoch: 277; eval pIoU: 84.67%; eval cIoU: 80.49%; train pIoU: 88.98%; train cIoU: 86.00%
2021-12-06 00:32:50,939 - main.py[line:181] - INFO: Epoch: 278; eval pIoU: 84.66%; eval cIoU: 80.44%; train pIoU: 88.94%; train cIoU: 85.82%
2021-12-06 00:36:02,220 - main.py[line:181] - INFO: Epoch: 279; eval pIoU: 84.67%; eval cIoU: 80.55%; train pIoU: 88.95%; train cIoU: 86.26%
2021-12-06 00:39:13,508 - main.py[line:181] - INFO: Epoch: 280; eval pIoU: 84.66%; eval cIoU: 80.66%; train pIoU: 88.99%; train cIoU: 86.16%
2021-12-06 00:42:24,739 - main.py[line:181] - INFO: Epoch: 281; eval pIoU: 84.66%; eval cIoU: 80.54%; train pIoU: 88.97%; train cIoU: 86.07%
2021-12-06 00:45:35,947 - main.py[line:181] - INFO: Epoch: 282; eval pIoU: 84.77%; eval cIoU: 80.63%; train pIoU: 88.95%; train cIoU: 85.90%
2021-12-06 00:48:47,157 - main.py[line:181] - INFO: Epoch: 283; eval pIoU: 84.69%; eval cIoU: 80.74%; train pIoU: 89.01%; train cIoU: 86.15%
2021-12-06 00:51:58,370 - main.py[line:181] - INFO: Epoch: 284; eval pIoU: 84.72%; eval cIoU: 80.62%; train pIoU: 88.96%; train cIoU: 85.95%
2021-12-06 00:55:09,651 - main.py[line:181] - INFO: Epoch: 285; eval pIoU: 84.75%; eval cIoU: 80.72%; train pIoU: 88.93%; train cIoU: 86.11%
2021-12-06 00:58:20,895 - main.py[line:181] - INFO: Epoch: 286; eval pIoU: 84.75%; eval cIoU: 80.54%; train pIoU: 89.02%; train cIoU: 86.32%
2021-12-06 01:01:32,108 - main.py[line:181] - INFO: Epoch: 287; eval pIoU: 84.78%; eval cIoU: 80.43%; train pIoU: 89.05%; train cIoU: 86.24%
2021-12-06 01:04:43,355 - main.py[line:181] - INFO: Epoch: 288; eval pIoU: 84.70%; eval cIoU: 80.58%; train pIoU: 89.02%; train cIoU: 86.14%
2021-12-06 01:07:54,631 - main.py[line:181] - INFO: Epoch: 289; eval pIoU: 84.79%; eval cIoU: 80.77%; train pIoU: 89.03%; train cIoU: 86.22%
2021-12-06 01:11:05,903 - main.py[line:181] - INFO: Epoch: 290; eval pIoU: 84.78%; eval cIoU: 80.41%; train pIoU: 89.02%; train cIoU: 86.05%
2021-12-06 01:14:17,197 - main.py[line:181] - INFO: Epoch: 291; eval pIoU: 84.71%; eval cIoU: 80.57%; train pIoU: 89.02%; train cIoU: 86.25%
2021-12-06 01:17:28,397 - main.py[line:181] - INFO: Epoch: 292; eval pIoU: 84.69%; eval cIoU: 80.39%; train pIoU: 89.06%; train cIoU: 86.26%
2021-12-06 01:20:39,619 - main.py[line:181] - INFO: Epoch: 293; eval pIoU: 84.74%; eval cIoU: 80.43%; train pIoU: 89.04%; train cIoU: 86.10%
2021-12-06 01:23:50,815 - main.py[line:181] - INFO: Epoch: 294; eval pIoU: 84.68%; eval cIoU: 80.41%; train pIoU: 89.04%; train cIoU: 86.28%
2021-12-06 01:27:02,049 - main.py[line:181] - INFO: Epoch: 295; eval pIoU: 84.75%; eval cIoU: 80.44%; train pIoU: 89.01%; train cIoU: 86.25%
2021-12-06 01:30:13,229 - main.py[line:181] - INFO: Epoch: 296; eval pIoU: 84.71%; eval cIoU: 80.45%; train pIoU: 89.08%; train cIoU: 86.34%
2021-12-06 01:33:24,472 - main.py[line:181] - INFO: Epoch: 297; eval pIoU: 84.62%; eval cIoU: 80.59%; train pIoU: 89.13%; train cIoU: 86.28%
2021-12-06 01:36:35,710 - main.py[line:181] - INFO: Epoch: 298; eval pIoU: 84.67%; eval cIoU: 80.48%; train pIoU: 89.09%; train cIoU: 86.23%
2021-12-06 01:39:47,042 - main.py[line:181] - INFO: Epoch: 299; eval pIoU: 84.65%; eval cIoU: 80.32%; train pIoU: 89.08%; train cIoU: 86.35%
2021-12-06 01:42:58,323 - main.py[line:181] - INFO: Epoch: 300; eval pIoU: 84.60%; eval cIoU: 80.36%; train pIoU: 89.10%; train cIoU: 86.30%
2021-12-06 01:46:09,607 - main.py[line:181] - INFO: Epoch: 301; eval pIoU: 84.63%; eval cIoU: 80.38%; train pIoU: 89.05%; train cIoU: 86.18%
2021-12-06 01:49:20,909 - main.py[line:181] - INFO: Epoch: 302; eval pIoU: 84.68%; eval cIoU: 80.52%; train pIoU: 89.05%; train cIoU: 86.28%
2021-12-06 01:52:32,196 - main.py[line:181] - INFO: Epoch: 303; eval pIoU: 84.76%; eval cIoU: 80.56%; train pIoU: 89.12%; train cIoU: 86.43%
2021-12-06 01:55:43,470 - main.py[line:181] - INFO: Epoch: 304; eval pIoU: 84.64%; eval cIoU: 80.34%; train pIoU: 89.08%; train cIoU: 86.35%
2021-12-06 01:58:54,739 - main.py[line:181] - INFO: Epoch: 305; eval pIoU: 84.65%; eval cIoU: 80.50%; train pIoU: 89.10%; train cIoU: 86.21%
2021-12-06 02:02:05,980 - main.py[line:181] - INFO: Epoch: 306; eval pIoU: 84.63%; eval cIoU: 80.57%; train pIoU: 89.08%; train cIoU: 86.34%
2021-12-06 02:05:17,212 - main.py[line:181] - INFO: Epoch: 307; eval pIoU: 84.60%; eval cIoU: 80.60%; train pIoU: 89.12%; train cIoU: 86.56%
2021-12-06 02:08:28,482 - main.py[line:181] - INFO: Epoch: 308; eval pIoU: 84.73%; eval cIoU: 80.79%; train pIoU: 89.07%; train cIoU: 86.20%
2021-12-06 02:11:39,743 - main.py[line:181] - INFO: Epoch: 309; eval pIoU: 84.56%; eval cIoU: 80.55%; train pIoU: 89.12%; train cIoU: 86.35%
2021-12-06 02:14:51,005 - main.py[line:181] - INFO: Epoch: 310; eval pIoU: 84.77%; eval cIoU: 80.61%; train pIoU: 89.14%; train cIoU: 86.31%
2021-12-06 02:18:02,285 - main.py[line:181] - INFO: Epoch: 311; eval pIoU: 84.69%; eval cIoU: 80.55%; train pIoU: 89.18%; train cIoU: 86.40%
2021-12-06 02:21:13,524 - main.py[line:181] - INFO: Epoch: 312; eval pIoU: 84.72%; eval cIoU: 80.54%; train pIoU: 89.15%; train cIoU: 86.45%
2021-12-06 02:24:24,797 - main.py[line:181] - INFO: Epoch: 313; eval pIoU: 84.66%; eval cIoU: 80.44%; train pIoU: 89.18%; train cIoU: 86.40%
2021-12-06 02:27:36,053 - main.py[line:181] - INFO: Epoch: 314; eval pIoU: 84.70%; eval cIoU: 80.45%; train pIoU: 89.16%; train cIoU: 86.46%
2021-12-06 02:30:47,331 - main.py[line:181] - INFO: Epoch: 315; eval pIoU: 84.74%; eval cIoU: 80.57%; train pIoU: 89.14%; train cIoU: 86.31%
2021-12-06 02:33:58,652 - main.py[line:181] - INFO: Epoch: 316; eval pIoU: 84.63%; eval cIoU: 80.32%; train pIoU: 89.12%; train cIoU: 86.40%
2021-12-06 02:37:09,976 - main.py[line:181] - INFO: Epoch: 317; eval pIoU: 84.59%; eval cIoU: 80.31%; train pIoU: 89.12%; train cIoU: 86.37%
2021-12-06 02:40:21,270 - main.py[line:181] - INFO: Epoch: 318; eval pIoU: 84.57%; eval cIoU: 80.46%; train pIoU: 89.11%; train cIoU: 86.29%
2021-12-06 02:43:32,538 - main.py[line:181] - INFO: Epoch: 319; eval pIoU: 84.76%; eval cIoU: 80.48%; train pIoU: 89.15%; train cIoU: 86.43%
2021-12-06 02:46:43,847 - main.py[line:181] - INFO: Epoch: 320; eval pIoU: 84.64%; eval cIoU: 80.46%; train pIoU: 89.18%; train cIoU: 86.33%
2021-12-06 02:49:55,126 - main.py[line:181] - INFO: Epoch: 321; eval pIoU: 84.69%; eval cIoU: 80.44%; train pIoU: 89.13%; train cIoU: 86.32%
2021-12-06 02:53:06,402 - main.py[line:181] - INFO: Epoch: 322; eval pIoU: 84.78%; eval cIoU: 80.46%; train pIoU: 89.15%; train cIoU: 86.19%
2021-12-06 02:56:17,681 - main.py[line:181] - INFO: Epoch: 323; eval pIoU: 84.66%; eval cIoU: 80.59%; train pIoU: 89.20%; train cIoU: 86.47%
2021-12-06 02:59:28,960 - main.py[line:181] - INFO: Epoch: 324; eval pIoU: 84.81%; eval cIoU: 80.69%; train pIoU: 89.19%; train cIoU: 86.39%
2021-12-06 03:02:40,207 - main.py[line:181] - INFO: Epoch: 325; eval pIoU: 84.72%; eval cIoU: 80.64%; train pIoU: 89.17%; train cIoU: 86.56%
2021-12-06 03:05:51,438 - main.py[line:181] - INFO: Epoch: 326; eval pIoU: 84.62%; eval cIoU: 80.50%; train pIoU: 89.16%; train cIoU: 86.45%
2021-12-06 03:09:02,703 - main.py[line:181] - INFO: Epoch: 327; eval pIoU: 84.52%; eval cIoU: 80.72%; train pIoU: 89.21%; train cIoU: 86.46%
2021-12-06 03:12:13,954 - main.py[line:181] - INFO: Epoch: 328; eval pIoU: 84.69%; eval cIoU: 80.32%; train pIoU: 89.17%; train cIoU: 86.49%
2021-12-06 03:15:25,182 - main.py[line:181] - INFO: Epoch: 329; eval pIoU: 84.81%; eval cIoU: 80.51%; train pIoU: 89.20%; train cIoU: 86.40%
2021-12-06 03:18:36,459 - main.py[line:181] - INFO: Epoch: 330; eval pIoU: 84.67%; eval cIoU: 80.58%; train pIoU: 89.19%; train cIoU: 86.40%
2021-12-06 03:21:47,761 - main.py[line:181] - INFO: Epoch: 331; eval pIoU: 84.58%; eval cIoU: 80.27%; train pIoU: 89.17%; train cIoU: 86.28%
2021-12-06 03:24:59,073 - main.py[line:181] - INFO: Epoch: 332; eval pIoU: 84.57%; eval cIoU: 80.23%; train pIoU: 89.20%; train cIoU: 86.51%
2021-12-06 03:28:10,311 - main.py[line:181] - INFO: Epoch: 333; eval pIoU: 84.58%; eval cIoU: 80.46%; train pIoU: 89.18%; train cIoU: 86.34%
2021-12-06 03:31:21,600 - main.py[line:181] - INFO: Epoch: 334; eval pIoU: 84.53%; eval cIoU: 80.04%; train pIoU: 89.19%; train cIoU: 86.51%
2021-12-06 03:34:32,871 - main.py[line:181] - INFO: Epoch: 335; eval pIoU: 84.62%; eval cIoU: 80.59%; train pIoU: 89.18%; train cIoU: 86.41%
2021-12-06 03:37:44,140 - main.py[line:181] - INFO: Epoch: 336; eval pIoU: 84.65%; eval cIoU: 80.46%; train pIoU: 89.25%; train cIoU: 86.59%
2021-12-06 03:40:55,410 - main.py[line:181] - INFO: Epoch: 337; eval pIoU: 84.63%; eval cIoU: 80.40%; train pIoU: 89.24%; train cIoU: 86.40%
2021-12-06 03:44:06,673 - main.py[line:181] - INFO: Epoch: 338; eval pIoU: 84.62%; eval cIoU: 80.33%; train pIoU: 89.22%; train cIoU: 86.40%
2021-12-06 03:47:17,937 - main.py[line:181] - INFO: Epoch: 339; eval pIoU: 84.67%; eval cIoU: 80.49%; train pIoU: 89.23%; train cIoU: 86.43%
2021-12-06 03:50:29,192 - main.py[line:181] - INFO: Epoch: 340; eval pIoU: 84.66%; eval cIoU: 80.39%; train pIoU: 89.26%; train cIoU: 86.56%
2021-12-06 03:53:40,500 - main.py[line:181] - INFO: Epoch: 341; eval pIoU: 84.63%; eval cIoU: 80.42%; train pIoU: 89.21%; train cIoU: 86.61%
2021-12-06 03:56:51,740 - main.py[line:181] - INFO: Epoch: 342; eval pIoU: 84.62%; eval cIoU: 80.21%; train pIoU: 89.29%; train cIoU: 86.59%
2021-12-06 04:00:02,984 - main.py[line:181] - INFO: Epoch: 343; eval pIoU: 84.65%; eval cIoU: 80.20%; train pIoU: 89.29%; train cIoU: 86.65%
2021-12-06 04:03:14,254 - main.py[line:181] - INFO: Epoch: 344; eval pIoU: 84.56%; eval cIoU: 80.23%; train pIoU: 89.26%; train cIoU: 86.59%
2021-12-06 04:06:25,486 - main.py[line:181] - INFO: Epoch: 345; eval pIoU: 84.62%; eval cIoU: 80.60%; train pIoU: 89.24%; train cIoU: 86.64%
2021-12-06 04:09:36,729 - main.py[line:181] - INFO: Epoch: 346; eval pIoU: 84.57%; eval cIoU: 80.36%; train pIoU: 89.30%; train cIoU: 86.66%
2021-12-06 04:12:47,950 - main.py[line:181] - INFO: Epoch: 347; eval pIoU: 84.66%; eval cIoU: 80.42%; train pIoU: 89.29%; train cIoU: 86.49%
2021-12-06 04:15:59,185 - main.py[line:181] - INFO: Epoch: 348; eval pIoU: 84.63%; eval cIoU: 80.26%; train pIoU: 89.29%; train cIoU: 86.67%
2021-12-06 04:19:10,441 - main.py[line:181] - INFO: Epoch: 349; eval pIoU: 84.80%; eval cIoU: 80.39%; train pIoU: 89.31%; train cIoU: 86.64%
2021-12-06 04:22:21,665 - main.py[line:181] - INFO: Epoch: 350; eval pIoU: 84.65%; eval cIoU: 80.50%; train pIoU: 89.27%; train cIoU: 86.63%
2021-12-06 04:25:32,937 - main.py[line:181] - INFO: Epoch: 351; eval pIoU: 84.67%; eval cIoU: 80.52%; train pIoU: 89.27%; train cIoU: 86.70%
2021-12-06 04:28:44,238 - main.py[line:181] - INFO: Epoch: 352; eval pIoU: 84.59%; eval cIoU: 80.40%; train pIoU: 89.26%; train cIoU: 86.52%
2021-12-06 04:31:55,516 - main.py[line:181] - INFO: Epoch: 353; eval pIoU: 84.66%; eval cIoU: 80.61%; train pIoU: 89.30%; train cIoU: 86.52%
2021-12-06 04:35:06,819 - main.py[line:181] - INFO: Epoch: 354; eval pIoU: 84.58%; eval cIoU: 80.52%; train pIoU: 89.32%; train cIoU: 86.78%
2021-12-06 04:38:18,146 - main.py[line:181] - INFO: Epoch: 355; eval pIoU: 84.65%; eval cIoU: 80.61%; train pIoU: 89.32%; train cIoU: 86.69%
2021-12-06 04:41:29,445 - main.py[line:181] - INFO: Epoch: 356; eval pIoU: 84.62%; eval cIoU: 80.49%; train pIoU: 89.25%; train cIoU: 86.49%
2021-12-06 04:44:40,729 - main.py[line:181] - INFO: Epoch: 357; eval pIoU: 84.60%; eval cIoU: 80.26%; train pIoU: 89.26%; train cIoU: 86.56%
2021-12-06 04:47:52,024 - main.py[line:181] - INFO: Epoch: 358; eval pIoU: 84.71%; eval cIoU: 80.69%; train pIoU: 89.31%; train cIoU: 86.59%
2021-12-06 04:51:03,348 - main.py[line:181] - INFO: Epoch: 359; eval pIoU: 84.58%; eval cIoU: 80.42%; train pIoU: 89.29%; train cIoU: 86.74%
2021-12-06 04:54:14,664 - main.py[line:181] - INFO: Epoch: 360; eval pIoU: 84.69%; eval cIoU: 80.55%; train pIoU: 89.27%; train cIoU: 86.77%
2021-12-06 04:57:25,879 - main.py[line:181] - INFO: Epoch: 361; eval pIoU: 84.66%; eval cIoU: 80.35%; train pIoU: 89.30%; train cIoU: 86.57%
2021-12-06 05:00:37,151 - main.py[line:181] - INFO: Epoch: 362; eval pIoU: 84.64%; eval cIoU: 80.35%; train pIoU: 89.27%; train cIoU: 86.57%
2021-12-06 05:03:48,373 - main.py[line:181] - INFO: Epoch: 363; eval pIoU: 84.61%; eval cIoU: 80.46%; train pIoU: 89.32%; train cIoU: 86.63%
2021-12-06 05:06:59,617 - main.py[line:181] - INFO: Epoch: 364; eval pIoU: 84.74%; eval cIoU: 80.51%; train pIoU: 89.32%; train cIoU: 86.62%
2021-12-06 05:10:10,819 - main.py[line:181] - INFO: Epoch: 365; eval pIoU: 84.79%; eval cIoU: 80.57%; train pIoU: 89.40%; train cIoU: 86.79%
2021-12-06 05:13:22,030 - main.py[line:181] - INFO: Epoch: 366; eval pIoU: 84.76%; eval cIoU: 80.30%; train pIoU: 89.32%; train cIoU: 86.66%
2021-12-06 05:16:33,313 - main.py[line:181] - INFO: Epoch: 367; eval pIoU: 84.72%; eval cIoU: 80.40%; train pIoU: 89.35%; train cIoU: 86.69%
2021-12-06 05:19:44,588 - main.py[line:181] - INFO: Epoch: 368; eval pIoU: 84.66%; eval cIoU: 80.37%; train pIoU: 89.32%; train cIoU: 86.61%
2021-12-06 05:22:55,848 - main.py[line:181] - INFO: Epoch: 369; eval pIoU: 84.66%; eval cIoU: 80.48%; train pIoU: 89.30%; train cIoU: 86.62%
2021-12-06 05:26:07,119 - main.py[line:181] - INFO: Epoch: 370; eval pIoU: 84.56%; eval cIoU: 80.46%; train pIoU: 89.34%; train cIoU: 86.56%
2021-12-06 05:29:18,393 - main.py[line:181] - INFO: Epoch: 371; eval pIoU: 84.63%; eval cIoU: 80.56%; train pIoU: 89.36%; train cIoU: 86.69%
2021-12-06 05:32:29,631 - main.py[line:181] - INFO: Epoch: 372; eval pIoU: 84.67%; eval cIoU: 80.66%; train pIoU: 89.37%; train cIoU: 86.86%
2021-12-06 05:35:40,864 - main.py[line:181] - INFO: Epoch: 373; eval pIoU: 84.67%; eval cIoU: 80.40%; train pIoU: 89.36%; train cIoU: 86.55%
2021-12-06 05:38:52,130 - main.py[line:181] - INFO: Epoch: 374; eval pIoU: 84.59%; eval cIoU: 80.60%; train pIoU: 89.37%; train cIoU: 86.78%
2021-12-06 05:42:03,389 - main.py[line:181] - INFO: Epoch: 375; eval pIoU: 84.54%; eval cIoU: 80.56%; train pIoU: 89.37%; train cIoU: 86.59%
2021-12-06 05:45:14,684 - main.py[line:181] - INFO: Epoch: 376; eval pIoU: 84.65%; eval cIoU: 80.36%; train pIoU: 89.31%; train cIoU: 86.65%
2021-12-06 05:48:25,976 - main.py[line:181] - INFO: Epoch: 377; eval pIoU: 84.58%; eval cIoU: 80.61%; train pIoU: 89.40%; train cIoU: 86.97%
2021-12-06 05:51:37,232 - main.py[line:181] - INFO: Epoch: 378; eval pIoU: 84.54%; eval cIoU: 80.24%; train pIoU: 89.41%; train cIoU: 86.83%
2021-12-06 05:54:48,480 - main.py[line:181] - INFO: Epoch: 379; eval pIoU: 84.55%; eval cIoU: 80.20%; train pIoU: 89.39%; train cIoU: 86.86%
2021-12-06 05:57:59,689 - main.py[line:181] - INFO: Epoch: 380; eval pIoU: 84.59%; eval cIoU: 80.41%; train pIoU: 89.40%; train cIoU: 86.72%
2021-12-06 06:01:10,958 - main.py[line:181] - INFO: Epoch: 381; eval pIoU: 84.68%; eval cIoU: 80.65%; train pIoU: 89.42%; train cIoU: 86.91%
2021-12-06 06:04:22,161 - main.py[line:181] - INFO: Epoch: 382; eval pIoU: 84.53%; eval cIoU: 80.49%; train pIoU: 89.40%; train cIoU: 86.63%
2021-12-06 06:07:33,452 - main.py[line:181] - INFO: Epoch: 383; eval pIoU: 84.51%; eval cIoU: 80.55%; train pIoU: 89.41%; train cIoU: 86.69%
2021-12-06 06:10:44,743 - main.py[line:181] - INFO: Epoch: 384; eval pIoU: 84.50%; eval cIoU: 80.38%; train pIoU: 89.42%; train cIoU: 86.82%
2021-12-06 06:13:56,013 - main.py[line:181] - INFO: Epoch: 385; eval pIoU: 84.62%; eval cIoU: 80.52%; train pIoU: 89.40%; train cIoU: 86.76%
2021-12-06 06:17:07,296 - main.py[line:181] - INFO: Epoch: 386; eval pIoU: 84.58%; eval cIoU: 80.38%; train pIoU: 89.38%; train cIoU: 86.88%
2021-12-06 06:20:18,634 - main.py[line:181] - INFO: Epoch: 387; eval pIoU: 84.61%; eval cIoU: 80.33%; train pIoU: 89.41%; train cIoU: 86.85%
2021-12-06 06:23:29,940 - main.py[line:181] - INFO: Epoch: 388; eval pIoU: 84.73%; eval cIoU: 80.53%; train pIoU: 89.43%; train cIoU: 86.96%
2021-12-06 06:26:41,252 - main.py[line:181] - INFO: Epoch: 389; eval pIoU: 84.66%; eval cIoU: 80.69%; train pIoU: 89.43%; train cIoU: 86.81%
2021-12-06 06:29:52,554 - main.py[line:181] - INFO: Epoch: 390; eval pIoU: 84.43%; eval cIoU: 80.13%; train pIoU: 89.37%; train cIoU: 86.74%
2021-12-06 06:33:03,842 - main.py[line:181] - INFO: Epoch: 391; eval pIoU: 84.54%; eval cIoU: 80.20%; train pIoU: 89.46%; train cIoU: 86.80%
2021-12-06 06:36:15,044 - main.py[line:181] - INFO: Epoch: 392; eval pIoU: 84.57%; eval cIoU: 80.57%; train pIoU: 89.39%; train cIoU: 86.75%
2021-12-06 06:39:26,263 - main.py[line:181] - INFO: Epoch: 393; eval pIoU: 84.62%; eval cIoU: 80.34%; train pIoU: 89.41%; train cIoU: 86.91%
2021-12-06 06:42:37,487 - main.py[line:181] - INFO: Epoch: 394; eval pIoU: 84.72%; eval cIoU: 80.58%; train pIoU: 89.43%; train cIoU: 86.91%
2021-12-06 06:45:48,777 - main.py[line:181] - INFO: Epoch: 395; eval pIoU: 84.49%; eval cIoU: 80.52%; train pIoU: 89.41%; train cIoU: 86.92%
2021-12-06 06:49:00,086 - main.py[line:181] - INFO: Epoch: 396; eval pIoU: 84.53%; eval cIoU: 80.41%; train pIoU: 89.43%; train cIoU: 86.83%
2021-12-06 06:52:11,386 - main.py[line:181] - INFO: Epoch: 397; eval pIoU: 84.54%; eval cIoU: 80.35%; train pIoU: 89.43%; train cIoU: 87.05%
2021-12-06 06:55:22,683 - main.py[line:181] - INFO: Epoch: 398; eval pIoU: 84.58%; eval cIoU: 80.26%; train pIoU: 89.44%; train cIoU: 86.81%
2021-12-06 06:58:34,002 - main.py[line:181] - INFO: Epoch: 399; eval pIoU: 84.58%; eval cIoU: 80.34%; train pIoU: 89.41%; train cIoU: 86.89%
2021-12-06 07:01:45,306 - main.py[line:181] - INFO: Epoch: 400; eval pIoU: 84.62%; eval cIoU: 80.58%; train pIoU: 89.45%; train cIoU: 86.93%
2021-12-06 07:04:56,681 - main.py[line:181] - INFO: Epoch: 401; eval pIoU: 84.61%; eval cIoU: 80.67%; train pIoU: 89.52%; train cIoU: 87.07%
2021-12-06 07:08:08,039 - main.py[line:181] - INFO: Epoch: 402; eval pIoU: 84.60%; eval cIoU: 80.65%; train pIoU: 89.57%; train cIoU: 87.03%
2021-12-06 07:11:19,357 - main.py[line:181] - INFO: Epoch: 403; eval pIoU: 84.67%; eval cIoU: 80.64%; train pIoU: 89.58%; train cIoU: 87.19%
2021-12-06 07:14:30,634 - main.py[line:181] - INFO: Epoch: 404; eval pIoU: 84.57%; eval cIoU: 80.60%; train pIoU: 89.63%; train cIoU: 87.28%
2021-12-06 07:17:41,919 - main.py[line:181] - INFO: Epoch: 405; eval pIoU: 84.67%; eval cIoU: 80.60%; train pIoU: 89.60%; train cIoU: 87.12%
2021-12-06 07:20:53,167 - main.py[line:181] - INFO: Epoch: 406; eval pIoU: 84.79%; eval cIoU: 80.76%; train pIoU: 89.65%; train cIoU: 87.32%
2021-12-06 07:24:04,403 - main.py[line:181] - INFO: Epoch: 407; eval pIoU: 84.67%; eval cIoU: 80.59%; train pIoU: 89.63%; train cIoU: 86.92%
2021-12-06 07:27:15,678 - main.py[line:181] - INFO: Epoch: 408; eval pIoU: 84.54%; eval cIoU: 80.61%; train pIoU: 89.58%; train cIoU: 87.13%
2021-12-06 07:30:26,923 - main.py[line:181] - INFO: Epoch: 409; eval pIoU: 84.58%; eval cIoU: 80.68%; train pIoU: 89.59%; train cIoU: 87.12%
2021-12-06 07:33:38,166 - main.py[line:181] - INFO: Epoch: 410; eval pIoU: 84.59%; eval cIoU: 80.58%; train pIoU: 89.53%; train cIoU: 87.05%
2021-12-06 07:36:49,397 - main.py[line:181] - INFO: Epoch: 411; eval pIoU: 84.64%; eval cIoU: 80.64%; train pIoU: 89.58%; train cIoU: 87.01%
2021-12-06 07:40:00,652 - main.py[line:181] - INFO: Epoch: 412; eval pIoU: 84.66%; eval cIoU: 80.60%; train pIoU: 89.66%; train cIoU: 87.28%
2021-12-06 07:43:11,895 - main.py[line:181] - INFO: Epoch: 413; eval pIoU: 84.59%; eval cIoU: 80.71%; train pIoU: 89.60%; train cIoU: 87.11%
2021-12-06 07:46:23,134 - main.py[line:181] - INFO: Epoch: 414; eval pIoU: 84.59%; eval cIoU: 80.46%; train pIoU: 89.63%; train cIoU: 87.19%
2021-12-06 07:49:34,402 - main.py[line:181] - INFO: Epoch: 415; eval pIoU: 84.59%; eval cIoU: 80.60%; train pIoU: 89.58%; train cIoU: 87.07%
2021-12-06 07:52:45,635 - main.py[line:181] - INFO: Epoch: 416; eval pIoU: 84.61%; eval cIoU: 80.59%; train pIoU: 89.55%; train cIoU: 87.16%
2021-12-06 07:55:56,886 - main.py[line:181] - INFO: Epoch: 417; eval pIoU: 84.54%; eval cIoU: 80.51%; train pIoU: 89.64%; train cIoU: 87.04%
2021-12-06 07:59:08,119 - main.py[line:181] - INFO: Epoch: 418; eval pIoU: 84.63%; eval cIoU: 80.51%; train pIoU: 89.62%; train cIoU: 87.20%
2021-12-06 08:02:19,363 - main.py[line:181] - INFO: Epoch: 419; eval pIoU: 84.67%; eval cIoU: 80.67%; train pIoU: 89.64%; train cIoU: 87.12%
2021-12-06 08:05:30,616 - main.py[line:181] - INFO: Epoch: 420; eval pIoU: 84.64%; eval cIoU: 80.44%; train pIoU: 89.65%; train cIoU: 87.18%
2021-12-06 08:08:41,837 - main.py[line:181] - INFO: Epoch: 421; eval pIoU: 84.61%; eval cIoU: 80.45%; train pIoU: 89.61%; train cIoU: 87.13%
2021-12-06 08:11:53,100 - main.py[line:181] - INFO: Epoch: 422; eval pIoU: 84.76%; eval cIoU: 80.54%; train pIoU: 89.62%; train cIoU: 87.24%
2021-12-06 08:15:04,376 - main.py[line:181] - INFO: Epoch: 423; eval pIoU: 84.69%; eval cIoU: 80.74%; train pIoU: 89.66%; train cIoU: 87.27%
2021-12-06 08:18:15,639 - main.py[line:181] - INFO: Epoch: 424; eval pIoU: 84.68%; eval cIoU: 80.61%; train pIoU: 89.59%; train cIoU: 87.06%
2021-12-06 08:21:26,931 - main.py[line:181] - INFO: Epoch: 425; eval pIoU: 84.61%; eval cIoU: 80.59%; train pIoU: 89.64%; train cIoU: 87.31%
2021-12-06 08:24:38,199 - main.py[line:181] - INFO: Epoch: 426; eval pIoU: 84.69%; eval cIoU: 80.61%; train pIoU: 89.57%; train cIoU: 87.17%
2021-12-06 08:27:49,569 - main.py[line:181] - INFO: Epoch: 427; eval pIoU: 84.65%; eval cIoU: 80.71%; train pIoU: 89.64%; train cIoU: 87.15%
2021-12-06 08:31:00,870 - main.py[line:181] - INFO: Epoch: 428; eval pIoU: 84.65%; eval cIoU: 80.57%; train pIoU: 89.61%; train cIoU: 87.12%
2021-12-06 08:34:12,207 - main.py[line:181] - INFO: Epoch: 429; eval pIoU: 84.62%; eval cIoU: 80.50%; train pIoU: 89.66%; train cIoU: 87.15%
2021-12-06 08:37:23,434 - main.py[line:181] - INFO: Epoch: 430; eval pIoU: 84.60%; eval cIoU: 80.56%; train pIoU: 89.65%; train cIoU: 87.27%
2021-12-06 08:40:34,688 - main.py[line:181] - INFO: Epoch: 431; eval pIoU: 84.64%; eval cIoU: 80.48%; train pIoU: 89.65%; train cIoU: 87.16%
2021-12-06 08:43:45,952 - main.py[line:181] - INFO: Epoch: 432; eval pIoU: 84.62%; eval cIoU: 80.79%; train pIoU: 89.65%; train cIoU: 87.20%
2021-12-06 08:46:57,216 - main.py[line:181] - INFO: Epoch: 433; eval pIoU: 84.62%; eval cIoU: 80.64%; train pIoU: 89.64%; train cIoU: 87.14%
2021-12-06 08:50:08,467 - main.py[line:181] - INFO: Epoch: 434; eval pIoU: 84.59%; eval cIoU: 80.69%; train pIoU: 89.55%; train cIoU: 87.05%
2021-12-06 08:53:19,851 - main.py[line:181] - INFO: Epoch: 435; eval pIoU: 84.58%; eval cIoU: 80.65%; train pIoU: 89.61%; train cIoU: 87.14%
2021-12-06 08:56:31,107 - main.py[line:181] - INFO: Epoch: 436; eval pIoU: 84.56%; eval cIoU: 80.59%; train pIoU: 89.64%; train cIoU: 87.18%
2021-12-06 08:59:42,357 - main.py[line:181] - INFO: Epoch: 437; eval pIoU: 84.55%; eval cIoU: 80.56%; train pIoU: 89.66%; train cIoU: 87.14%
2021-12-06 09:02:53,640 - main.py[line:181] - INFO: Epoch: 438; eval pIoU: 84.60%; eval cIoU: 80.63%; train pIoU: 89.67%; train cIoU: 87.16%
2021-12-06 09:06:05,019 - main.py[line:181] - INFO: Epoch: 439; eval pIoU: 84.52%; eval cIoU: 80.57%; train pIoU: 89.65%; train cIoU: 87.16%
2021-12-06 09:09:16,272 - main.py[line:181] - INFO: Epoch: 440; eval pIoU: 84.67%; eval cIoU: 80.51%; train pIoU: 89.62%; train cIoU: 87.15%
2021-12-06 09:12:27,530 - main.py[line:181] - INFO: Epoch: 441; eval pIoU: 84.66%; eval cIoU: 80.73%; train pIoU: 89.64%; train cIoU: 87.06%
2021-12-06 09:15:38,774 - main.py[line:181] - INFO: Epoch: 442; eval pIoU: 84.65%; eval cIoU: 80.58%; train pIoU: 89.62%; train cIoU: 87.16%
2021-12-06 09:18:50,025 - main.py[line:181] - INFO: Epoch: 443; eval pIoU: 84.65%; eval cIoU: 80.58%; train pIoU: 89.63%; train cIoU: 87.23%
2021-12-06 09:22:01,284 - main.py[line:181] - INFO: Epoch: 444; eval pIoU: 84.64%; eval cIoU: 80.67%; train pIoU: 89.62%; train cIoU: 87.13%
2021-12-06 09:25:12,539 - main.py[line:181] - INFO: Epoch: 445; eval pIoU: 84.63%; eval cIoU: 80.56%; train pIoU: 89.65%; train cIoU: 87.22%
2021-12-06 09:28:23,839 - main.py[line:181] - INFO: Epoch: 446; eval pIoU: 84.65%; eval cIoU: 80.45%; train pIoU: 89.63%; train cIoU: 87.25%
2021-12-06 09:31:35,089 - main.py[line:181] - INFO: Epoch: 447; eval pIoU: 84.66%; eval cIoU: 80.31%; train pIoU: 89.63%; train cIoU: 87.24%
2021-12-06 09:34:46,604 - main.py[line:181] - INFO: Epoch: 448; eval pIoU: 84.67%; eval cIoU: 80.55%; train pIoU: 89.62%; train cIoU: 87.29%
2021-12-06 09:37:57,859 - main.py[line:181] - INFO: Epoch: 449; eval pIoU: 84.59%; eval cIoU: 80.42%; train pIoU: 89.63%; train cIoU: 87.17%
2021-12-06 09:41:09,028 - main.py[line:181] - INFO: Epoch: 450; eval pIoU: 84.63%; eval cIoU: 80.68%; train pIoU: 89.57%; train cIoU: 87.04%
2021-12-06 09:44:20,257 - main.py[line:181] - INFO: Epoch: 451; eval pIoU: 84.66%; eval cIoU: 80.64%; train pIoU: 89.60%; train cIoU: 87.16%
2021-12-06 09:47:31,585 - main.py[line:181] - INFO: Epoch: 452; eval pIoU: 84.65%; eval cIoU: 80.63%; train pIoU: 89.64%; train cIoU: 87.18%
2021-12-06 09:50:42,861 - main.py[line:181] - INFO: Epoch: 453; eval pIoU: 84.76%; eval cIoU: 80.62%; train pIoU: 89.66%; train cIoU: 87.14%
2021-12-06 09:53:54,156 - main.py[line:181] - INFO: Epoch: 454; eval pIoU: 84.56%; eval cIoU: 80.57%; train pIoU: 89.70%; train cIoU: 87.31%
2021-12-06 09:57:05,459 - main.py[line:181] - INFO: Epoch: 455; eval pIoU: 84.62%; eval cIoU: 80.55%; train pIoU: 89.64%; train cIoU: 87.19%
2021-12-06 10:00:16,710 - main.py[line:181] - INFO: Epoch: 456; eval pIoU: 84.63%; eval cIoU: 80.68%; train pIoU: 89.67%; train cIoU: 87.10%
2021-12-06 10:03:27,976 - main.py[line:181] - INFO: Epoch: 457; eval pIoU: 84.63%; eval cIoU: 80.58%; train pIoU: 89.63%; train cIoU: 87.21%
2021-12-06 10:06:39,174 - main.py[line:181] - INFO: Epoch: 458; eval pIoU: 84.61%; eval cIoU: 80.62%; train pIoU: 89.61%; train cIoU: 87.25%
2021-12-06 10:09:50,362 - main.py[line:181] - INFO: Epoch: 459; eval pIoU: 84.64%; eval cIoU: 80.52%; train pIoU: 89.62%; train cIoU: 87.02%
2021-12-06 10:13:01,628 - main.py[line:181] - INFO: Epoch: 460; eval pIoU: 84.57%; eval cIoU: 80.59%; train pIoU: 89.65%; train cIoU: 87.18%
2021-12-06 10:16:12,923 - main.py[line:181] - INFO: Epoch: 461; eval pIoU: 84.63%; eval cIoU: 80.64%; train pIoU: 89.63%; train cIoU: 87.07%
2021-12-06 10:19:24,226 - main.py[line:181] - INFO: Epoch: 462; eval pIoU: 84.58%; eval cIoU: 80.43%; train pIoU: 89.65%; train cIoU: 87.20%
2021-12-06 10:22:35,488 - main.py[line:181] - INFO: Epoch: 463; eval pIoU: 84.65%; eval cIoU: 80.72%; train pIoU: 89.63%; train cIoU: 87.21%
2021-12-06 10:25:46,794 - main.py[line:181] - INFO: Epoch: 464; eval pIoU: 84.56%; eval cIoU: 80.53%; train pIoU: 89.65%; train cIoU: 87.03%
2021-12-06 10:28:58,388 - main.py[line:181] - INFO: Epoch: 465; eval pIoU: 84.59%; eval cIoU: 80.45%; train pIoU: 89.63%; train cIoU: 87.03%
2021-12-06 10:32:09,689 - main.py[line:181] - INFO: Epoch: 466; eval pIoU: 84.57%; eval cIoU: 80.59%; train pIoU: 89.65%; train cIoU: 87.16%
2021-12-06 10:35:20,962 - main.py[line:181] - INFO: Epoch: 467; eval pIoU: 84.58%; eval cIoU: 80.51%; train pIoU: 89.64%; train cIoU: 87.15%
2021-12-06 10:38:32,151 - main.py[line:181] - INFO: Epoch: 468; eval pIoU: 84.72%; eval cIoU: 80.64%; train pIoU: 89.70%; train cIoU: 87.26%
2021-12-06 10:41:43,441 - main.py[line:181] - INFO: Epoch: 469; eval pIoU: 84.59%; eval cIoU: 80.62%; train pIoU: 89.64%; train cIoU: 87.20%
2021-12-06 10:44:54,682 - main.py[line:181] - INFO: Epoch: 470; eval pIoU: 84.63%; eval cIoU: 80.64%; train pIoU: 89.60%; train cIoU: 87.24%
2021-12-06 10:48:06,043 - main.py[line:181] - INFO: Epoch: 471; eval pIoU: 84.71%; eval cIoU: 80.60%; train pIoU: 89.63%; train cIoU: 87.23%
2021-12-06 10:51:17,305 - main.py[line:181] - INFO: Epoch: 472; eval pIoU: 84.77%; eval cIoU: 80.76%; train pIoU: 89.63%; train cIoU: 87.22%
2021-12-06 10:54:28,924 - main.py[line:181] - INFO: Epoch: 473; eval pIoU: 84.78%; eval cIoU: 80.70%; train pIoU: 89.61%; train cIoU: 86.98%
2021-12-06 10:57:40,245 - main.py[line:181] - INFO: Epoch: 474; eval pIoU: 84.63%; eval cIoU: 80.58%; train pIoU: 89.65%; train cIoU: 87.26%
2021-12-06 11:00:51,480 - main.py[line:181] - INFO: Epoch: 475; eval pIoU: 84.59%; eval cIoU: 80.47%; train pIoU: 89.66%; train cIoU: 87.04%
2021-12-06 11:04:02,753 - main.py[line:181] - INFO: Epoch: 476; eval pIoU: 84.69%; eval cIoU: 80.59%; train pIoU: 89.65%; train cIoU: 87.04%
2021-12-06 11:07:14,041 - main.py[line:181] - INFO: Epoch: 477; eval pIoU: 84.61%; eval cIoU: 80.63%; train pIoU: 89.69%; train cIoU: 87.31%
2021-12-06 11:10:25,425 - main.py[line:181] - INFO: Epoch: 478; eval pIoU: 84.65%; eval cIoU: 80.59%; train pIoU: 89.60%; train cIoU: 87.19%
2021-12-06 11:13:36,757 - main.py[line:181] - INFO: Epoch: 479; eval pIoU: 84.60%; eval cIoU: 80.52%; train pIoU: 89.67%; train cIoU: 87.19%
2021-12-06 11:16:48,036 - main.py[line:181] - INFO: Epoch: 480; eval pIoU: 84.72%; eval cIoU: 80.76%; train pIoU: 89.65%; train cIoU: 87.23%
2021-12-06 11:19:59,356 - main.py[line:181] - INFO: Epoch: 481; eval pIoU: 84.64%; eval cIoU: 80.57%; train pIoU: 89.66%; train cIoU: 87.21%
2021-12-06 11:23:11,288 - main.py[line:181] - INFO: Epoch: 482; eval pIoU: 84.59%; eval cIoU: 80.55%; train pIoU: 89.69%; train cIoU: 87.14%
2021-12-06 11:26:22,572 - main.py[line:181] - INFO: Epoch: 483; eval pIoU: 84.65%; eval cIoU: 80.35%; train pIoU: 89.63%; train cIoU: 87.16%
2021-12-06 11:29:33,825 - main.py[line:181] - INFO: Epoch: 484; eval pIoU: 84.57%; eval cIoU: 80.46%; train pIoU: 89.66%; train cIoU: 87.18%
2021-12-06 11:32:45,079 - main.py[line:181] - INFO: Epoch: 485; eval pIoU: 84.64%; eval cIoU: 80.51%; train pIoU: 89.67%; train cIoU: 87.24%
2021-12-06 11:35:56,333 - main.py[line:181] - INFO: Epoch: 486; eval pIoU: 84.57%; eval cIoU: 80.34%; train pIoU: 89.67%; train cIoU: 87.23%
2021-12-06 11:39:07,610 - main.py[line:181] - INFO: Epoch: 487; eval pIoU: 84.63%; eval cIoU: 80.54%; train pIoU: 89.57%; train cIoU: 87.04%
2021-12-06 11:42:18,876 - main.py[line:181] - INFO: Epoch: 488; eval pIoU: 84.63%; eval cIoU: 80.66%; train pIoU: 89.66%; train cIoU: 87.26%
2021-12-06 11:45:30,114 - main.py[line:181] - INFO: Epoch: 489; eval pIoU: 84.58%; eval cIoU: 80.28%; train pIoU: 89.61%; train cIoU: 87.16%
2021-12-06 11:48:41,376 - main.py[line:181] - INFO: Epoch: 490; eval pIoU: 84.65%; eval cIoU: 80.58%; train pIoU: 89.67%; train cIoU: 87.26%
2021-12-06 11:51:52,690 - main.py[line:181] - INFO: Epoch: 491; eval pIoU: 84.53%; eval cIoU: 80.36%; train pIoU: 89.67%; train cIoU: 87.24%
2021-12-06 11:55:03,999 - main.py[line:181] - INFO: Epoch: 492; eval pIoU: 84.61%; eval cIoU: 80.69%; train pIoU: 89.68%; train cIoU: 87.19%
2021-12-06 11:58:15,281 - main.py[line:181] - INFO: Epoch: 493; eval pIoU: 84.63%; eval cIoU: 80.36%; train pIoU: 89.61%; train cIoU: 87.18%
2021-12-06 12:01:26,568 - main.py[line:181] - INFO: Epoch: 494; eval pIoU: 84.52%; eval cIoU: 80.56%; train pIoU: 89.66%; train cIoU: 87.17%
2021-12-06 12:04:37,913 - main.py[line:181] - INFO: Epoch: 495; eval pIoU: 84.61%; eval cIoU: 80.50%; train pIoU: 89.68%; train cIoU: 87.31%
2021-12-06 12:07:49,185 - main.py[line:181] - INFO: Epoch: 496; eval pIoU: 84.51%; eval cIoU: 80.32%; train pIoU: 89.63%; train cIoU: 87.15%
2021-12-06 12:11:00,480 - main.py[line:181] - INFO: Epoch: 497; eval pIoU: 84.66%; eval cIoU: 80.40%; train pIoU: 89.68%; train cIoU: 87.29%
2021-12-06 12:14:11,782 - main.py[line:181] - INFO: Epoch: 498; eval pIoU: 84.64%; eval cIoU: 80.50%; train pIoU: 89.63%; train cIoU: 87.15%
2021-12-06 12:17:23,064 - main.py[line:181] - INFO: Epoch: 499; eval pIoU: 84.54%; eval cIoU: 80.40%; train pIoU: 89.65%; train cIoU: 87.25%
2021-12-06 12:20:34,371 - main.py[line:181] - INFO: Epoch: 500; eval pIoU: 84.61%; eval cIoU: 80.62%; train pIoU: 89.65%; train cIoU: 87.03%
2021-12-06 12:20:34,375 - main.py[line:189] - INFO: Best model is achieved at epoch 251 with eval pIoU as 84.92%
