2021-12-05 09:49:31,546 - main.py[line:181] - INFO: Epoch: 1  ; eval pIoU: 69.87%; eval cIoU: 54.10%; train pIoU: 62.24%; train cIoU: 42.00%
2021-12-05 09:49:31,551 - main.py[line:186] - INFO: New best model is achieved at epoch 1 with eval pIoU as 69.87%
2021-12-05 09:52:44,224 - main.py[line:181] - INFO: Epoch: 2  ; eval pIoU: 70.50%; eval cIoU: 56.46%; train pIoU: 70.36%; train cIoU: 56.06%
2021-12-05 09:52:44,228 - main.py[line:186] - INFO: New best model is achieved at epoch 2 with eval pIoU as 70.50%
2021-12-05 09:55:56,869 - main.py[line:181] - INFO: Epoch: 3  ; eval pIoU: 73.06%; eval cIoU: 60.21%; train pIoU: 72.13%; train cIoU: 58.90%
2021-12-05 09:55:56,873 - main.py[line:186] - INFO: New best model is achieved at epoch 3 with eval pIoU as 73.06%
2021-12-05 09:59:09,462 - main.py[line:181] - INFO: Epoch: 4  ; eval pIoU: 74.43%; eval cIoU: 63.61%; train pIoU: 73.96%; train cIoU: 62.89%
2021-12-05 09:59:09,465 - main.py[line:186] - INFO: New best model is achieved at epoch 4 with eval pIoU as 74.43%
2021-12-05 10:02:22,022 - main.py[line:181] - INFO: Epoch: 5  ; eval pIoU: 74.09%; eval cIoU: 61.20%; train pIoU: 75.40%; train cIoU: 65.77%
2021-12-05 10:05:34,625 - main.py[line:181] - INFO: Epoch: 6  ; eval pIoU: 76.30%; eval cIoU: 64.84%; train pIoU: 75.61%; train cIoU: 64.36%
2021-12-05 10:05:34,629 - main.py[line:186] - INFO: New best model is achieved at epoch 6 with eval pIoU as 76.30%
2021-12-05 10:08:47,173 - main.py[line:181] - INFO: Epoch: 7  ; eval pIoU: 76.26%; eval cIoU: 65.90%; train pIoU: 76.76%; train cIoU: 67.32%
2021-12-05 10:11:59,735 - main.py[line:181] - INFO: Epoch: 8  ; eval pIoU: 77.02%; eval cIoU: 66.40%; train pIoU: 77.10%; train cIoU: 67.68%
2021-12-05 10:11:59,739 - main.py[line:186] - INFO: New best model is achieved at epoch 8 with eval pIoU as 77.02%
2021-12-05 10:15:12,309 - main.py[line:181] - INFO: Epoch: 9  ; eval pIoU: 77.45%; eval cIoU: 67.80%; train pIoU: 77.77%; train cIoU: 69.02%
2021-12-05 10:15:12,313 - main.py[line:186] - INFO: New best model is achieved at epoch 9 with eval pIoU as 77.45%
2021-12-05 10:18:24,891 - main.py[line:181] - INFO: Epoch: 10 ; eval pIoU: 78.19%; eval cIoU: 68.48%; train pIoU: 78.08%; train cIoU: 69.69%
2021-12-05 10:18:24,895 - main.py[line:186] - INFO: New best model is achieved at epoch 10 with eval pIoU as 78.19%
2021-12-05 10:21:37,436 - main.py[line:181] - INFO: Epoch: 11 ; eval pIoU: 77.98%; eval cIoU: 69.29%; train pIoU: 78.58%; train cIoU: 70.22%
2021-12-05 10:24:49,984 - main.py[line:181] - INFO: Epoch: 12 ; eval pIoU: 78.33%; eval cIoU: 70.33%; train pIoU: 78.84%; train cIoU: 70.35%
2021-12-05 10:24:49,988 - main.py[line:186] - INFO: New best model is achieved at epoch 12 with eval pIoU as 78.33%
2021-12-05 10:28:02,508 - main.py[line:181] - INFO: Epoch: 13 ; eval pIoU: 78.25%; eval cIoU: 68.99%; train pIoU: 79.01%; train cIoU: 70.62%
2021-12-05 10:31:15,056 - main.py[line:181] - INFO: Epoch: 14 ; eval pIoU: 79.42%; eval cIoU: 69.92%; train pIoU: 79.20%; train cIoU: 70.83%
2021-12-05 10:31:15,060 - main.py[line:186] - INFO: New best model is achieved at epoch 14 with eval pIoU as 79.42%
2021-12-05 10:34:27,617 - main.py[line:181] - INFO: Epoch: 15 ; eval pIoU: 78.68%; eval cIoU: 69.34%; train pIoU: 79.49%; train cIoU: 71.08%
2021-12-05 10:37:40,174 - main.py[line:181] - INFO: Epoch: 16 ; eval pIoU: 79.99%; eval cIoU: 72.43%; train pIoU: 79.69%; train cIoU: 71.10%
2021-12-05 10:37:40,178 - main.py[line:186] - INFO: New best model is achieved at epoch 16 with eval pIoU as 79.99%
2021-12-05 10:40:52,700 - main.py[line:181] - INFO: Epoch: 17 ; eval pIoU: 79.75%; eval cIoU: 71.51%; train pIoU: 79.91%; train cIoU: 71.92%
2021-12-05 10:44:05,251 - main.py[line:181] - INFO: Epoch: 18 ; eval pIoU: 79.36%; eval cIoU: 70.61%; train pIoU: 80.00%; train cIoU: 71.85%
2021-12-05 10:47:17,804 - main.py[line:181] - INFO: Epoch: 19 ; eval pIoU: 79.78%; eval cIoU: 70.43%; train pIoU: 80.20%; train cIoU: 72.32%
2021-12-05 10:50:30,358 - main.py[line:181] - INFO: Epoch: 20 ; eval pIoU: 79.60%; eval cIoU: 72.75%; train pIoU: 80.07%; train cIoU: 71.65%
2021-12-05 10:53:42,918 - main.py[line:181] - INFO: Epoch: 21 ; eval pIoU: 80.15%; eval cIoU: 71.77%; train pIoU: 80.36%; train cIoU: 72.16%
2021-12-05 10:53:42,922 - main.py[line:186] - INFO: New best model is achieved at epoch 21 with eval pIoU as 80.15%
2021-12-05 10:56:55,505 - main.py[line:181] - INFO: Epoch: 22 ; eval pIoU: 80.08%; eval cIoU: 72.33%; train pIoU: 80.42%; train cIoU: 72.44%
2021-12-05 11:00:08,033 - main.py[line:181] - INFO: Epoch: 23 ; eval pIoU: 80.52%; eval cIoU: 73.90%; train pIoU: 80.63%; train cIoU: 72.91%
2021-12-05 11:00:08,038 - main.py[line:186] - INFO: New best model is achieved at epoch 23 with eval pIoU as 80.52%
2021-12-05 11:03:20,562 - main.py[line:181] - INFO: Epoch: 24 ; eval pIoU: 79.90%; eval cIoU: 68.89%; train pIoU: 80.71%; train cIoU: 72.90%
2021-12-05 11:06:33,070 - main.py[line:181] - INFO: Epoch: 25 ; eval pIoU: 80.93%; eval cIoU: 73.20%; train pIoU: 80.88%; train cIoU: 73.20%
2021-12-05 11:06:33,074 - main.py[line:186] - INFO: New best model is achieved at epoch 25 with eval pIoU as 80.93%
2021-12-05 11:09:45,636 - main.py[line:181] - INFO: Epoch: 26 ; eval pIoU: 80.60%; eval cIoU: 74.04%; train pIoU: 80.90%; train cIoU: 72.96%
2021-12-05 11:12:58,165 - main.py[line:181] - INFO: Epoch: 27 ; eval pIoU: 80.14%; eval cIoU: 70.54%; train pIoU: 80.96%; train cIoU: 73.06%
2021-12-05 11:16:10,689 - main.py[line:181] - INFO: Epoch: 28 ; eval pIoU: 80.35%; eval cIoU: 74.09%; train pIoU: 81.05%; train cIoU: 73.11%
2021-12-05 11:19:23,242 - main.py[line:181] - INFO: Epoch: 29 ; eval pIoU: 80.67%; eval cIoU: 72.39%; train pIoU: 81.17%; train cIoU: 73.65%
2021-12-05 11:22:35,154 - main.py[line:181] - INFO: Epoch: 30 ; eval pIoU: 80.73%; eval cIoU: 74.40%; train pIoU: 81.29%; train cIoU: 73.82%
2021-12-05 11:25:47,217 - main.py[line:181] - INFO: Epoch: 31 ; eval pIoU: 80.79%; eval cIoU: 73.48%; train pIoU: 81.37%; train cIoU: 73.91%
2021-12-05 11:28:59,031 - main.py[line:181] - INFO: Epoch: 32 ; eval pIoU: 80.67%; eval cIoU: 72.81%; train pIoU: 81.26%; train cIoU: 73.84%
2021-12-05 11:32:10,860 - main.py[line:181] - INFO: Epoch: 33 ; eval pIoU: 80.91%; eval cIoU: 75.02%; train pIoU: 81.57%; train cIoU: 74.17%
2021-12-05 11:35:22,709 - main.py[line:181] - INFO: Epoch: 34 ; eval pIoU: 81.05%; eval cIoU: 73.25%; train pIoU: 81.48%; train cIoU: 74.32%
2021-12-05 11:35:22,714 - main.py[line:186] - INFO: New best model is achieved at epoch 34 with eval pIoU as 81.05%
2021-12-05 11:38:34,572 - main.py[line:181] - INFO: Epoch: 35 ; eval pIoU: 81.32%; eval cIoU: 74.71%; train pIoU: 81.67%; train cIoU: 74.39%
2021-12-05 11:38:34,577 - main.py[line:186] - INFO: New best model is achieved at epoch 35 with eval pIoU as 81.32%
2021-12-05 11:41:46,420 - main.py[line:181] - INFO: Epoch: 36 ; eval pIoU: 80.91%; eval cIoU: 74.05%; train pIoU: 81.72%; train cIoU: 74.69%
2021-12-05 11:44:58,283 - main.py[line:181] - INFO: Epoch: 37 ; eval pIoU: 81.32%; eval cIoU: 74.72%; train pIoU: 81.68%; train cIoU: 74.12%
2021-12-05 11:48:10,108 - main.py[line:181] - INFO: Epoch: 38 ; eval pIoU: 81.42%; eval cIoU: 74.75%; train pIoU: 81.80%; train cIoU: 74.72%
2021-12-05 11:48:10,112 - main.py[line:186] - INFO: New best model is achieved at epoch 38 with eval pIoU as 81.42%
2021-12-05 11:51:21,952 - main.py[line:181] - INFO: Epoch: 39 ; eval pIoU: 81.44%; eval cIoU: 74.93%; train pIoU: 81.85%; train cIoU: 74.85%
2021-12-05 11:51:21,956 - main.py[line:186] - INFO: New best model is achieved at epoch 39 with eval pIoU as 81.44%
2021-12-05 11:54:33,763 - main.py[line:181] - INFO: Epoch: 40 ; eval pIoU: 81.05%; eval cIoU: 74.13%; train pIoU: 81.90%; train cIoU: 75.09%
2021-12-05 11:57:45,591 - main.py[line:181] - INFO: Epoch: 41 ; eval pIoU: 81.25%; eval cIoU: 75.50%; train pIoU: 82.03%; train cIoU: 75.17%
2021-12-05 12:00:57,406 - main.py[line:181] - INFO: Epoch: 42 ; eval pIoU: 81.50%; eval cIoU: 74.44%; train pIoU: 82.08%; train cIoU: 75.29%
2021-12-05 12:00:57,411 - main.py[line:186] - INFO: New best model is achieved at epoch 42 with eval pIoU as 81.50%
2021-12-05 12:04:09,226 - main.py[line:181] - INFO: Epoch: 43 ; eval pIoU: 81.53%; eval cIoU: 75.07%; train pIoU: 82.16%; train cIoU: 75.26%
2021-12-05 12:04:09,231 - main.py[line:186] - INFO: New best model is achieved at epoch 43 with eval pIoU as 81.53%
2021-12-05 12:07:21,042 - main.py[line:181] - INFO: Epoch: 44 ; eval pIoU: 81.36%; eval cIoU: 74.25%; train pIoU: 82.29%; train cIoU: 75.23%
2021-12-05 12:10:32,844 - main.py[line:181] - INFO: Epoch: 45 ; eval pIoU: 81.67%; eval cIoU: 74.92%; train pIoU: 82.25%; train cIoU: 75.29%
2021-12-05 12:10:32,849 - main.py[line:186] - INFO: New best model is achieved at epoch 45 with eval pIoU as 81.67%
2021-12-05 12:13:44,652 - main.py[line:181] - INFO: Epoch: 46 ; eval pIoU: 81.43%; eval cIoU: 74.78%; train pIoU: 82.23%; train cIoU: 75.51%
2021-12-05 12:16:56,448 - main.py[line:181] - INFO: Epoch: 47 ; eval pIoU: 81.92%; eval cIoU: 74.48%; train pIoU: 82.55%; train cIoU: 75.82%
2021-12-05 12:16:56,452 - main.py[line:186] - INFO: New best model is achieved at epoch 47 with eval pIoU as 81.92%
2021-12-05 12:20:08,261 - main.py[line:181] - INFO: Epoch: 48 ; eval pIoU: 81.25%; eval cIoU: 74.58%; train pIoU: 82.63%; train cIoU: 75.98%
2021-12-05 12:23:20,063 - main.py[line:181] - INFO: Epoch: 49 ; eval pIoU: 82.42%; eval cIoU: 76.30%; train pIoU: 82.80%; train cIoU: 76.50%
2021-12-05 12:23:20,067 - main.py[line:186] - INFO: New best model is achieved at epoch 49 with eval pIoU as 82.42%
2021-12-05 12:26:31,895 - main.py[line:181] - INFO: Epoch: 50 ; eval pIoU: 82.00%; eval cIoU: 75.62%; train pIoU: 82.78%; train cIoU: 76.20%
2021-12-05 12:29:43,717 - main.py[line:181] - INFO: Epoch: 51 ; eval pIoU: 81.57%; eval cIoU: 74.85%; train pIoU: 82.81%; train cIoU: 76.65%
2021-12-05 12:32:55,528 - main.py[line:181] - INFO: Epoch: 52 ; eval pIoU: 82.01%; eval cIoU: 76.12%; train pIoU: 83.04%; train cIoU: 77.07%
2021-12-05 12:36:07,350 - main.py[line:181] - INFO: Epoch: 53 ; eval pIoU: 81.27%; eval cIoU: 74.69%; train pIoU: 83.14%; train cIoU: 76.63%
2021-12-05 12:39:19,155 - main.py[line:181] - INFO: Epoch: 54 ; eval pIoU: 81.84%; eval cIoU: 75.96%; train pIoU: 83.45%; train cIoU: 77.14%
2021-12-05 12:42:30,962 - main.py[line:181] - INFO: Epoch: 55 ; eval pIoU: 81.84%; eval cIoU: 74.33%; train pIoU: 83.76%; train cIoU: 77.27%
2021-12-05 12:45:42,802 - main.py[line:181] - INFO: Epoch: 56 ; eval pIoU: 82.06%; eval cIoU: 75.58%; train pIoU: 83.68%; train cIoU: 76.88%
2021-12-05 12:48:54,574 - main.py[line:181] - INFO: Epoch: 57 ; eval pIoU: 81.62%; eval cIoU: 75.48%; train pIoU: 83.79%; train cIoU: 77.06%
2021-12-05 12:52:06,356 - main.py[line:181] - INFO: Epoch: 58 ; eval pIoU: 82.15%; eval cIoU: 75.36%; train pIoU: 83.72%; train cIoU: 76.94%
2021-12-05 12:55:18,123 - main.py[line:181] - INFO: Epoch: 59 ; eval pIoU: 82.29%; eval cIoU: 75.81%; train pIoU: 83.85%; train cIoU: 77.16%
2021-12-05 12:58:29,898 - main.py[line:181] - INFO: Epoch: 60 ; eval pIoU: 82.45%; eval cIoU: 76.96%; train pIoU: 83.98%; train cIoU: 77.63%
2021-12-05 12:58:29,901 - main.py[line:186] - INFO: New best model is achieved at epoch 60 with eval pIoU as 82.45%
2021-12-05 13:01:41,679 - main.py[line:181] - INFO: Epoch: 61 ; eval pIoU: 82.02%; eval cIoU: 75.30%; train pIoU: 84.02%; train cIoU: 77.90%
2021-12-05 13:04:53,448 - main.py[line:181] - INFO: Epoch: 62 ; eval pIoU: 82.45%; eval cIoU: 76.23%; train pIoU: 84.17%; train cIoU: 77.95%
2021-12-05 13:04:53,451 - main.py[line:186] - INFO: New best model is achieved at epoch 62 with eval pIoU as 82.45%
2021-12-05 13:08:05,219 - main.py[line:181] - INFO: Epoch: 63 ; eval pIoU: 82.40%; eval cIoU: 75.01%; train pIoU: 83.65%; train cIoU: 76.03%
2021-12-05 13:11:17,001 - main.py[line:181] - INFO: Epoch: 64 ; eval pIoU: 82.26%; eval cIoU: 76.44%; train pIoU: 84.15%; train cIoU: 77.73%
2021-12-05 13:14:28,737 - main.py[line:181] - INFO: Epoch: 65 ; eval pIoU: 82.51%; eval cIoU: 76.19%; train pIoU: 84.30%; train cIoU: 77.97%
2021-12-05 13:14:28,740 - main.py[line:186] - INFO: New best model is achieved at epoch 65 with eval pIoU as 82.51%
2021-12-05 13:17:40,491 - main.py[line:181] - INFO: Epoch: 66 ; eval pIoU: 82.60%; eval cIoU: 76.04%; train pIoU: 84.13%; train cIoU: 77.92%
2021-12-05 13:17:40,494 - main.py[line:186] - INFO: New best model is achieved at epoch 66 with eval pIoU as 82.60%
2021-12-05 13:20:52,240 - main.py[line:181] - INFO: Epoch: 67 ; eval pIoU: 82.61%; eval cIoU: 76.10%; train pIoU: 84.18%; train cIoU: 78.17%
2021-12-05 13:20:52,243 - main.py[line:186] - INFO: New best model is achieved at epoch 67 with eval pIoU as 82.61%
2021-12-05 13:24:03,976 - main.py[line:181] - INFO: Epoch: 68 ; eval pIoU: 82.58%; eval cIoU: 75.43%; train pIoU: 84.39%; train cIoU: 78.06%
2021-12-05 13:27:15,711 - main.py[line:181] - INFO: Epoch: 69 ; eval pIoU: 82.17%; eval cIoU: 74.32%; train pIoU: 84.34%; train cIoU: 77.80%
2021-12-05 13:30:27,430 - main.py[line:181] - INFO: Epoch: 70 ; eval pIoU: 82.51%; eval cIoU: 75.82%; train pIoU: 84.48%; train cIoU: 78.45%
2021-12-05 13:33:39,153 - main.py[line:181] - INFO: Epoch: 71 ; eval pIoU: 82.62%; eval cIoU: 75.91%; train pIoU: 84.38%; train cIoU: 78.43%
2021-12-05 13:33:39,156 - main.py[line:186] - INFO: New best model is achieved at epoch 71 with eval pIoU as 82.62%
2021-12-05 13:36:50,876 - main.py[line:181] - INFO: Epoch: 72 ; eval pIoU: 82.67%; eval cIoU: 75.39%; train pIoU: 84.51%; train cIoU: 78.55%
2021-12-05 13:36:50,879 - main.py[line:186] - INFO: New best model is achieved at epoch 72 with eval pIoU as 82.67%
2021-12-05 13:40:02,589 - main.py[line:181] - INFO: Epoch: 73 ; eval pIoU: 83.04%; eval cIoU: 76.68%; train pIoU: 84.57%; train cIoU: 78.63%
2021-12-05 13:40:02,592 - main.py[line:186] - INFO: New best model is achieved at epoch 73 with eval pIoU as 83.04%
2021-12-05 13:43:14,313 - main.py[line:181] - INFO: Epoch: 74 ; eval pIoU: 82.08%; eval cIoU: 76.21%; train pIoU: 84.57%; train cIoU: 78.52%
2021-12-05 13:46:26,042 - main.py[line:181] - INFO: Epoch: 75 ; eval pIoU: 82.93%; eval cIoU: 76.31%; train pIoU: 84.66%; train cIoU: 78.67%
2021-12-05 13:49:37,758 - main.py[line:181] - INFO: Epoch: 76 ; eval pIoU: 82.45%; eval cIoU: 76.49%; train pIoU: 84.76%; train cIoU: 79.05%
2021-12-05 13:52:49,466 - main.py[line:181] - INFO: Epoch: 77 ; eval pIoU: 82.59%; eval cIoU: 76.18%; train pIoU: 84.60%; train cIoU: 78.54%
2021-12-05 13:56:01,159 - main.py[line:181] - INFO: Epoch: 78 ; eval pIoU: 82.61%; eval cIoU: 76.59%; train pIoU: 84.74%; train cIoU: 78.94%
2021-12-05 13:59:12,880 - main.py[line:181] - INFO: Epoch: 79 ; eval pIoU: 82.88%; eval cIoU: 76.93%; train pIoU: 84.80%; train cIoU: 79.10%
2021-12-05 14:02:24,602 - main.py[line:181] - INFO: Epoch: 80 ; eval pIoU: 83.04%; eval cIoU: 77.51%; train pIoU: 84.76%; train cIoU: 79.01%
2021-12-05 14:05:36,350 - main.py[line:181] - INFO: Epoch: 81 ; eval pIoU: 82.75%; eval cIoU: 76.53%; train pIoU: 84.84%; train cIoU: 79.04%
2021-12-05 14:08:48,085 - main.py[line:181] - INFO: Epoch: 82 ; eval pIoU: 82.98%; eval cIoU: 76.41%; train pIoU: 84.77%; train cIoU: 79.02%
2021-12-05 14:11:59,805 - main.py[line:181] - INFO: Epoch: 83 ; eval pIoU: 82.74%; eval cIoU: 76.94%; train pIoU: 84.88%; train cIoU: 79.19%
2021-12-05 14:15:11,525 - main.py[line:181] - INFO: Epoch: 84 ; eval pIoU: 82.59%; eval cIoU: 76.16%; train pIoU: 84.92%; train cIoU: 79.22%
2021-12-05 14:18:23,271 - main.py[line:181] - INFO: Epoch: 85 ; eval pIoU: 82.85%; eval cIoU: 77.04%; train pIoU: 84.96%; train cIoU: 79.52%
2021-12-05 14:21:35,044 - main.py[line:181] - INFO: Epoch: 86 ; eval pIoU: 83.37%; eval cIoU: 77.66%; train pIoU: 85.02%; train cIoU: 79.26%
2021-12-05 14:21:35,047 - main.py[line:186] - INFO: New best model is achieved at epoch 86 with eval pIoU as 83.37%
2021-12-05 14:24:46,841 - main.py[line:181] - INFO: Epoch: 87 ; eval pIoU: 83.13%; eval cIoU: 76.98%; train pIoU: 85.04%; train cIoU: 79.50%
2021-12-05 14:27:58,629 - main.py[line:181] - INFO: Epoch: 88 ; eval pIoU: 82.73%; eval cIoU: 77.13%; train pIoU: 85.07%; train cIoU: 79.23%
2021-12-05 14:31:10,490 - main.py[line:181] - INFO: Epoch: 89 ; eval pIoU: 83.16%; eval cIoU: 76.48%; train pIoU: 85.07%; train cIoU: 79.62%
2021-12-05 14:34:22,378 - main.py[line:181] - INFO: Epoch: 90 ; eval pIoU: 83.15%; eval cIoU: 76.87%; train pIoU: 85.15%; train cIoU: 79.75%
2021-12-05 14:37:34,294 - main.py[line:181] - INFO: Epoch: 91 ; eval pIoU: 82.58%; eval cIoU: 77.08%; train pIoU: 85.05%; train cIoU: 79.60%
2021-12-05 14:40:46,206 - main.py[line:181] - INFO: Epoch: 92 ; eval pIoU: 82.47%; eval cIoU: 76.79%; train pIoU: 85.20%; train cIoU: 79.87%
2021-12-05 14:43:58,104 - main.py[line:181] - INFO: Epoch: 93 ; eval pIoU: 83.47%; eval cIoU: 78.02%; train pIoU: 85.09%; train cIoU: 79.77%
2021-12-05 14:43:58,108 - main.py[line:186] - INFO: New best model is achieved at epoch 93 with eval pIoU as 83.47%
2021-12-05 14:47:09,998 - main.py[line:181] - INFO: Epoch: 94 ; eval pIoU: 83.18%; eval cIoU: 77.12%; train pIoU: 85.34%; train cIoU: 79.99%
2021-12-05 14:50:21,886 - main.py[line:181] - INFO: Epoch: 95 ; eval pIoU: 82.85%; eval cIoU: 76.92%; train pIoU: 85.25%; train cIoU: 80.23%
2021-12-05 14:53:33,745 - main.py[line:181] - INFO: Epoch: 96 ; eval pIoU: 83.47%; eval cIoU: 77.76%; train pIoU: 85.31%; train cIoU: 80.06%
2021-12-05 14:53:33,749 - main.py[line:186] - INFO: New best model is achieved at epoch 96 with eval pIoU as 83.47%
2021-12-05 14:56:45,600 - main.py[line:181] - INFO: Epoch: 97 ; eval pIoU: 82.91%; eval cIoU: 77.54%; train pIoU: 85.23%; train cIoU: 79.86%
2021-12-05 14:59:57,437 - main.py[line:181] - INFO: Epoch: 98 ; eval pIoU: 83.38%; eval cIoU: 77.84%; train pIoU: 85.46%; train cIoU: 80.37%
2021-12-05 15:03:09,277 - main.py[line:181] - INFO: Epoch: 99 ; eval pIoU: 83.32%; eval cIoU: 76.57%; train pIoU: 85.42%; train cIoU: 80.21%
2021-12-05 15:06:21,159 - main.py[line:181] - INFO: Epoch: 100; eval pIoU: 83.21%; eval cIoU: 77.37%; train pIoU: 85.47%; train cIoU: 80.49%
2021-12-05 15:09:32,679 - main.py[line:181] - INFO: Epoch: 101; eval pIoU: 83.02%; eval cIoU: 77.25%; train pIoU: 85.51%; train cIoU: 80.36%
2021-12-05 15:12:44,231 - main.py[line:181] - INFO: Epoch: 102; eval pIoU: 83.23%; eval cIoU: 76.53%; train pIoU: 85.49%; train cIoU: 80.20%
2021-12-05 15:15:55,940 - main.py[line:181] - INFO: Epoch: 103; eval pIoU: 83.02%; eval cIoU: 77.65%; train pIoU: 85.42%; train cIoU: 80.23%
2021-12-05 15:19:07,648 - main.py[line:181] - INFO: Epoch: 104; eval pIoU: 83.21%; eval cIoU: 78.25%; train pIoU: 85.49%; train cIoU: 80.31%
2021-12-05 15:22:19,372 - main.py[line:181] - INFO: Epoch: 105; eval pIoU: 82.96%; eval cIoU: 77.31%; train pIoU: 85.57%; train cIoU: 80.66%
2021-12-05 15:25:31,109 - main.py[line:181] - INFO: Epoch: 106; eval pIoU: 82.64%; eval cIoU: 76.24%; train pIoU: 85.47%; train cIoU: 80.18%
2021-12-05 15:28:42,761 - main.py[line:181] - INFO: Epoch: 107; eval pIoU: 83.49%; eval cIoU: 78.27%; train pIoU: 85.60%; train cIoU: 80.55%
2021-12-05 15:28:42,764 - main.py[line:186] - INFO: New best model is achieved at epoch 107 with eval pIoU as 83.49%
2021-12-05 15:31:54,400 - main.py[line:181] - INFO: Epoch: 108; eval pIoU: 82.97%; eval cIoU: 76.93%; train pIoU: 85.62%; train cIoU: 80.46%
2021-12-05 15:35:06,071 - main.py[line:181] - INFO: Epoch: 109; eval pIoU: 82.76%; eval cIoU: 76.78%; train pIoU: 85.63%; train cIoU: 80.58%
2021-12-05 15:38:17,701 - main.py[line:181] - INFO: Epoch: 110; eval pIoU: 82.88%; eval cIoU: 77.11%; train pIoU: 85.66%; train cIoU: 80.89%
2021-12-05 15:41:29,350 - main.py[line:181] - INFO: Epoch: 111; eval pIoU: 83.38%; eval cIoU: 77.67%; train pIoU: 85.73%; train cIoU: 80.82%
2021-12-05 15:44:41,026 - main.py[line:181] - INFO: Epoch: 112; eval pIoU: 83.63%; eval cIoU: 77.35%; train pIoU: 85.64%; train cIoU: 80.75%
2021-12-05 15:44:41,029 - main.py[line:186] - INFO: New best model is achieved at epoch 112 with eval pIoU as 83.63%
2021-12-05 15:47:52,738 - main.py[line:181] - INFO: Epoch: 113; eval pIoU: 83.48%; eval cIoU: 76.98%; train pIoU: 85.62%; train cIoU: 80.33%
2021-12-05 15:51:04,385 - main.py[line:181] - INFO: Epoch: 114; eval pIoU: 83.54%; eval cIoU: 78.08%; train pIoU: 85.72%; train cIoU: 80.65%
2021-12-05 15:54:16,092 - main.py[line:181] - INFO: Epoch: 115; eval pIoU: 83.56%; eval cIoU: 78.23%; train pIoU: 85.75%; train cIoU: 80.76%
2021-12-05 15:57:27,682 - main.py[line:181] - INFO: Epoch: 116; eval pIoU: 83.47%; eval cIoU: 78.65%; train pIoU: 85.80%; train cIoU: 80.89%
2021-12-05 16:00:39,245 - main.py[line:181] - INFO: Epoch: 117; eval pIoU: 83.56%; eval cIoU: 78.31%; train pIoU: 85.76%; train cIoU: 80.90%
2021-12-05 16:03:50,790 - main.py[line:181] - INFO: Epoch: 118; eval pIoU: 83.18%; eval cIoU: 77.48%; train pIoU: 85.88%; train cIoU: 80.97%
2021-12-05 16:07:02,444 - main.py[line:181] - INFO: Epoch: 119; eval pIoU: 83.64%; eval cIoU: 78.75%; train pIoU: 85.86%; train cIoU: 80.94%
2021-12-05 16:07:02,448 - main.py[line:186] - INFO: New best model is achieved at epoch 119 with eval pIoU as 83.64%
2021-12-05 16:10:14,102 - main.py[line:181] - INFO: Epoch: 120; eval pIoU: 83.82%; eval cIoU: 78.68%; train pIoU: 85.77%; train cIoU: 81.05%
2021-12-05 16:10:14,105 - main.py[line:186] - INFO: New best model is achieved at epoch 120 with eval pIoU as 83.82%
2021-12-05 16:13:25,734 - main.py[line:181] - INFO: Epoch: 121; eval pIoU: 83.11%; eval cIoU: 78.03%; train pIoU: 85.77%; train cIoU: 80.84%
2021-12-05 16:16:37,391 - main.py[line:181] - INFO: Epoch: 122; eval pIoU: 83.62%; eval cIoU: 78.27%; train pIoU: 85.83%; train cIoU: 80.94%
2021-12-05 16:19:49,023 - main.py[line:181] - INFO: Epoch: 123; eval pIoU: 83.22%; eval cIoU: 77.75%; train pIoU: 85.82%; train cIoU: 80.89%
2021-12-05 16:23:00,717 - main.py[line:181] - INFO: Epoch: 124; eval pIoU: 84.01%; eval cIoU: 78.68%; train pIoU: 85.99%; train cIoU: 81.17%
2021-12-05 16:23:00,720 - main.py[line:186] - INFO: New best model is achieved at epoch 124 with eval pIoU as 84.01%
2021-12-05 16:26:12,343 - main.py[line:181] - INFO: Epoch: 125; eval pIoU: 83.41%; eval cIoU: 77.66%; train pIoU: 86.04%; train cIoU: 81.02%
2021-12-05 16:29:23,964 - main.py[line:181] - INFO: Epoch: 126; eval pIoU: 83.44%; eval cIoU: 77.73%; train pIoU: 85.94%; train cIoU: 80.95%
2021-12-05 16:32:35,642 - main.py[line:181] - INFO: Epoch: 127; eval pIoU: 83.65%; eval cIoU: 78.69%; train pIoU: 85.91%; train cIoU: 81.03%
2021-12-05 16:35:47,343 - main.py[line:181] - INFO: Epoch: 128; eval pIoU: 83.17%; eval cIoU: 77.85%; train pIoU: 86.03%; train cIoU: 81.28%
2021-12-05 16:38:58,960 - main.py[line:181] - INFO: Epoch: 129; eval pIoU: 83.83%; eval cIoU: 78.66%; train pIoU: 85.90%; train cIoU: 80.93%
2021-12-05 16:42:10,604 - main.py[line:181] - INFO: Epoch: 130; eval pIoU: 83.54%; eval cIoU: 77.83%; train pIoU: 86.01%; train cIoU: 81.48%
2021-12-05 16:45:22,275 - main.py[line:181] - INFO: Epoch: 131; eval pIoU: 83.75%; eval cIoU: 78.02%; train pIoU: 85.90%; train cIoU: 80.97%
2021-12-05 16:48:33,959 - main.py[line:181] - INFO: Epoch: 132; eval pIoU: 83.82%; eval cIoU: 77.78%; train pIoU: 86.01%; train cIoU: 81.15%
2021-12-05 16:51:45,618 - main.py[line:181] - INFO: Epoch: 133; eval pIoU: 83.22%; eval cIoU: 77.52%; train pIoU: 86.18%; train cIoU: 81.68%
2021-12-05 16:54:57,329 - main.py[line:181] - INFO: Epoch: 134; eval pIoU: 83.52%; eval cIoU: 77.52%; train pIoU: 86.16%; train cIoU: 81.50%
2021-12-05 16:58:08,894 - main.py[line:181] - INFO: Epoch: 135; eval pIoU: 83.24%; eval cIoU: 78.83%; train pIoU: 86.26%; train cIoU: 81.78%
2021-12-05 17:01:21,149 - main.py[line:181] - INFO: Epoch: 136; eval pIoU: 83.90%; eval cIoU: 78.94%; train pIoU: 86.22%; train cIoU: 81.54%
2021-12-05 17:04:33,679 - main.py[line:181] - INFO: Epoch: 137; eval pIoU: 82.32%; eval cIoU: 77.20%; train pIoU: 85.97%; train cIoU: 81.41%
2021-12-05 17:07:45,537 - main.py[line:181] - INFO: Epoch: 138; eval pIoU: 83.42%; eval cIoU: 77.73%; train pIoU: 86.14%; train cIoU: 81.47%
2021-12-05 17:10:57,272 - main.py[line:181] - INFO: Epoch: 139; eval pIoU: 83.87%; eval cIoU: 78.79%; train pIoU: 86.22%; train cIoU: 81.89%
2021-12-05 17:14:09,093 - main.py[line:181] - INFO: Epoch: 140; eval pIoU: 81.03%; eval cIoU: 75.41%; train pIoU: 86.27%; train cIoU: 81.76%
2021-12-05 17:17:20,741 - main.py[line:181] - INFO: Epoch: 141; eval pIoU: 83.68%; eval cIoU: 78.34%; train pIoU: 85.77%; train cIoU: 80.88%
2021-12-05 17:20:32,375 - main.py[line:181] - INFO: Epoch: 142; eval pIoU: 83.67%; eval cIoU: 78.18%; train pIoU: 86.06%; train cIoU: 81.33%
2021-12-05 17:23:44,071 - main.py[line:181] - INFO: Epoch: 143; eval pIoU: 83.57%; eval cIoU: 78.26%; train pIoU: 86.10%; train cIoU: 81.37%
2021-12-05 17:26:55,704 - main.py[line:181] - INFO: Epoch: 144; eval pIoU: 84.09%; eval cIoU: 78.95%; train pIoU: 86.14%; train cIoU: 81.32%
2021-12-05 17:26:55,708 - main.py[line:186] - INFO: New best model is achieved at epoch 144 with eval pIoU as 84.09%
2021-12-05 17:30:07,476 - main.py[line:181] - INFO: Epoch: 145; eval pIoU: 83.88%; eval cIoU: 79.13%; train pIoU: 86.44%; train cIoU: 82.02%
2021-12-05 17:33:19,195 - main.py[line:181] - INFO: Epoch: 146; eval pIoU: 83.85%; eval cIoU: 78.69%; train pIoU: 86.40%; train cIoU: 81.99%
2021-12-05 17:36:30,876 - main.py[line:181] - INFO: Epoch: 147; eval pIoU: 83.21%; eval cIoU: 77.91%; train pIoU: 86.36%; train cIoU: 82.19%
2021-12-05 17:39:42,522 - main.py[line:181] - INFO: Epoch: 148; eval pIoU: 83.39%; eval cIoU: 77.88%; train pIoU: 86.42%; train cIoU: 82.05%
2021-12-05 17:42:54,214 - main.py[line:181] - INFO: Epoch: 149; eval pIoU: 83.95%; eval cIoU: 79.73%; train pIoU: 86.41%; train cIoU: 82.12%
2021-12-05 17:46:05,901 - main.py[line:181] - INFO: Epoch: 150; eval pIoU: 83.59%; eval cIoU: 78.83%; train pIoU: 86.51%; train cIoU: 82.37%
2021-12-05 17:49:17,655 - main.py[line:181] - INFO: Epoch: 151; eval pIoU: 83.80%; eval cIoU: 78.41%; train pIoU: 86.48%; train cIoU: 82.03%
2021-12-05 17:52:30,423 - main.py[line:181] - INFO: Epoch: 152; eval pIoU: 83.54%; eval cIoU: 78.37%; train pIoU: 86.51%; train cIoU: 82.05%
2021-12-05 17:55:42,930 - main.py[line:181] - INFO: Epoch: 153; eval pIoU: 83.45%; eval cIoU: 78.15%; train pIoU: 86.29%; train cIoU: 82.01%
2021-12-05 17:58:56,019 - main.py[line:181] - INFO: Epoch: 154; eval pIoU: 83.61%; eval cIoU: 78.91%; train pIoU: 86.38%; train cIoU: 81.81%
2021-12-05 18:02:09,033 - main.py[line:181] - INFO: Epoch: 155; eval pIoU: 83.57%; eval cIoU: 78.96%; train pIoU: 86.47%; train cIoU: 81.83%
2021-12-05 18:05:22,169 - main.py[line:181] - INFO: Epoch: 156; eval pIoU: 83.51%; eval cIoU: 77.17%; train pIoU: 86.27%; train cIoU: 81.74%
2021-12-05 18:08:35,117 - main.py[line:181] - INFO: Epoch: 157; eval pIoU: 83.69%; eval cIoU: 78.16%; train pIoU: 86.43%; train cIoU: 81.96%
2021-12-05 18:11:48,002 - main.py[line:181] - INFO: Epoch: 158; eval pIoU: 84.00%; eval cIoU: 79.36%; train pIoU: 86.59%; train cIoU: 82.17%
2021-12-05 18:15:00,345 - main.py[line:181] - INFO: Epoch: 159; eval pIoU: 83.57%; eval cIoU: 78.33%; train pIoU: 86.59%; train cIoU: 82.25%
2021-12-05 18:18:11,872 - main.py[line:181] - INFO: Epoch: 160; eval pIoU: 83.71%; eval cIoU: 78.32%; train pIoU: 86.37%; train cIoU: 81.84%
2021-12-05 18:21:23,379 - main.py[line:181] - INFO: Epoch: 161; eval pIoU: 84.07%; eval cIoU: 78.94%; train pIoU: 86.40%; train cIoU: 82.07%
2021-12-05 18:24:34,906 - main.py[line:181] - INFO: Epoch: 162; eval pIoU: 83.29%; eval cIoU: 78.68%; train pIoU: 86.55%; train cIoU: 82.14%
2021-12-05 18:27:46,430 - main.py[line:181] - INFO: Epoch: 163; eval pIoU: 83.97%; eval cIoU: 79.01%; train pIoU: 86.34%; train cIoU: 82.00%
2021-12-05 18:30:57,955 - main.py[line:181] - INFO: Epoch: 164; eval pIoU: 84.06%; eval cIoU: 79.18%; train pIoU: 86.68%; train cIoU: 82.39%
2021-12-05 18:34:09,500 - main.py[line:181] - INFO: Epoch: 165; eval pIoU: 83.37%; eval cIoU: 78.72%; train pIoU: 86.59%; train cIoU: 82.30%
2021-12-05 18:37:21,046 - main.py[line:181] - INFO: Epoch: 166; eval pIoU: 83.74%; eval cIoU: 78.90%; train pIoU: 86.68%; train cIoU: 82.37%
2021-12-05 18:40:32,606 - main.py[line:181] - INFO: Epoch: 167; eval pIoU: 84.14%; eval cIoU: 79.26%; train pIoU: 86.80%; train cIoU: 82.44%
2021-12-05 18:40:32,609 - main.py[line:186] - INFO: New best model is achieved at epoch 167 with eval pIoU as 84.14%
2021-12-05 18:43:44,169 - main.py[line:181] - INFO: Epoch: 168; eval pIoU: 83.55%; eval cIoU: 78.69%; train pIoU: 86.44%; train cIoU: 82.17%
2021-12-05 18:46:55,712 - main.py[line:181] - INFO: Epoch: 169; eval pIoU: 83.65%; eval cIoU: 79.55%; train pIoU: 86.68%; train cIoU: 82.43%
2021-12-05 18:50:07,240 - main.py[line:181] - INFO: Epoch: 170; eval pIoU: 83.15%; eval cIoU: 78.69%; train pIoU: 86.55%; train cIoU: 82.67%
2021-12-05 18:53:18,799 - main.py[line:181] - INFO: Epoch: 171; eval pIoU: 83.71%; eval cIoU: 78.49%; train pIoU: 86.65%; train cIoU: 82.37%
2021-12-05 18:56:30,345 - main.py[line:181] - INFO: Epoch: 172; eval pIoU: 84.11%; eval cIoU: 78.33%; train pIoU: 86.59%; train cIoU: 82.55%
2021-12-05 18:59:41,843 - main.py[line:181] - INFO: Epoch: 173; eval pIoU: 84.07%; eval cIoU: 78.94%; train pIoU: 86.39%; train cIoU: 82.29%
2021-12-05 19:02:53,339 - main.py[line:181] - INFO: Epoch: 174; eval pIoU: 83.90%; eval cIoU: 78.82%; train pIoU: 86.76%; train cIoU: 82.48%
2021-12-05 19:06:04,855 - main.py[line:181] - INFO: Epoch: 175; eval pIoU: 83.85%; eval cIoU: 78.73%; train pIoU: 86.52%; train cIoU: 82.41%
2021-12-05 19:09:16,357 - main.py[line:181] - INFO: Epoch: 176; eval pIoU: 84.17%; eval cIoU: 78.79%; train pIoU: 86.82%; train cIoU: 82.58%
2021-12-05 19:09:16,361 - main.py[line:186] - INFO: New best model is achieved at epoch 176 with eval pIoU as 84.17%
2021-12-05 19:12:27,878 - main.py[line:181] - INFO: Epoch: 177; eval pIoU: 83.89%; eval cIoU: 79.47%; train pIoU: 86.87%; train cIoU: 82.78%
2021-12-05 19:15:39,382 - main.py[line:181] - INFO: Epoch: 178; eval pIoU: 83.94%; eval cIoU: 78.85%; train pIoU: 86.88%; train cIoU: 82.91%
2021-12-05 19:18:50,886 - main.py[line:181] - INFO: Epoch: 179; eval pIoU: 83.97%; eval cIoU: 79.53%; train pIoU: 86.78%; train cIoU: 82.86%
2021-12-05 19:22:02,390 - main.py[line:181] - INFO: Epoch: 180; eval pIoU: 83.44%; eval cIoU: 77.15%; train pIoU: 86.90%; train cIoU: 82.73%
2021-12-05 19:25:13,945 - main.py[line:181] - INFO: Epoch: 181; eval pIoU: 83.88%; eval cIoU: 78.91%; train pIoU: 86.95%; train cIoU: 82.73%
2021-12-05 19:28:26,853 - main.py[line:181] - INFO: Epoch: 182; eval pIoU: 84.06%; eval cIoU: 79.26%; train pIoU: 86.93%; train cIoU: 82.83%
2021-12-05 19:31:39,653 - main.py[line:181] - INFO: Epoch: 183; eval pIoU: 83.76%; eval cIoU: 78.99%; train pIoU: 87.01%; train cIoU: 83.06%
2021-12-05 19:34:52,650 - main.py[line:181] - INFO: Epoch: 184; eval pIoU: 83.85%; eval cIoU: 78.64%; train pIoU: 87.22%; train cIoU: 82.94%
2021-12-05 19:38:05,104 - main.py[line:181] - INFO: Epoch: 185; eval pIoU: 83.70%; eval cIoU: 78.91%; train pIoU: 87.02%; train cIoU: 83.19%
2021-12-05 19:41:18,035 - main.py[line:181] - INFO: Epoch: 186; eval pIoU: 83.84%; eval cIoU: 79.23%; train pIoU: 87.04%; train cIoU: 83.03%
2021-12-05 19:44:30,846 - main.py[line:181] - INFO: Epoch: 187; eval pIoU: 83.80%; eval cIoU: 78.70%; train pIoU: 86.82%; train cIoU: 82.85%
2021-12-05 19:47:43,416 - main.py[line:181] - INFO: Epoch: 188; eval pIoU: 83.16%; eval cIoU: 79.01%; train pIoU: 86.67%; train cIoU: 82.85%
2021-12-05 19:50:56,070 - main.py[line:181] - INFO: Epoch: 189; eval pIoU: 83.36%; eval cIoU: 78.54%; train pIoU: 86.69%; train cIoU: 82.65%
2021-12-05 19:54:08,543 - main.py[line:181] - INFO: Epoch: 190; eval pIoU: 83.64%; eval cIoU: 77.99%; train pIoU: 86.83%; train cIoU: 82.71%
2021-12-05 19:57:21,439 - main.py[line:181] - INFO: Epoch: 191; eval pIoU: 83.49%; eval cIoU: 78.80%; train pIoU: 86.00%; train cIoU: 81.16%
2021-12-05 20:00:33,911 - main.py[line:181] - INFO: Epoch: 192; eval pIoU: 84.10%; eval cIoU: 78.68%; train pIoU: 86.52%; train cIoU: 82.21%
2021-12-05 20:03:46,824 - main.py[line:181] - INFO: Epoch: 193; eval pIoU: 83.46%; eval cIoU: 78.98%; train pIoU: 86.66%; train cIoU: 82.49%
2021-12-05 20:06:59,794 - main.py[line:181] - INFO: Epoch: 194; eval pIoU: 84.23%; eval cIoU: 79.45%; train pIoU: 86.68%; train cIoU: 82.78%
2021-12-05 20:06:59,798 - main.py[line:186] - INFO: New best model is achieved at epoch 194 with eval pIoU as 84.23%
2021-12-05 20:10:12,278 - main.py[line:181] - INFO: Epoch: 195; eval pIoU: 84.04%; eval cIoU: 79.54%; train pIoU: 86.99%; train cIoU: 83.01%
2021-12-05 20:13:25,016 - main.py[line:181] - INFO: Epoch: 196; eval pIoU: 83.81%; eval cIoU: 79.57%; train pIoU: 87.26%; train cIoU: 83.47%
2021-12-05 20:16:37,640 - main.py[line:181] - INFO: Epoch: 197; eval pIoU: 83.87%; eval cIoU: 79.22%; train pIoU: 87.13%; train cIoU: 83.50%
2021-12-05 20:19:50,229 - main.py[line:181] - INFO: Epoch: 198; eval pIoU: 84.13%; eval cIoU: 79.46%; train pIoU: 87.06%; train cIoU: 83.49%
2021-12-05 20:23:02,937 - main.py[line:181] - INFO: Epoch: 199; eval pIoU: 83.74%; eval cIoU: 79.19%; train pIoU: 87.07%; train cIoU: 83.18%
2021-12-05 20:26:14,567 - main.py[line:181] - INFO: Epoch: 200; eval pIoU: 83.35%; eval cIoU: 78.56%; train pIoU: 86.76%; train cIoU: 82.53%
2021-12-05 20:29:26,247 - main.py[line:181] - INFO: Epoch: 201; eval pIoU: 84.65%; eval cIoU: 80.32%; train pIoU: 87.59%; train cIoU: 84.03%
2021-12-05 20:29:26,251 - main.py[line:186] - INFO: New best model is achieved at epoch 201 with eval pIoU as 84.65%
2021-12-05 20:32:37,904 - main.py[line:181] - INFO: Epoch: 202; eval pIoU: 84.63%; eval cIoU: 80.33%; train pIoU: 88.11%; train cIoU: 84.62%
2021-12-05 20:35:49,545 - main.py[line:181] - INFO: Epoch: 203; eval pIoU: 84.72%; eval cIoU: 80.38%; train pIoU: 88.22%; train cIoU: 84.71%
2021-12-05 20:35:49,548 - main.py[line:186] - INFO: New best model is achieved at epoch 203 with eval pIoU as 84.72%
2021-12-05 20:39:01,205 - main.py[line:181] - INFO: Epoch: 204; eval pIoU: 84.81%; eval cIoU: 80.62%; train pIoU: 88.30%; train cIoU: 85.03%
2021-12-05 20:39:01,208 - main.py[line:186] - INFO: New best model is achieved at epoch 204 with eval pIoU as 84.81%
2021-12-05 20:42:12,849 - main.py[line:181] - INFO: Epoch: 205; eval pIoU: 84.69%; eval cIoU: 80.28%; train pIoU: 88.33%; train cIoU: 85.11%
2021-12-05 20:45:24,491 - main.py[line:181] - INFO: Epoch: 206; eval pIoU: 84.77%; eval cIoU: 80.40%; train pIoU: 88.37%; train cIoU: 85.18%
2021-12-05 20:48:36,122 - main.py[line:181] - INFO: Epoch: 207; eval pIoU: 84.83%; eval cIoU: 80.52%; train pIoU: 88.36%; train cIoU: 85.12%
2021-12-05 20:48:36,125 - main.py[line:186] - INFO: New best model is achieved at epoch 207 with eval pIoU as 84.83%
2021-12-05 20:51:47,762 - main.py[line:181] - INFO: Epoch: 208; eval pIoU: 84.67%; eval cIoU: 80.39%; train pIoU: 88.44%; train cIoU: 85.26%
2021-12-05 20:54:59,411 - main.py[line:181] - INFO: Epoch: 209; eval pIoU: 84.78%; eval cIoU: 80.40%; train pIoU: 88.44%; train cIoU: 85.10%
2021-12-05 20:58:11,060 - main.py[line:181] - INFO: Epoch: 210; eval pIoU: 84.64%; eval cIoU: 80.38%; train pIoU: 88.49%; train cIoU: 85.32%
2021-12-05 21:01:22,670 - main.py[line:181] - INFO: Epoch: 211; eval pIoU: 84.78%; eval cIoU: 80.33%; train pIoU: 88.51%; train cIoU: 85.34%
2021-12-05 21:04:34,320 - main.py[line:181] - INFO: Epoch: 212; eval pIoU: 84.79%; eval cIoU: 80.64%; train pIoU: 88.51%; train cIoU: 85.41%
2021-12-05 21:07:46,028 - main.py[line:181] - INFO: Epoch: 213; eval pIoU: 84.81%; eval cIoU: 80.51%; train pIoU: 88.51%; train cIoU: 85.32%
2021-12-05 21:10:57,703 - main.py[line:181] - INFO: Epoch: 214; eval pIoU: 84.77%; eval cIoU: 80.37%; train pIoU: 88.50%; train cIoU: 85.26%
2021-12-05 21:14:09,437 - main.py[line:181] - INFO: Epoch: 215; eval pIoU: 84.69%; eval cIoU: 80.24%; train pIoU: 88.53%; train cIoU: 85.34%
2021-12-05 21:17:21,060 - main.py[line:181] - INFO: Epoch: 216; eval pIoU: 84.73%; eval cIoU: 80.42%; train pIoU: 88.57%; train cIoU: 85.34%
2021-12-05 21:20:32,715 - main.py[line:181] - INFO: Epoch: 217; eval pIoU: 84.79%; eval cIoU: 80.44%; train pIoU: 88.59%; train cIoU: 85.33%
2021-12-05 21:23:44,369 - main.py[line:181] - INFO: Epoch: 218; eval pIoU: 84.83%; eval cIoU: 80.43%; train pIoU: 88.58%; train cIoU: 85.59%
2021-12-05 21:26:56,035 - main.py[line:181] - INFO: Epoch: 219; eval pIoU: 84.79%; eval cIoU: 80.67%; train pIoU: 88.62%; train cIoU: 85.66%
2021-12-05 21:30:07,727 - main.py[line:181] - INFO: Epoch: 220; eval pIoU: 84.75%; eval cIoU: 80.31%; train pIoU: 88.64%; train cIoU: 85.56%
2021-12-05 21:33:19,333 - main.py[line:181] - INFO: Epoch: 221; eval pIoU: 84.61%; eval cIoU: 80.23%; train pIoU: 88.63%; train cIoU: 85.52%
2021-12-05 21:36:30,969 - main.py[line:181] - INFO: Epoch: 222; eval pIoU: 84.69%; eval cIoU: 80.52%; train pIoU: 88.66%; train cIoU: 85.66%
2021-12-05 21:39:42,607 - main.py[line:181] - INFO: Epoch: 223; eval pIoU: 84.67%; eval cIoU: 80.42%; train pIoU: 88.65%; train cIoU: 85.53%
2021-12-05 21:42:54,273 - main.py[line:181] - INFO: Epoch: 224; eval pIoU: 84.75%; eval cIoU: 80.57%; train pIoU: 88.64%; train cIoU: 85.60%
2021-12-05 21:46:05,874 - main.py[line:181] - INFO: Epoch: 225; eval pIoU: 84.81%; eval cIoU: 80.47%; train pIoU: 88.65%; train cIoU: 85.58%
2021-12-05 21:49:17,491 - main.py[line:181] - INFO: Epoch: 226; eval pIoU: 84.71%; eval cIoU: 80.43%; train pIoU: 88.67%; train cIoU: 85.45%
2021-12-05 21:52:29,044 - main.py[line:181] - INFO: Epoch: 227; eval pIoU: 84.74%; eval cIoU: 80.55%; train pIoU: 88.67%; train cIoU: 85.63%
2021-12-05 21:55:40,645 - main.py[line:181] - INFO: Epoch: 228; eval pIoU: 84.83%; eval cIoU: 80.51%; train pIoU: 88.69%; train cIoU: 85.56%
2021-12-05 21:58:52,297 - main.py[line:181] - INFO: Epoch: 229; eval pIoU: 84.80%; eval cIoU: 80.57%; train pIoU: 88.68%; train cIoU: 85.59%
2021-12-05 22:02:03,933 - main.py[line:181] - INFO: Epoch: 230; eval pIoU: 84.77%; eval cIoU: 80.56%; train pIoU: 88.72%; train cIoU: 85.78%
2021-12-05 22:05:16,459 - main.py[line:181] - INFO: Epoch: 231; eval pIoU: 84.79%; eval cIoU: 80.43%; train pIoU: 88.68%; train cIoU: 85.74%
2021-12-05 22:08:28,803 - main.py[line:181] - INFO: Epoch: 232; eval pIoU: 84.82%; eval cIoU: 80.42%; train pIoU: 88.67%; train cIoU: 85.60%
2021-12-05 22:11:40,501 - main.py[line:181] - INFO: Epoch: 233; eval pIoU: 84.76%; eval cIoU: 80.50%; train pIoU: 88.71%; train cIoU: 85.70%
2021-12-05 22:14:52,164 - main.py[line:181] - INFO: Epoch: 234; eval pIoU: 84.85%; eval cIoU: 80.65%; train pIoU: 88.70%; train cIoU: 85.72%
2021-12-05 22:14:52,167 - main.py[line:186] - INFO: New best model is achieved at epoch 234 with eval pIoU as 84.85%
2021-12-05 22:18:04,867 - main.py[line:181] - INFO: Epoch: 235; eval pIoU: 84.70%; eval cIoU: 80.51%; train pIoU: 88.72%; train cIoU: 85.71%
2021-12-05 22:21:17,091 - main.py[line:181] - INFO: Epoch: 236; eval pIoU: 84.87%; eval cIoU: 80.60%; train pIoU: 88.74%; train cIoU: 85.71%
2021-12-05 22:21:17,095 - main.py[line:186] - INFO: New best model is achieved at epoch 236 with eval pIoU as 84.87%
2021-12-05 22:24:28,689 - main.py[line:181] - INFO: Epoch: 237; eval pIoU: 84.83%; eval cIoU: 80.69%; train pIoU: 88.75%; train cIoU: 85.87%
2021-12-05 22:27:40,247 - main.py[line:181] - INFO: Epoch: 238; eval pIoU: 84.73%; eval cIoU: 80.74%; train pIoU: 88.74%; train cIoU: 85.71%
2021-12-05 22:30:51,814 - main.py[line:181] - INFO: Epoch: 239; eval pIoU: 84.77%; eval cIoU: 80.63%; train pIoU: 88.80%; train cIoU: 85.85%
2021-12-05 22:34:03,439 - main.py[line:181] - INFO: Epoch: 240; eval pIoU: 84.83%; eval cIoU: 80.47%; train pIoU: 88.76%; train cIoU: 85.72%
2021-12-05 22:37:15,051 - main.py[line:181] - INFO: Epoch: 241; eval pIoU: 84.82%; eval cIoU: 80.50%; train pIoU: 88.78%; train cIoU: 85.84%
2021-12-05 22:40:26,639 - main.py[line:181] - INFO: Epoch: 242; eval pIoU: 84.83%; eval cIoU: 80.61%; train pIoU: 88.75%; train cIoU: 85.69%
2021-12-05 22:43:38,248 - main.py[line:181] - INFO: Epoch: 243; eval pIoU: 84.80%; eval cIoU: 80.63%; train pIoU: 88.79%; train cIoU: 85.88%
2021-12-05 22:46:49,993 - main.py[line:181] - INFO: Epoch: 244; eval pIoU: 84.80%; eval cIoU: 80.53%; train pIoU: 88.81%; train cIoU: 85.73%
2021-12-05 22:50:01,553 - main.py[line:181] - INFO: Epoch: 245; eval pIoU: 84.75%; eval cIoU: 80.46%; train pIoU: 88.80%; train cIoU: 85.85%
2021-12-05 22:53:13,071 - main.py[line:181] - INFO: Epoch: 246; eval pIoU: 84.84%; eval cIoU: 80.51%; train pIoU: 88.77%; train cIoU: 85.73%
2021-12-05 22:56:24,657 - main.py[line:181] - INFO: Epoch: 247; eval pIoU: 84.80%; eval cIoU: 80.49%; train pIoU: 88.78%; train cIoU: 85.80%
2021-12-05 22:59:36,367 - main.py[line:181] - INFO: Epoch: 248; eval pIoU: 84.81%; eval cIoU: 80.59%; train pIoU: 88.82%; train cIoU: 85.77%
2021-12-05 23:02:48,057 - main.py[line:181] - INFO: Epoch: 249; eval pIoU: 84.63%; eval cIoU: 80.41%; train pIoU: 88.77%; train cIoU: 85.73%
2021-12-05 23:05:59,705 - main.py[line:181] - INFO: Epoch: 250; eval pIoU: 84.77%; eval cIoU: 80.63%; train pIoU: 88.84%; train cIoU: 85.84%
2021-12-05 23:09:11,459 - main.py[line:181] - INFO: Epoch: 251; eval pIoU: 84.92%; eval cIoU: 80.63%; train pIoU: 88.82%; train cIoU: 85.89%
2021-12-05 23:09:11,463 - main.py[line:186] - INFO: New best model is achieved at epoch 251 with eval pIoU as 84.92%
2021-12-05 23:12:23,163 - main.py[line:181] - INFO: Epoch: 252; eval pIoU: 84.73%; eval cIoU: 80.30%; train pIoU: 88.85%; train cIoU: 85.90%
2021-12-05 23:15:34,729 - main.py[line:181] - INFO: Epoch: 253; eval pIoU: 84.81%; eval cIoU: 80.43%; train pIoU: 88.87%; train cIoU: 85.89%
2021-12-05 23:18:46,423 - main.py[line:181] - INFO: Epoch: 254; eval pIoU: 84.82%; eval cIoU: 80.70%; train pIoU: 88.89%; train cIoU: 85.93%
2021-12-05 23:21:58,129 - main.py[line:181] - INFO: Epoch: 255; eval pIoU: 84.79%; eval cIoU: 80.56%; train pIoU: 88.88%; train cIoU: 85.84%
2021-12-05 23:25:09,716 - main.py[line:181] - INFO: Epoch: 256; eval pIoU: 84.73%; eval cIoU: 80.51%; train pIoU: 88.84%; train cIoU: 85.96%
2021-12-05 23:28:21,387 - main.py[line:181] - INFO: Epoch: 257; eval pIoU: 84.75%; eval cIoU: 80.38%; train pIoU: 88.82%; train cIoU: 85.87%
2021-12-05 23:31:33,103 - main.py[line:181] - INFO: Epoch: 258; eval pIoU: 84.84%; eval cIoU: 80.65%; train pIoU: 88.91%; train cIoU: 86.05%
2021-12-05 23:34:44,821 - main.py[line:181] - INFO: Epoch: 259; eval pIoU: 84.82%; eval cIoU: 80.67%; train pIoU: 88.87%; train cIoU: 85.93%
2021-12-05 23:37:56,413 - main.py[line:181] - INFO: Epoch: 260; eval pIoU: 84.72%; eval cIoU: 80.42%; train pIoU: 88.83%; train cIoU: 85.76%
2021-12-05 23:41:07,966 - main.py[line:181] - INFO: Epoch: 261; eval pIoU: 84.79%; eval cIoU: 80.46%; train pIoU: 88.91%; train cIoU: 85.92%
2021-12-05 23:44:19,546 - main.py[line:181] - INFO: Epoch: 262; eval pIoU: 84.76%; eval cIoU: 80.56%; train pIoU: 88.95%; train cIoU: 86.02%
2021-12-05 23:47:31,124 - main.py[line:181] - INFO: Epoch: 263; eval pIoU: 84.75%; eval cIoU: 80.54%; train pIoU: 88.89%; train cIoU: 86.09%
2021-12-05 23:50:42,744 - main.py[line:181] - INFO: Epoch: 264; eval pIoU: 84.74%; eval cIoU: 80.48%; train pIoU: 88.89%; train cIoU: 85.96%
2021-12-05 23:53:54,348 - main.py[line:181] - INFO: Epoch: 265; eval pIoU: 84.69%; eval cIoU: 80.53%; train pIoU: 88.90%; train cIoU: 85.88%
2021-12-05 23:57:05,919 - main.py[line:181] - INFO: Epoch: 266; eval pIoU: 84.71%; eval cIoU: 80.48%; train pIoU: 88.91%; train cIoU: 86.14%
2021-12-06 00:00:17,682 - main.py[line:181] - INFO: Epoch: 267; eval pIoU: 84.70%; eval cIoU: 80.63%; train pIoU: 88.86%; train cIoU: 86.04%
2021-12-06 00:03:29,374 - main.py[line:181] - INFO: Epoch: 268; eval pIoU: 84.74%; eval cIoU: 80.54%; train pIoU: 88.95%; train cIoU: 86.13%
2021-12-06 00:06:41,029 - main.py[line:181] - INFO: Epoch: 269; eval pIoU: 84.77%; eval cIoU: 80.55%; train pIoU: 88.90%; train cIoU: 86.07%
2021-12-06 00:09:52,660 - main.py[line:181] - INFO: Epoch: 270; eval pIoU: 84.66%; eval cIoU: 80.28%; train pIoU: 88.96%; train cIoU: 86.26%
2021-12-06 00:13:04,347 - main.py[line:181] - INFO: Epoch: 271; eval pIoU: 84.58%; eval cIoU: 80.23%; train pIoU: 88.93%; train cIoU: 86.04%
2021-12-06 00:16:15,962 - main.py[line:181] - INFO: Epoch: 272; eval pIoU: 84.69%; eval cIoU: 80.48%; train pIoU: 88.91%; train cIoU: 86.03%
2021-12-06 00:19:27,533 - main.py[line:181] - INFO: Epoch: 273; eval pIoU: 84.76%; eval cIoU: 80.52%; train pIoU: 88.96%; train cIoU: 86.05%
2021-12-06 00:22:39,152 - main.py[line:181] - INFO: Epoch: 274; eval pIoU: 84.77%; eval cIoU: 80.65%; train pIoU: 89.00%; train cIoU: 86.08%
2021-12-06 00:25:50,780 - main.py[line:181] - INFO: Epoch: 275; eval pIoU: 84.64%; eval cIoU: 80.38%; train pIoU: 88.95%; train cIoU: 86.03%
2021-12-06 00:29:02,370 - main.py[line:181] - INFO: Epoch: 276; eval pIoU: 84.69%; eval cIoU: 80.70%; train pIoU: 88.95%; train cIoU: 86.16%
2021-12-06 00:32:14,000 - main.py[line:181] - INFO: Epoch: 277; eval pIoU: 84.67%; eval cIoU: 80.49%; train pIoU: 88.98%; train cIoU: 86.00%
2021-12-06 00:35:25,649 - main.py[line:181] - INFO: Epoch: 278; eval pIoU: 84.66%; eval cIoU: 80.44%; train pIoU: 88.94%; train cIoU: 85.82%
2021-12-06 00:38:37,288 - main.py[line:181] - INFO: Epoch: 279; eval pIoU: 84.67%; eval cIoU: 80.55%; train pIoU: 88.95%; train cIoU: 86.26%
2021-12-06 00:41:48,945 - main.py[line:181] - INFO: Epoch: 280; eval pIoU: 84.66%; eval cIoU: 80.66%; train pIoU: 88.99%; train cIoU: 86.16%
2021-12-06 00:45:00,650 - main.py[line:181] - INFO: Epoch: 281; eval pIoU: 84.66%; eval cIoU: 80.54%; train pIoU: 88.97%; train cIoU: 86.07%
2021-12-06 00:48:12,389 - main.py[line:181] - INFO: Epoch: 282; eval pIoU: 84.77%; eval cIoU: 80.63%; train pIoU: 88.95%; train cIoU: 85.90%
2021-12-06 00:51:24,137 - main.py[line:181] - INFO: Epoch: 283; eval pIoU: 84.69%; eval cIoU: 80.74%; train pIoU: 89.01%; train cIoU: 86.15%
2021-12-06 00:54:35,867 - main.py[line:181] - INFO: Epoch: 284; eval pIoU: 84.72%; eval cIoU: 80.62%; train pIoU: 88.96%; train cIoU: 85.95%
2021-12-06 00:57:47,512 - main.py[line:181] - INFO: Epoch: 285; eval pIoU: 84.75%; eval cIoU: 80.72%; train pIoU: 88.93%; train cIoU: 86.11%
2021-12-06 01:00:59,091 - main.py[line:181] - INFO: Epoch: 286; eval pIoU: 84.75%; eval cIoU: 80.54%; train pIoU: 89.02%; train cIoU: 86.32%
2021-12-06 01:04:10,699 - main.py[line:181] - INFO: Epoch: 287; eval pIoU: 84.78%; eval cIoU: 80.43%; train pIoU: 89.05%; train cIoU: 86.24%
2021-12-06 01:07:22,283 - main.py[line:181] - INFO: Epoch: 288; eval pIoU: 84.70%; eval cIoU: 80.58%; train pIoU: 89.02%; train cIoU: 86.14%
2021-12-06 01:10:33,852 - main.py[line:181] - INFO: Epoch: 289; eval pIoU: 84.79%; eval cIoU: 80.77%; train pIoU: 89.03%; train cIoU: 86.22%
2021-12-06 01:13:45,521 - main.py[line:181] - INFO: Epoch: 290; eval pIoU: 84.78%; eval cIoU: 80.41%; train pIoU: 89.02%; train cIoU: 86.05%
2021-12-06 01:16:57,151 - main.py[line:181] - INFO: Epoch: 291; eval pIoU: 84.71%; eval cIoU: 80.57%; train pIoU: 89.02%; train cIoU: 86.25%
2021-12-06 01:20:08,881 - main.py[line:181] - INFO: Epoch: 292; eval pIoU: 84.69%; eval cIoU: 80.39%; train pIoU: 89.06%; train cIoU: 86.26%
2021-12-06 01:23:20,560 - main.py[line:181] - INFO: Epoch: 293; eval pIoU: 84.74%; eval cIoU: 80.43%; train pIoU: 89.04%; train cIoU: 86.10%
2021-12-06 01:26:32,195 - main.py[line:181] - INFO: Epoch: 294; eval pIoU: 84.68%; eval cIoU: 80.41%; train pIoU: 89.04%; train cIoU: 86.28%
2021-12-06 01:29:43,882 - main.py[line:181] - INFO: Epoch: 295; eval pIoU: 84.75%; eval cIoU: 80.44%; train pIoU: 89.01%; train cIoU: 86.25%
2021-12-06 01:32:55,540 - main.py[line:181] - INFO: Epoch: 296; eval pIoU: 84.71%; eval cIoU: 80.45%; train pIoU: 89.08%; train cIoU: 86.34%
2021-12-06 01:36:07,196 - main.py[line:181] - INFO: Epoch: 297; eval pIoU: 84.62%; eval cIoU: 80.59%; train pIoU: 89.13%; train cIoU: 86.28%
2021-12-06 01:39:18,813 - main.py[line:181] - INFO: Epoch: 298; eval pIoU: 84.67%; eval cIoU: 80.48%; train pIoU: 89.09%; train cIoU: 86.23%
2021-12-06 01:42:30,369 - main.py[line:181] - INFO: Epoch: 299; eval pIoU: 84.65%; eval cIoU: 80.32%; train pIoU: 89.08%; train cIoU: 86.35%
2021-12-06 01:45:41,965 - main.py[line:181] - INFO: Epoch: 300; eval pIoU: 84.60%; eval cIoU: 80.36%; train pIoU: 89.10%; train cIoU: 86.30%
2021-12-06 01:48:53,648 - main.py[line:181] - INFO: Epoch: 301; eval pIoU: 84.63%; eval cIoU: 80.38%; train pIoU: 89.05%; train cIoU: 86.18%
2021-12-06 01:52:05,330 - main.py[line:181] - INFO: Epoch: 302; eval pIoU: 84.68%; eval cIoU: 80.52%; train pIoU: 89.05%; train cIoU: 86.28%
2021-12-06 01:55:17,002 - main.py[line:181] - INFO: Epoch: 303; eval pIoU: 84.76%; eval cIoU: 80.56%; train pIoU: 89.12%; train cIoU: 86.43%
2021-12-06 01:58:28,573 - main.py[line:181] - INFO: Epoch: 304; eval pIoU: 84.64%; eval cIoU: 80.34%; train pIoU: 89.08%; train cIoU: 86.35%
2021-12-06 02:01:40,096 - main.py[line:181] - INFO: Epoch: 305; eval pIoU: 84.65%; eval cIoU: 80.50%; train pIoU: 89.10%; train cIoU: 86.21%
2021-12-06 02:04:51,693 - main.py[line:181] - INFO: Epoch: 306; eval pIoU: 84.63%; eval cIoU: 80.57%; train pIoU: 89.08%; train cIoU: 86.34%
2021-12-06 02:08:03,342 - main.py[line:181] - INFO: Epoch: 307; eval pIoU: 84.60%; eval cIoU: 80.60%; train pIoU: 89.12%; train cIoU: 86.56%
2021-12-06 02:11:14,959 - main.py[line:181] - INFO: Epoch: 308; eval pIoU: 84.73%; eval cIoU: 80.79%; train pIoU: 89.07%; train cIoU: 86.20%
2021-12-06 02:14:26,628 - main.py[line:181] - INFO: Epoch: 309; eval pIoU: 84.56%; eval cIoU: 80.55%; train pIoU: 89.12%; train cIoU: 86.35%
2021-12-06 02:17:38,233 - main.py[line:181] - INFO: Epoch: 310; eval pIoU: 84.77%; eval cIoU: 80.61%; train pIoU: 89.14%; train cIoU: 86.31%
2021-12-06 02:20:49,856 - main.py[line:181] - INFO: Epoch: 311; eval pIoU: 84.69%; eval cIoU: 80.55%; train pIoU: 89.18%; train cIoU: 86.40%
2021-12-06 02:24:01,542 - main.py[line:181] - INFO: Epoch: 312; eval pIoU: 84.72%; eval cIoU: 80.54%; train pIoU: 89.15%; train cIoU: 86.45%
2021-12-06 02:27:13,144 - main.py[line:181] - INFO: Epoch: 313; eval pIoU: 84.66%; eval cIoU: 80.44%; train pIoU: 89.18%; train cIoU: 86.40%
2021-12-06 02:30:24,776 - main.py[line:181] - INFO: Epoch: 314; eval pIoU: 84.70%; eval cIoU: 80.45%; train pIoU: 89.16%; train cIoU: 86.46%
2021-12-06 02:33:36,508 - main.py[line:181] - INFO: Epoch: 315; eval pIoU: 84.74%; eval cIoU: 80.57%; train pIoU: 89.14%; train cIoU: 86.31%
2021-12-06 02:36:48,202 - main.py[line:181] - INFO: Epoch: 316; eval pIoU: 84.63%; eval cIoU: 80.32%; train pIoU: 89.12%; train cIoU: 86.40%
2021-12-06 02:39:59,848 - main.py[line:181] - INFO: Epoch: 317; eval pIoU: 84.59%; eval cIoU: 80.31%; train pIoU: 89.12%; train cIoU: 86.37%
2021-12-06 02:43:11,419 - main.py[line:181] - INFO: Epoch: 318; eval pIoU: 84.57%; eval cIoU: 80.46%; train pIoU: 89.11%; train cIoU: 86.29%
2021-12-06 02:46:23,165 - main.py[line:181] - INFO: Epoch: 319; eval pIoU: 84.76%; eval cIoU: 80.48%; train pIoU: 89.15%; train cIoU: 86.43%
2021-12-06 02:49:34,790 - main.py[line:181] - INFO: Epoch: 320; eval pIoU: 84.64%; eval cIoU: 80.46%; train pIoU: 89.18%; train cIoU: 86.33%
2021-12-06 02:52:46,413 - main.py[line:181] - INFO: Epoch: 321; eval pIoU: 84.69%; eval cIoU: 80.44%; train pIoU: 89.13%; train cIoU: 86.32%
2021-12-06 02:55:58,118 - main.py[line:181] - INFO: Epoch: 322; eval pIoU: 84.78%; eval cIoU: 80.46%; train pIoU: 89.15%; train cIoU: 86.19%
2021-12-06 02:59:09,742 - main.py[line:181] - INFO: Epoch: 323; eval pIoU: 84.66%; eval cIoU: 80.59%; train pIoU: 89.20%; train cIoU: 86.47%
2021-12-06 03:02:21,449 - main.py[line:181] - INFO: Epoch: 324; eval pIoU: 84.81%; eval cIoU: 80.69%; train pIoU: 89.19%; train cIoU: 86.39%
2021-12-06 03:05:33,165 - main.py[line:181] - INFO: Epoch: 325; eval pIoU: 84.72%; eval cIoU: 80.64%; train pIoU: 89.17%; train cIoU: 86.56%
2021-12-06 03:08:44,760 - main.py[line:181] - INFO: Epoch: 326; eval pIoU: 84.62%; eval cIoU: 80.50%; train pIoU: 89.16%; train cIoU: 86.45%
2021-12-06 03:11:56,367 - main.py[line:181] - INFO: Epoch: 327; eval pIoU: 84.52%; eval cIoU: 80.72%; train pIoU: 89.21%; train cIoU: 86.46%
2021-12-06 03:15:08,012 - main.py[line:181] - INFO: Epoch: 328; eval pIoU: 84.69%; eval cIoU: 80.32%; train pIoU: 89.17%; train cIoU: 86.49%
2021-12-06 03:18:19,642 - main.py[line:181] - INFO: Epoch: 329; eval pIoU: 84.81%; eval cIoU: 80.51%; train pIoU: 89.20%; train cIoU: 86.40%
2021-12-06 03:21:31,399 - main.py[line:181] - INFO: Epoch: 330; eval pIoU: 84.67%; eval cIoU: 80.58%; train pIoU: 89.19%; train cIoU: 86.40%
2021-12-06 03:24:43,129 - main.py[line:181] - INFO: Epoch: 331; eval pIoU: 84.58%; eval cIoU: 80.27%; train pIoU: 89.17%; train cIoU: 86.28%
2021-12-06 03:27:54,809 - main.py[line:181] - INFO: Epoch: 332; eval pIoU: 84.57%; eval cIoU: 80.23%; train pIoU: 89.20%; train cIoU: 86.51%
2021-12-06 03:31:06,465 - main.py[line:181] - INFO: Epoch: 333; eval pIoU: 84.58%; eval cIoU: 80.46%; train pIoU: 89.18%; train cIoU: 86.34%
2021-12-06 03:34:18,178 - main.py[line:181] - INFO: Epoch: 334; eval pIoU: 84.53%; eval cIoU: 80.04%; train pIoU: 89.19%; train cIoU: 86.51%
2021-12-06 03:37:29,922 - main.py[line:181] - INFO: Epoch: 335; eval pIoU: 84.62%; eval cIoU: 80.59%; train pIoU: 89.18%; train cIoU: 86.41%
2021-12-06 03:40:41,647 - main.py[line:181] - INFO: Epoch: 336; eval pIoU: 84.65%; eval cIoU: 80.46%; train pIoU: 89.25%; train cIoU: 86.59%
2021-12-06 03:43:53,345 - main.py[line:181] - INFO: Epoch: 337; eval pIoU: 84.63%; eval cIoU: 80.40%; train pIoU: 89.24%; train cIoU: 86.40%
2021-12-06 03:47:04,930 - main.py[line:181] - INFO: Epoch: 338; eval pIoU: 84.62%; eval cIoU: 80.33%; train pIoU: 89.22%; train cIoU: 86.40%
2021-12-06 03:50:16,634 - main.py[line:181] - INFO: Epoch: 339; eval pIoU: 84.67%; eval cIoU: 80.49%; train pIoU: 89.23%; train cIoU: 86.43%
2021-12-06 03:53:28,324 - main.py[line:181] - INFO: Epoch: 340; eval pIoU: 84.66%; eval cIoU: 80.39%; train pIoU: 89.26%; train cIoU: 86.56%
2021-12-06 03:56:39,926 - main.py[line:181] - INFO: Epoch: 341; eval pIoU: 84.63%; eval cIoU: 80.42%; train pIoU: 89.21%; train cIoU: 86.61%
2021-12-06 03:59:51,513 - main.py[line:181] - INFO: Epoch: 342; eval pIoU: 84.62%; eval cIoU: 80.21%; train pIoU: 89.29%; train cIoU: 86.59%
2021-12-06 04:03:03,197 - main.py[line:181] - INFO: Epoch: 343; eval pIoU: 84.65%; eval cIoU: 80.20%; train pIoU: 89.29%; train cIoU: 86.65%
2021-12-06 04:06:14,873 - main.py[line:181] - INFO: Epoch: 344; eval pIoU: 84.56%; eval cIoU: 80.23%; train pIoU: 89.26%; train cIoU: 86.59%
2021-12-06 04:09:26,461 - main.py[line:181] - INFO: Epoch: 345; eval pIoU: 84.62%; eval cIoU: 80.60%; train pIoU: 89.24%; train cIoU: 86.64%
2021-12-06 04:12:38,114 - main.py[line:181] - INFO: Epoch: 346; eval pIoU: 84.57%; eval cIoU: 80.36%; train pIoU: 89.30%; train cIoU: 86.66%
2021-12-06 04:15:49,806 - main.py[line:181] - INFO: Epoch: 347; eval pIoU: 84.66%; eval cIoU: 80.42%; train pIoU: 89.29%; train cIoU: 86.49%
2021-12-06 04:19:01,364 - main.py[line:181] - INFO: Epoch: 348; eval pIoU: 84.63%; eval cIoU: 80.26%; train pIoU: 89.29%; train cIoU: 86.67%
2021-12-06 04:22:12,958 - main.py[line:181] - INFO: Epoch: 349; eval pIoU: 84.80%; eval cIoU: 80.39%; train pIoU: 89.31%; train cIoU: 86.64%
2021-12-06 04:25:24,663 - main.py[line:181] - INFO: Epoch: 350; eval pIoU: 84.65%; eval cIoU: 80.50%; train pIoU: 89.27%; train cIoU: 86.63%
2021-12-06 04:28:36,398 - main.py[line:181] - INFO: Epoch: 351; eval pIoU: 84.67%; eval cIoU: 80.52%; train pIoU: 89.27%; train cIoU: 86.70%
2021-12-06 04:31:48,161 - main.py[line:181] - INFO: Epoch: 352; eval pIoU: 84.59%; eval cIoU: 80.40%; train pIoU: 89.26%; train cIoU: 86.52%
2021-12-06 04:34:59,888 - main.py[line:181] - INFO: Epoch: 353; eval pIoU: 84.66%; eval cIoU: 80.61%; train pIoU: 89.30%; train cIoU: 86.52%
2021-12-06 04:38:11,523 - main.py[line:181] - INFO: Epoch: 354; eval pIoU: 84.58%; eval cIoU: 80.52%; train pIoU: 89.32%; train cIoU: 86.78%
2021-12-06 04:41:23,147 - main.py[line:181] - INFO: Epoch: 355; eval pIoU: 84.65%; eval cIoU: 80.61%; train pIoU: 89.32%; train cIoU: 86.69%
2021-12-06 04:44:34,724 - main.py[line:181] - INFO: Epoch: 356; eval pIoU: 84.62%; eval cIoU: 80.49%; train pIoU: 89.25%; train cIoU: 86.49%
2021-12-06 04:47:46,313 - main.py[line:181] - INFO: Epoch: 357; eval pIoU: 84.60%; eval cIoU: 80.26%; train pIoU: 89.26%; train cIoU: 86.56%
2021-12-06 04:50:57,950 - main.py[line:181] - INFO: Epoch: 358; eval pIoU: 84.71%; eval cIoU: 80.69%; train pIoU: 89.31%; train cIoU: 86.59%
2021-12-06 04:54:09,634 - main.py[line:181] - INFO: Epoch: 359; eval pIoU: 84.58%; eval cIoU: 80.42%; train pIoU: 89.29%; train cIoU: 86.74%
2021-12-06 04:57:21,215 - main.py[line:181] - INFO: Epoch: 360; eval pIoU: 84.69%; eval cIoU: 80.55%; train pIoU: 89.27%; train cIoU: 86.77%
2021-12-06 05:00:32,845 - main.py[line:181] - INFO: Epoch: 361; eval pIoU: 84.66%; eval cIoU: 80.35%; train pIoU: 89.30%; train cIoU: 86.57%
2021-12-06 05:03:44,484 - main.py[line:181] - INFO: Epoch: 362; eval pIoU: 84.64%; eval cIoU: 80.35%; train pIoU: 89.27%; train cIoU: 86.57%
2021-12-06 05:06:56,225 - main.py[line:181] - INFO: Epoch: 363; eval pIoU: 84.61%; eval cIoU: 80.46%; train pIoU: 89.32%; train cIoU: 86.63%
2021-12-06 05:10:07,992 - main.py[line:181] - INFO: Epoch: 364; eval pIoU: 84.74%; eval cIoU: 80.51%; train pIoU: 89.32%; train cIoU: 86.62%
2021-12-06 05:13:19,690 - main.py[line:181] - INFO: Epoch: 365; eval pIoU: 84.79%; eval cIoU: 80.57%; train pIoU: 89.40%; train cIoU: 86.79%
2021-12-06 05:16:31,404 - main.py[line:181] - INFO: Epoch: 366; eval pIoU: 84.76%; eval cIoU: 80.30%; train pIoU: 89.32%; train cIoU: 86.66%
2021-12-06 05:19:43,138 - main.py[line:181] - INFO: Epoch: 367; eval pIoU: 84.72%; eval cIoU: 80.40%; train pIoU: 89.35%; train cIoU: 86.69%
2021-12-06 05:22:54,843 - main.py[line:181] - INFO: Epoch: 368; eval pIoU: 84.66%; eval cIoU: 80.37%; train pIoU: 89.32%; train cIoU: 86.61%
2021-12-06 05:26:06,580 - main.py[line:181] - INFO: Epoch: 369; eval pIoU: 84.66%; eval cIoU: 80.48%; train pIoU: 89.30%; train cIoU: 86.62%
2021-12-06 05:29:18,332 - main.py[line:181] - INFO: Epoch: 370; eval pIoU: 84.56%; eval cIoU: 80.46%; train pIoU: 89.34%; train cIoU: 86.56%
2021-12-06 05:32:29,950 - main.py[line:181] - INFO: Epoch: 371; eval pIoU: 84.63%; eval cIoU: 80.56%; train pIoU: 89.36%; train cIoU: 86.69%
2021-12-06 05:35:41,684 - main.py[line:181] - INFO: Epoch: 372; eval pIoU: 84.67%; eval cIoU: 80.66%; train pIoU: 89.37%; train cIoU: 86.86%
2021-12-06 05:38:53,273 - main.py[line:181] - INFO: Epoch: 373; eval pIoU: 84.67%; eval cIoU: 80.40%; train pIoU: 89.36%; train cIoU: 86.55%
2021-12-06 05:42:04,903 - main.py[line:181] - INFO: Epoch: 374; eval pIoU: 84.59%; eval cIoU: 80.60%; train pIoU: 89.37%; train cIoU: 86.78%
2021-12-06 05:45:16,618 - main.py[line:181] - INFO: Epoch: 375; eval pIoU: 84.54%; eval cIoU: 80.56%; train pIoU: 89.37%; train cIoU: 86.59%
2021-12-06 05:48:28,374 - main.py[line:181] - INFO: Epoch: 376; eval pIoU: 84.65%; eval cIoU: 80.36%; train pIoU: 89.31%; train cIoU: 86.65%
2021-12-06 05:51:40,145 - main.py[line:181] - INFO: Epoch: 377; eval pIoU: 84.58%; eval cIoU: 80.61%; train pIoU: 89.40%; train cIoU: 86.97%
2021-12-06 05:54:51,855 - main.py[line:181] - INFO: Epoch: 378; eval pIoU: 84.54%; eval cIoU: 80.24%; train pIoU: 89.41%; train cIoU: 86.83%
2021-12-06 05:58:03,558 - main.py[line:181] - INFO: Epoch: 379; eval pIoU: 84.55%; eval cIoU: 80.20%; train pIoU: 89.39%; train cIoU: 86.86%
2021-12-06 06:01:15,291 - main.py[line:181] - INFO: Epoch: 380; eval pIoU: 84.59%; eval cIoU: 80.41%; train pIoU: 89.40%; train cIoU: 86.72%
2021-12-06 06:04:26,986 - main.py[line:181] - INFO: Epoch: 381; eval pIoU: 84.68%; eval cIoU: 80.65%; train pIoU: 89.42%; train cIoU: 86.91%
2021-12-06 06:07:38,620 - main.py[line:181] - INFO: Epoch: 382; eval pIoU: 84.53%; eval cIoU: 80.49%; train pIoU: 89.40%; train cIoU: 86.63%
2021-12-06 06:10:50,290 - main.py[line:181] - INFO: Epoch: 383; eval pIoU: 84.51%; eval cIoU: 80.55%; train pIoU: 89.41%; train cIoU: 86.69%
2021-12-06 06:14:01,882 - main.py[line:181] - INFO: Epoch: 384; eval pIoU: 84.50%; eval cIoU: 80.38%; train pIoU: 89.42%; train cIoU: 86.82%
2021-12-06 06:17:13,487 - main.py[line:181] - INFO: Epoch: 385; eval pIoU: 84.62%; eval cIoU: 80.52%; train pIoU: 89.40%; train cIoU: 86.76%
2021-12-06 06:20:25,116 - main.py[line:181] - INFO: Epoch: 386; eval pIoU: 84.58%; eval cIoU: 80.38%; train pIoU: 89.38%; train cIoU: 86.88%
2021-12-06 06:23:36,767 - main.py[line:181] - INFO: Epoch: 387; eval pIoU: 84.61%; eval cIoU: 80.33%; train pIoU: 89.41%; train cIoU: 86.85%
2021-12-06 06:26:48,436 - main.py[line:181] - INFO: Epoch: 388; eval pIoU: 84.73%; eval cIoU: 80.53%; train pIoU: 89.43%; train cIoU: 86.96%
2021-12-06 06:30:00,091 - main.py[line:181] - INFO: Epoch: 389; eval pIoU: 84.66%; eval cIoU: 80.69%; train pIoU: 89.43%; train cIoU: 86.81%
2021-12-06 06:33:11,720 - main.py[line:181] - INFO: Epoch: 390; eval pIoU: 84.43%; eval cIoU: 80.13%; train pIoU: 89.37%; train cIoU: 86.74%
2021-12-06 06:36:23,425 - main.py[line:181] - INFO: Epoch: 391; eval pIoU: 84.54%; eval cIoU: 80.20%; train pIoU: 89.46%; train cIoU: 86.80%
2021-12-06 06:39:35,023 - main.py[line:181] - INFO: Epoch: 392; eval pIoU: 84.57%; eval cIoU: 80.57%; train pIoU: 89.39%; train cIoU: 86.75%
2021-12-06 06:42:46,595 - main.py[line:181] - INFO: Epoch: 393; eval pIoU: 84.62%; eval cIoU: 80.34%; train pIoU: 89.41%; train cIoU: 86.91%
2021-12-06 06:45:58,219 - main.py[line:181] - INFO: Epoch: 394; eval pIoU: 84.72%; eval cIoU: 80.58%; train pIoU: 89.43%; train cIoU: 86.91%
2021-12-06 06:49:09,849 - main.py[line:181] - INFO: Epoch: 395; eval pIoU: 84.49%; eval cIoU: 80.52%; train pIoU: 89.41%; train cIoU: 86.92%
2021-12-06 06:52:21,506 - main.py[line:181] - INFO: Epoch: 396; eval pIoU: 84.53%; eval cIoU: 80.41%; train pIoU: 89.43%; train cIoU: 86.83%
2021-12-06 06:55:33,042 - main.py[line:181] - INFO: Epoch: 397; eval pIoU: 84.54%; eval cIoU: 80.35%; train pIoU: 89.43%; train cIoU: 87.05%
2021-12-06 06:58:44,675 - main.py[line:181] - INFO: Epoch: 398; eval pIoU: 84.58%; eval cIoU: 80.26%; train pIoU: 89.44%; train cIoU: 86.81%
2021-12-06 07:01:56,365 - main.py[line:181] - INFO: Epoch: 399; eval pIoU: 84.58%; eval cIoU: 80.34%; train pIoU: 89.41%; train cIoU: 86.89%
2021-12-06 07:05:07,977 - main.py[line:181] - INFO: Epoch: 400; eval pIoU: 84.62%; eval cIoU: 80.58%; train pIoU: 89.45%; train cIoU: 86.93%
2021-12-06 07:08:19,707 - main.py[line:181] - INFO: Epoch: 401; eval pIoU: 84.61%; eval cIoU: 80.67%; train pIoU: 89.52%; train cIoU: 87.07%
2021-12-06 07:11:31,445 - main.py[line:181] - INFO: Epoch: 402; eval pIoU: 84.60%; eval cIoU: 80.65%; train pIoU: 89.57%; train cIoU: 87.03%
2021-12-06 07:14:43,204 - main.py[line:181] - INFO: Epoch: 403; eval pIoU: 84.67%; eval cIoU: 80.64%; train pIoU: 89.58%; train cIoU: 87.19%
2021-12-06 07:17:54,937 - main.py[line:181] - INFO: Epoch: 404; eval pIoU: 84.57%; eval cIoU: 80.60%; train pIoU: 89.63%; train cIoU: 87.28%
2021-12-06 07:21:06,675 - main.py[line:181] - INFO: Epoch: 405; eval pIoU: 84.67%; eval cIoU: 80.60%; train pIoU: 89.60%; train cIoU: 87.12%
2021-12-06 07:24:18,420 - main.py[line:181] - INFO: Epoch: 406; eval pIoU: 84.79%; eval cIoU: 80.76%; train pIoU: 89.65%; train cIoU: 87.32%
2021-12-06 07:27:30,171 - main.py[line:181] - INFO: Epoch: 407; eval pIoU: 84.67%; eval cIoU: 80.59%; train pIoU: 89.63%; train cIoU: 86.92%
2021-12-06 07:30:41,775 - main.py[line:181] - INFO: Epoch: 408; eval pIoU: 84.54%; eval cIoU: 80.61%; train pIoU: 89.58%; train cIoU: 87.13%
2021-12-06 07:33:53,361 - main.py[line:181] - INFO: Epoch: 409; eval pIoU: 84.58%; eval cIoU: 80.68%; train pIoU: 89.59%; train cIoU: 87.12%
2021-12-06 07:37:05,032 - main.py[line:181] - INFO: Epoch: 410; eval pIoU: 84.59%; eval cIoU: 80.58%; train pIoU: 89.53%; train cIoU: 87.05%
2021-12-06 07:40:16,684 - main.py[line:181] - INFO: Epoch: 411; eval pIoU: 84.64%; eval cIoU: 80.64%; train pIoU: 89.58%; train cIoU: 87.01%
2021-12-06 07:43:28,230 - main.py[line:181] - INFO: Epoch: 412; eval pIoU: 84.66%; eval cIoU: 80.60%; train pIoU: 89.66%; train cIoU: 87.28%
2021-12-06 07:46:39,808 - main.py[line:181] - INFO: Epoch: 413; eval pIoU: 84.59%; eval cIoU: 80.71%; train pIoU: 89.60%; train cIoU: 87.11%
2021-12-06 07:49:51,374 - main.py[line:181] - INFO: Epoch: 414; eval pIoU: 84.59%; eval cIoU: 80.46%; train pIoU: 89.63%; train cIoU: 87.19%
2021-12-06 07:53:03,069 - main.py[line:181] - INFO: Epoch: 415; eval pIoU: 84.59%; eval cIoU: 80.60%; train pIoU: 89.58%; train cIoU: 87.07%
2021-12-06 07:56:14,593 - main.py[line:181] - INFO: Epoch: 416; eval pIoU: 84.61%; eval cIoU: 80.59%; train pIoU: 89.55%; train cIoU: 87.16%
2021-12-06 07:59:26,217 - main.py[line:181] - INFO: Epoch: 417; eval pIoU: 84.54%; eval cIoU: 80.51%; train pIoU: 89.64%; train cIoU: 87.04%
2021-12-06 08:02:37,787 - main.py[line:181] - INFO: Epoch: 418; eval pIoU: 84.63%; eval cIoU: 80.51%; train pIoU: 89.62%; train cIoU: 87.20%
2021-12-06 08:05:49,540 - main.py[line:181] - INFO: Epoch: 419; eval pIoU: 84.67%; eval cIoU: 80.67%; train pIoU: 89.64%; train cIoU: 87.12%
2021-12-06 08:09:01,132 - main.py[line:181] - INFO: Epoch: 420; eval pIoU: 84.64%; eval cIoU: 80.44%; train pIoU: 89.65%; train cIoU: 87.18%
2021-12-06 08:12:12,837 - main.py[line:181] - INFO: Epoch: 421; eval pIoU: 84.61%; eval cIoU: 80.45%; train pIoU: 89.61%; train cIoU: 87.13%
2021-12-06 08:15:24,402 - main.py[line:181] - INFO: Epoch: 422; eval pIoU: 84.76%; eval cIoU: 80.54%; train pIoU: 89.62%; train cIoU: 87.24%
2021-12-06 08:18:35,991 - main.py[line:181] - INFO: Epoch: 423; eval pIoU: 84.69%; eval cIoU: 80.74%; train pIoU: 89.66%; train cIoU: 87.27%
2021-12-06 08:21:47,481 - main.py[line:181] - INFO: Epoch: 424; eval pIoU: 84.68%; eval cIoU: 80.61%; train pIoU: 89.59%; train cIoU: 87.06%
2021-12-06 08:24:59,000 - main.py[line:181] - INFO: Epoch: 425; eval pIoU: 84.61%; eval cIoU: 80.59%; train pIoU: 89.64%; train cIoU: 87.31%
2021-12-06 08:28:10,553 - main.py[line:181] - INFO: Epoch: 426; eval pIoU: 84.69%; eval cIoU: 80.61%; train pIoU: 89.57%; train cIoU: 87.17%
2021-12-06 08:31:22,061 - main.py[line:181] - INFO: Epoch: 427; eval pIoU: 84.65%; eval cIoU: 80.71%; train pIoU: 89.64%; train cIoU: 87.15%
2021-12-06 08:34:33,593 - main.py[line:181] - INFO: Epoch: 428; eval pIoU: 84.65%; eval cIoU: 80.57%; train pIoU: 89.61%; train cIoU: 87.12%
2021-12-06 08:37:45,165 - main.py[line:181] - INFO: Epoch: 429; eval pIoU: 84.62%; eval cIoU: 80.50%; train pIoU: 89.66%; train cIoU: 87.15%
2021-12-06 08:40:56,901 - main.py[line:181] - INFO: Epoch: 430; eval pIoU: 84.60%; eval cIoU: 80.56%; train pIoU: 89.65%; train cIoU: 87.27%
2021-12-06 08:44:08,409 - main.py[line:181] - INFO: Epoch: 431; eval pIoU: 84.64%; eval cIoU: 80.48%; train pIoU: 89.65%; train cIoU: 87.16%
2021-12-06 08:47:19,974 - main.py[line:181] - INFO: Epoch: 432; eval pIoU: 84.62%; eval cIoU: 80.79%; train pIoU: 89.65%; train cIoU: 87.20%
2021-12-06 08:50:31,518 - main.py[line:181] - INFO: Epoch: 433; eval pIoU: 84.62%; eval cIoU: 80.64%; train pIoU: 89.64%; train cIoU: 87.14%
2021-12-06 08:53:43,272 - main.py[line:181] - INFO: Epoch: 434; eval pIoU: 84.59%; eval cIoU: 80.69%; train pIoU: 89.55%; train cIoU: 87.05%
2021-12-06 08:56:54,901 - main.py[line:181] - INFO: Epoch: 435; eval pIoU: 84.58%; eval cIoU: 80.65%; train pIoU: 89.61%; train cIoU: 87.14%
2021-12-06 09:00:06,529 - main.py[line:181] - INFO: Epoch: 436; eval pIoU: 84.56%; eval cIoU: 80.59%; train pIoU: 89.64%; train cIoU: 87.18%
2021-12-06 09:03:18,151 - main.py[line:181] - INFO: Epoch: 437; eval pIoU: 84.55%; eval cIoU: 80.56%; train pIoU: 89.66%; train cIoU: 87.14%
2021-12-06 09:06:29,686 - main.py[line:181] - INFO: Epoch: 438; eval pIoU: 84.60%; eval cIoU: 80.63%; train pIoU: 89.67%; train cIoU: 87.16%
2021-12-06 09:09:41,212 - main.py[line:181] - INFO: Epoch: 439; eval pIoU: 84.52%; eval cIoU: 80.57%; train pIoU: 89.65%; train cIoU: 87.16%
2021-12-06 09:12:52,865 - main.py[line:181] - INFO: Epoch: 440; eval pIoU: 84.67%; eval cIoU: 80.51%; train pIoU: 89.62%; train cIoU: 87.15%
2021-12-06 09:16:04,567 - main.py[line:181] - INFO: Epoch: 441; eval pIoU: 84.66%; eval cIoU: 80.73%; train pIoU: 89.64%; train cIoU: 87.06%
2021-12-06 09:19:16,272 - main.py[line:181] - INFO: Epoch: 442; eval pIoU: 84.65%; eval cIoU: 80.58%; train pIoU: 89.62%; train cIoU: 87.16%
2021-12-06 09:22:28,009 - main.py[line:181] - INFO: Epoch: 443; eval pIoU: 84.65%; eval cIoU: 80.58%; train pIoU: 89.63%; train cIoU: 87.23%
2021-12-06 09:25:39,673 - main.py[line:181] - INFO: Epoch: 444; eval pIoU: 84.64%; eval cIoU: 80.67%; train pIoU: 89.62%; train cIoU: 87.13%
2021-12-06 09:28:51,365 - main.py[line:181] - INFO: Epoch: 445; eval pIoU: 84.63%; eval cIoU: 80.56%; train pIoU: 89.65%; train cIoU: 87.22%
2021-12-06 09:32:02,614 - main.py[line:181] - INFO: Epoch: 446; eval pIoU: 84.65%; eval cIoU: 80.45%; train pIoU: 89.63%; train cIoU: 87.25%
2021-12-06 09:35:13,576 - main.py[line:181] - INFO: Epoch: 447; eval pIoU: 84.66%; eval cIoU: 80.31%; train pIoU: 89.63%; train cIoU: 87.24%
2021-12-06 09:38:24,252 - main.py[line:181] - INFO: Epoch: 448; eval pIoU: 84.67%; eval cIoU: 80.55%; train pIoU: 89.62%; train cIoU: 87.29%
2021-12-06 09:41:34,908 - main.py[line:181] - INFO: Epoch: 449; eval pIoU: 84.59%; eval cIoU: 80.42%; train pIoU: 89.63%; train cIoU: 87.17%
2021-12-06 09:44:45,538 - main.py[line:181] - INFO: Epoch: 450; eval pIoU: 84.63%; eval cIoU: 80.68%; train pIoU: 89.57%; train cIoU: 87.04%
2021-12-06 09:47:56,247 - main.py[line:181] - INFO: Epoch: 451; eval pIoU: 84.66%; eval cIoU: 80.64%; train pIoU: 89.60%; train cIoU: 87.16%
2021-12-06 09:51:07,858 - main.py[line:181] - INFO: Epoch: 452; eval pIoU: 84.65%; eval cIoU: 80.63%; train pIoU: 89.64%; train cIoU: 87.18%
2021-12-06 09:54:19,523 - main.py[line:181] - INFO: Epoch: 453; eval pIoU: 84.76%; eval cIoU: 80.62%; train pIoU: 89.66%; train cIoU: 87.14%
2021-12-06 09:57:31,154 - main.py[line:181] - INFO: Epoch: 454; eval pIoU: 84.56%; eval cIoU: 80.57%; train pIoU: 89.70%; train cIoU: 87.31%
2021-12-06 10:00:42,797 - main.py[line:181] - INFO: Epoch: 455; eval pIoU: 84.62%; eval cIoU: 80.55%; train pIoU: 89.64%; train cIoU: 87.19%
2021-12-06 10:03:54,443 - main.py[line:181] - INFO: Epoch: 456; eval pIoU: 84.63%; eval cIoU: 80.68%; train pIoU: 89.67%; train cIoU: 87.10%
2021-12-06 10:07:05,789 - main.py[line:181] - INFO: Epoch: 457; eval pIoU: 84.63%; eval cIoU: 80.58%; train pIoU: 89.63%; train cIoU: 87.21%
2021-12-06 10:10:16,936 - main.py[line:181] - INFO: Epoch: 458; eval pIoU: 84.61%; eval cIoU: 80.62%; train pIoU: 89.61%; train cIoU: 87.25%
2021-12-06 10:13:28,223 - main.py[line:181] - INFO: Epoch: 459; eval pIoU: 84.64%; eval cIoU: 80.52%; train pIoU: 89.62%; train cIoU: 87.02%
2021-12-06 10:16:39,381 - main.py[line:181] - INFO: Epoch: 460; eval pIoU: 84.57%; eval cIoU: 80.59%; train pIoU: 89.65%; train cIoU: 87.18%
2021-12-06 10:19:50,548 - main.py[line:181] - INFO: Epoch: 461; eval pIoU: 84.63%; eval cIoU: 80.64%; train pIoU: 89.63%; train cIoU: 87.07%
2021-12-06 10:23:01,879 - main.py[line:181] - INFO: Epoch: 462; eval pIoU: 84.58%; eval cIoU: 80.43%; train pIoU: 89.65%; train cIoU: 87.20%
2021-12-06 10:26:13,467 - main.py[line:181] - INFO: Epoch: 463; eval pIoU: 84.65%; eval cIoU: 80.72%; train pIoU: 89.63%; train cIoU: 87.21%
2021-12-06 10:29:25,433 - main.py[line:181] - INFO: Epoch: 464; eval pIoU: 84.56%; eval cIoU: 80.53%; train pIoU: 89.65%; train cIoU: 87.03%
2021-12-06 10:32:36,841 - main.py[line:181] - INFO: Epoch: 465; eval pIoU: 84.59%; eval cIoU: 80.45%; train pIoU: 89.63%; train cIoU: 87.03%
2021-12-06 10:35:48,058 - main.py[line:181] - INFO: Epoch: 466; eval pIoU: 84.57%; eval cIoU: 80.59%; train pIoU: 89.65%; train cIoU: 87.16%
2021-12-06 10:38:59,259 - main.py[line:181] - INFO: Epoch: 467; eval pIoU: 84.58%; eval cIoU: 80.51%; train pIoU: 89.64%; train cIoU: 87.15%
2021-12-06 10:42:10,447 - main.py[line:181] - INFO: Epoch: 468; eval pIoU: 84.72%; eval cIoU: 80.64%; train pIoU: 89.70%; train cIoU: 87.26%
2021-12-06 10:45:22,148 - main.py[line:181] - INFO: Epoch: 469; eval pIoU: 84.59%; eval cIoU: 80.62%; train pIoU: 89.64%; train cIoU: 87.20%
2021-12-06 10:48:33,929 - main.py[line:181] - INFO: Epoch: 470; eval pIoU: 84.63%; eval cIoU: 80.64%; train pIoU: 89.60%; train cIoU: 87.24%
2021-12-06 10:51:45,602 - main.py[line:181] - INFO: Epoch: 471; eval pIoU: 84.71%; eval cIoU: 80.60%; train pIoU: 89.63%; train cIoU: 87.23%
2021-12-06 10:54:57,539 - main.py[line:181] - INFO: Epoch: 472; eval pIoU: 84.77%; eval cIoU: 80.76%; train pIoU: 89.63%; train cIoU: 87.22%
2021-12-06 10:58:09,255 - main.py[line:181] - INFO: Epoch: 473; eval pIoU: 84.78%; eval cIoU: 80.70%; train pIoU: 89.61%; train cIoU: 86.98%
2021-12-06 11:01:20,851 - main.py[line:181] - INFO: Epoch: 474; eval pIoU: 84.63%; eval cIoU: 80.58%; train pIoU: 89.65%; train cIoU: 87.26%
2021-12-06 11:04:32,523 - main.py[line:181] - INFO: Epoch: 475; eval pIoU: 84.59%; eval cIoU: 80.47%; train pIoU: 89.66%; train cIoU: 87.04%
2021-12-06 11:07:44,147 - main.py[line:181] - INFO: Epoch: 476; eval pIoU: 84.69%; eval cIoU: 80.59%; train pIoU: 89.65%; train cIoU: 87.04%
2021-12-06 11:10:55,872 - main.py[line:181] - INFO: Epoch: 477; eval pIoU: 84.61%; eval cIoU: 80.63%; train pIoU: 89.69%; train cIoU: 87.31%
2021-12-06 11:14:07,576 - main.py[line:181] - INFO: Epoch: 478; eval pIoU: 84.65%; eval cIoU: 80.59%; train pIoU: 89.60%; train cIoU: 87.19%
2021-12-06 11:17:19,327 - main.py[line:181] - INFO: Epoch: 479; eval pIoU: 84.60%; eval cIoU: 80.52%; train pIoU: 89.67%; train cIoU: 87.19%
2021-12-06 11:20:31,064 - main.py[line:181] - INFO: Epoch: 480; eval pIoU: 84.72%; eval cIoU: 80.76%; train pIoU: 89.65%; train cIoU: 87.23%
2021-12-06 11:23:43,078 - main.py[line:181] - INFO: Epoch: 481; eval pIoU: 84.64%; eval cIoU: 80.57%; train pIoU: 89.66%; train cIoU: 87.21%
2021-12-06 11:26:54,697 - main.py[line:181] - INFO: Epoch: 482; eval pIoU: 84.59%; eval cIoU: 80.55%; train pIoU: 89.69%; train cIoU: 87.14%
2021-12-06 11:30:06,377 - main.py[line:181] - INFO: Epoch: 483; eval pIoU: 84.65%; eval cIoU: 80.35%; train pIoU: 89.63%; train cIoU: 87.16%
2021-12-06 11:33:18,084 - main.py[line:181] - INFO: Epoch: 484; eval pIoU: 84.57%; eval cIoU: 80.46%; train pIoU: 89.66%; train cIoU: 87.18%
2021-12-06 11:36:29,712 - main.py[line:181] - INFO: Epoch: 485; eval pIoU: 84.64%; eval cIoU: 80.51%; train pIoU: 89.67%; train cIoU: 87.24%
2021-12-06 11:39:41,329 - main.py[line:181] - INFO: Epoch: 486; eval pIoU: 84.57%; eval cIoU: 80.34%; train pIoU: 89.67%; train cIoU: 87.23%
2021-12-06 11:42:52,933 - main.py[line:181] - INFO: Epoch: 487; eval pIoU: 84.63%; eval cIoU: 80.54%; train pIoU: 89.57%; train cIoU: 87.04%
2021-12-06 11:46:04,517 - main.py[line:181] - INFO: Epoch: 488; eval pIoU: 84.63%; eval cIoU: 80.66%; train pIoU: 89.66%; train cIoU: 87.26%
2021-12-06 11:49:16,153 - main.py[line:181] - INFO: Epoch: 489; eval pIoU: 84.58%; eval cIoU: 80.28%; train pIoU: 89.61%; train cIoU: 87.16%
2021-12-06 11:52:27,764 - main.py[line:181] - INFO: Epoch: 490; eval pIoU: 84.65%; eval cIoU: 80.58%; train pIoU: 89.67%; train cIoU: 87.26%
2021-12-06 11:55:39,404 - main.py[line:181] - INFO: Epoch: 491; eval pIoU: 84.53%; eval cIoU: 80.36%; train pIoU: 89.67%; train cIoU: 87.24%
2021-12-06 11:58:51,069 - main.py[line:181] - INFO: Epoch: 492; eval pIoU: 84.61%; eval cIoU: 80.69%; train pIoU: 89.68%; train cIoU: 87.19%
2021-12-06 12:02:02,725 - main.py[line:181] - INFO: Epoch: 493; eval pIoU: 84.63%; eval cIoU: 80.36%; train pIoU: 89.61%; train cIoU: 87.18%
2021-12-06 12:05:14,347 - main.py[line:181] - INFO: Epoch: 494; eval pIoU: 84.52%; eval cIoU: 80.56%; train pIoU: 89.66%; train cIoU: 87.17%
2021-12-06 12:08:26,006 - main.py[line:181] - INFO: Epoch: 495; eval pIoU: 84.61%; eval cIoU: 80.50%; train pIoU: 89.68%; train cIoU: 87.31%
2021-12-06 12:11:37,758 - main.py[line:181] - INFO: Epoch: 496; eval pIoU: 84.51%; eval cIoU: 80.32%; train pIoU: 89.63%; train cIoU: 87.15%
2021-12-06 12:14:49,483 - main.py[line:181] - INFO: Epoch: 497; eval pIoU: 84.66%; eval cIoU: 80.40%; train pIoU: 89.68%; train cIoU: 87.29%
2021-12-06 12:18:01,141 - main.py[line:181] - INFO: Epoch: 498; eval pIoU: 84.64%; eval cIoU: 80.50%; train pIoU: 89.63%; train cIoU: 87.15%
2021-12-06 12:21:12,731 - main.py[line:181] - INFO: Epoch: 499; eval pIoU: 84.54%; eval cIoU: 80.40%; train pIoU: 89.65%; train cIoU: 87.25%
2021-12-06 12:24:24,279 - main.py[line:181] - INFO: Epoch: 500; eval pIoU: 84.61%; eval cIoU: 80.62%; train pIoU: 89.65%; train cIoU: 87.03%
2021-12-06 12:24:24,282 - main.py[line:189] - INFO: Best model is achieved at epoch 251 with eval pIoU as 84.92%
