2021-12-05 09:47:37,686 - main.py[line:181] - INFO: Epoch: 1  ; eval pIoU: 71.71%; eval cIoU: 58.82%; train pIoU: 65.22%; train cIoU: 49.82%
2021-12-05 09:47:37,690 - main.py[line:186] - INFO: New best model is achieved at epoch 1 with eval pIoU as 71.71%
2021-12-05 09:49:12,713 - main.py[line:181] - INFO: Epoch: 2  ; eval pIoU: 70.72%; eval cIoU: 57.44%; train pIoU: 71.37%; train cIoU: 60.43%
2021-12-05 09:50:47,444 - main.py[line:181] - INFO: Epoch: 3  ; eval pIoU: 73.39%; eval cIoU: 63.44%; train pIoU: 72.95%; train cIoU: 63.55%
2021-12-05 09:50:47,448 - main.py[line:186] - INFO: New best model is achieved at epoch 3 with eval pIoU as 73.39%
2021-12-05 09:52:22,195 - main.py[line:181] - INFO: Epoch: 4  ; eval pIoU: 73.07%; eval cIoU: 64.38%; train pIoU: 74.41%; train cIoU: 65.11%
2021-12-05 09:53:56,902 - main.py[line:181] - INFO: Epoch: 5  ; eval pIoU: 75.25%; eval cIoU: 66.65%; train pIoU: 75.33%; train cIoU: 65.92%
2021-12-05 09:53:56,906 - main.py[line:186] - INFO: New best model is achieved at epoch 5 with eval pIoU as 75.25%
2021-12-05 09:55:31,663 - main.py[line:181] - INFO: Epoch: 6  ; eval pIoU: 74.78%; eval cIoU: 64.61%; train pIoU: 75.90%; train cIoU: 66.72%
2021-12-05 09:57:06,423 - main.py[line:181] - INFO: Epoch: 7  ; eval pIoU: 75.51%; eval cIoU: 68.98%; train pIoU: 76.68%; train cIoU: 68.01%
2021-12-05 09:57:06,427 - main.py[line:186] - INFO: New best model is achieved at epoch 7 with eval pIoU as 75.51%
2021-12-05 09:58:41,136 - main.py[line:181] - INFO: Epoch: 8  ; eval pIoU: 75.91%; eval cIoU: 69.42%; train pIoU: 76.89%; train cIoU: 68.51%
2021-12-05 09:58:41,140 - main.py[line:186] - INFO: New best model is achieved at epoch 8 with eval pIoU as 75.91%
2021-12-05 10:00:15,866 - main.py[line:181] - INFO: Epoch: 9  ; eval pIoU: 76.38%; eval cIoU: 68.71%; train pIoU: 77.41%; train cIoU: 69.21%
2021-12-05 10:00:15,870 - main.py[line:186] - INFO: New best model is achieved at epoch 9 with eval pIoU as 76.38%
2021-12-05 10:01:50,599 - main.py[line:181] - INFO: Epoch: 10 ; eval pIoU: 77.31%; eval cIoU: 69.95%; train pIoU: 77.66%; train cIoU: 69.19%
2021-12-05 10:01:50,603 - main.py[line:186] - INFO: New best model is achieved at epoch 10 with eval pIoU as 77.31%
2021-12-05 10:03:25,312 - main.py[line:181] - INFO: Epoch: 11 ; eval pIoU: 76.83%; eval cIoU: 69.66%; train pIoU: 78.04%; train cIoU: 69.73%
2021-12-05 10:05:00,022 - main.py[line:181] - INFO: Epoch: 12 ; eval pIoU: 76.13%; eval cIoU: 66.72%; train pIoU: 78.25%; train cIoU: 69.85%
2021-12-05 10:06:34,742 - main.py[line:181] - INFO: Epoch: 13 ; eval pIoU: 77.82%; eval cIoU: 69.79%; train pIoU: 78.48%; train cIoU: 70.33%
2021-12-05 10:06:34,746 - main.py[line:186] - INFO: New best model is achieved at epoch 13 with eval pIoU as 77.82%
2021-12-05 10:08:09,484 - main.py[line:181] - INFO: Epoch: 14 ; eval pIoU: 77.75%; eval cIoU: 70.36%; train pIoU: 78.48%; train cIoU: 69.97%
2021-12-05 10:09:44,185 - main.py[line:181] - INFO: Epoch: 15 ; eval pIoU: 77.90%; eval cIoU: 70.08%; train pIoU: 78.86%; train cIoU: 70.95%
2021-12-05 10:09:44,189 - main.py[line:186] - INFO: New best model is achieved at epoch 15 with eval pIoU as 77.90%
2021-12-05 10:11:18,929 - main.py[line:181] - INFO: Epoch: 16 ; eval pIoU: 77.86%; eval cIoU: 70.95%; train pIoU: 78.86%; train cIoU: 70.68%
2021-12-05 10:12:53,676 - main.py[line:181] - INFO: Epoch: 17 ; eval pIoU: 77.42%; eval cIoU: 69.83%; train pIoU: 79.09%; train cIoU: 71.21%
2021-12-05 10:14:28,403 - main.py[line:181] - INFO: Epoch: 18 ; eval pIoU: 77.55%; eval cIoU: 68.75%; train pIoU: 79.12%; train cIoU: 71.56%
2021-12-05 10:16:03,151 - main.py[line:181] - INFO: Epoch: 19 ; eval pIoU: 78.18%; eval cIoU: 70.43%; train pIoU: 79.38%; train cIoU: 71.74%
2021-12-05 10:16:03,155 - main.py[line:186] - INFO: New best model is achieved at epoch 19 with eval pIoU as 78.18%
2021-12-05 10:17:37,895 - main.py[line:181] - INFO: Epoch: 20 ; eval pIoU: 78.37%; eval cIoU: 70.01%; train pIoU: 79.55%; train cIoU: 71.73%
2021-12-05 10:17:37,899 - main.py[line:186] - INFO: New best model is achieved at epoch 20 with eval pIoU as 78.37%
2021-12-05 10:19:12,617 - main.py[line:181] - INFO: Epoch: 21 ; eval pIoU: 78.68%; eval cIoU: 72.03%; train pIoU: 79.57%; train cIoU: 71.96%
2021-12-05 10:19:12,621 - main.py[line:186] - INFO: New best model is achieved at epoch 21 with eval pIoU as 78.68%
2021-12-05 10:20:47,363 - main.py[line:181] - INFO: Epoch: 22 ; eval pIoU: 78.52%; eval cIoU: 71.07%; train pIoU: 79.76%; train cIoU: 72.22%
2021-12-05 10:22:22,102 - main.py[line:181] - INFO: Epoch: 23 ; eval pIoU: 79.02%; eval cIoU: 72.66%; train pIoU: 79.90%; train cIoU: 72.42%
2021-12-05 10:22:22,106 - main.py[line:186] - INFO: New best model is achieved at epoch 23 with eval pIoU as 79.02%
2021-12-05 10:23:56,785 - main.py[line:181] - INFO: Epoch: 24 ; eval pIoU: 79.04%; eval cIoU: 72.28%; train pIoU: 79.91%; train cIoU: 72.49%
2021-12-05 10:23:56,789 - main.py[line:186] - INFO: New best model is achieved at epoch 24 with eval pIoU as 79.04%
2021-12-05 10:25:31,508 - main.py[line:181] - INFO: Epoch: 25 ; eval pIoU: 78.75%; eval cIoU: 71.68%; train pIoU: 79.98%; train cIoU: 72.84%
2021-12-05 10:27:06,209 - main.py[line:181] - INFO: Epoch: 26 ; eval pIoU: 79.28%; eval cIoU: 71.09%; train pIoU: 80.15%; train cIoU: 72.84%
2021-12-05 10:27:06,213 - main.py[line:186] - INFO: New best model is achieved at epoch 26 with eval pIoU as 79.28%
2021-12-05 10:28:40,929 - main.py[line:181] - INFO: Epoch: 27 ; eval pIoU: 79.09%; eval cIoU: 71.72%; train pIoU: 80.14%; train cIoU: 73.03%
2021-12-05 10:30:15,631 - main.py[line:181] - INFO: Epoch: 28 ; eval pIoU: 79.18%; eval cIoU: 72.30%; train pIoU: 80.26%; train cIoU: 72.86%
2021-12-05 10:31:50,346 - main.py[line:181] - INFO: Epoch: 29 ; eval pIoU: 79.64%; eval cIoU: 73.24%; train pIoU: 80.41%; train cIoU: 73.48%
2021-12-05 10:31:50,350 - main.py[line:186] - INFO: New best model is achieved at epoch 29 with eval pIoU as 79.64%
2021-12-05 10:33:25,017 - main.py[line:181] - INFO: Epoch: 30 ; eval pIoU: 79.66%; eval cIoU: 72.80%; train pIoU: 80.42%; train cIoU: 73.04%
2021-12-05 10:33:25,021 - main.py[line:186] - INFO: New best model is achieved at epoch 30 with eval pIoU as 79.66%
2021-12-05 10:34:59,697 - main.py[line:181] - INFO: Epoch: 31 ; eval pIoU: 79.38%; eval cIoU: 72.19%; train pIoU: 80.57%; train cIoU: 73.25%
2021-12-05 10:36:34,346 - main.py[line:181] - INFO: Epoch: 32 ; eval pIoU: 79.41%; eval cIoU: 72.74%; train pIoU: 80.57%; train cIoU: 73.90%
2021-12-05 10:38:08,990 - main.py[line:181] - INFO: Epoch: 33 ; eval pIoU: 79.26%; eval cIoU: 71.16%; train pIoU: 80.61%; train cIoU: 73.78%
2021-12-05 10:39:43,640 - main.py[line:181] - INFO: Epoch: 34 ; eval pIoU: 79.36%; eval cIoU: 72.30%; train pIoU: 80.74%; train cIoU: 73.57%
2021-12-05 10:41:18,287 - main.py[line:181] - INFO: Epoch: 35 ; eval pIoU: 78.81%; eval cIoU: 71.55%; train pIoU: 80.76%; train cIoU: 73.51%
2021-12-05 10:42:52,914 - main.py[line:181] - INFO: Epoch: 36 ; eval pIoU: 79.98%; eval cIoU: 73.60%; train pIoU: 80.77%; train cIoU: 74.06%
2021-12-05 10:42:52,918 - main.py[line:186] - INFO: New best model is achieved at epoch 36 with eval pIoU as 79.98%
2021-12-05 10:44:27,559 - main.py[line:181] - INFO: Epoch: 37 ; eval pIoU: 79.91%; eval cIoU: 72.98%; train pIoU: 80.82%; train cIoU: 73.95%
2021-12-05 10:46:02,216 - main.py[line:181] - INFO: Epoch: 38 ; eval pIoU: 79.93%; eval cIoU: 72.85%; train pIoU: 80.97%; train cIoU: 74.25%
2021-12-05 10:47:36,872 - main.py[line:181] - INFO: Epoch: 39 ; eval pIoU: 80.53%; eval cIoU: 74.17%; train pIoU: 80.98%; train cIoU: 74.47%
2021-12-05 10:47:36,876 - main.py[line:186] - INFO: New best model is achieved at epoch 39 with eval pIoU as 80.53%
2021-12-05 10:49:11,520 - main.py[line:181] - INFO: Epoch: 40 ; eval pIoU: 80.36%; eval cIoU: 74.79%; train pIoU: 81.06%; train cIoU: 74.25%
2021-12-05 10:50:46,168 - main.py[line:181] - INFO: Epoch: 41 ; eval pIoU: 80.31%; eval cIoU: 74.27%; train pIoU: 81.06%; train cIoU: 74.83%
2021-12-05 10:52:20,806 - main.py[line:181] - INFO: Epoch: 42 ; eval pIoU: 80.44%; eval cIoU: 73.97%; train pIoU: 81.04%; train cIoU: 74.71%
2021-12-05 10:53:55,473 - main.py[line:181] - INFO: Epoch: 43 ; eval pIoU: 80.64%; eval cIoU: 75.06%; train pIoU: 81.13%; train cIoU: 74.75%
2021-12-05 10:53:55,477 - main.py[line:186] - INFO: New best model is achieved at epoch 43 with eval pIoU as 80.64%
2021-12-05 10:55:30,121 - main.py[line:181] - INFO: Epoch: 44 ; eval pIoU: 80.39%; eval cIoU: 73.67%; train pIoU: 81.24%; train cIoU: 74.87%
2021-12-05 10:57:04,770 - main.py[line:181] - INFO: Epoch: 45 ; eval pIoU: 80.21%; eval cIoU: 73.76%; train pIoU: 81.36%; train cIoU: 75.11%
2021-12-05 10:58:39,416 - main.py[line:181] - INFO: Epoch: 46 ; eval pIoU: 80.00%; eval cIoU: 74.05%; train pIoU: 81.25%; train cIoU: 74.67%
2021-12-05 11:00:14,102 - main.py[line:181] - INFO: Epoch: 47 ; eval pIoU: 80.56%; eval cIoU: 75.32%; train pIoU: 81.27%; train cIoU: 74.91%
2021-12-05 11:01:48,813 - main.py[line:181] - INFO: Epoch: 48 ; eval pIoU: 80.61%; eval cIoU: 74.42%; train pIoU: 81.40%; train cIoU: 75.10%
2021-12-05 11:03:23,504 - main.py[line:181] - INFO: Epoch: 49 ; eval pIoU: 81.04%; eval cIoU: 75.37%; train pIoU: 81.32%; train cIoU: 74.77%
2021-12-05 11:03:23,508 - main.py[line:186] - INFO: New best model is achieved at epoch 49 with eval pIoU as 81.04%
2021-12-05 11:04:58,211 - main.py[line:181] - INFO: Epoch: 50 ; eval pIoU: 80.49%; eval cIoU: 73.74%; train pIoU: 81.40%; train cIoU: 74.87%
2021-12-05 11:06:32,916 - main.py[line:181] - INFO: Epoch: 51 ; eval pIoU: 80.27%; eval cIoU: 74.21%; train pIoU: 81.43%; train cIoU: 74.79%
2021-12-05 11:08:07,606 - main.py[line:181] - INFO: Epoch: 52 ; eval pIoU: 80.77%; eval cIoU: 75.19%; train pIoU: 81.43%; train cIoU: 75.25%
2021-12-05 11:09:42,279 - main.py[line:181] - INFO: Epoch: 53 ; eval pIoU: 80.72%; eval cIoU: 75.04%; train pIoU: 81.55%; train cIoU: 75.50%
2021-12-05 11:11:16,904 - main.py[line:181] - INFO: Epoch: 54 ; eval pIoU: 80.60%; eval cIoU: 74.93%; train pIoU: 81.57%; train cIoU: 75.48%
2021-12-05 11:12:51,527 - main.py[line:181] - INFO: Epoch: 55 ; eval pIoU: 80.87%; eval cIoU: 73.43%; train pIoU: 81.61%; train cIoU: 75.68%
2021-12-05 11:14:26,152 - main.py[line:181] - INFO: Epoch: 56 ; eval pIoU: 80.67%; eval cIoU: 75.77%; train pIoU: 81.66%; train cIoU: 75.45%
2021-12-05 11:16:00,785 - main.py[line:181] - INFO: Epoch: 57 ; eval pIoU: 80.35%; eval cIoU: 75.24%; train pIoU: 81.62%; train cIoU: 75.16%
2021-12-05 11:17:35,413 - main.py[line:181] - INFO: Epoch: 58 ; eval pIoU: 80.81%; eval cIoU: 75.28%; train pIoU: 81.64%; train cIoU: 75.60%
2021-12-05 11:19:10,015 - main.py[line:181] - INFO: Epoch: 59 ; eval pIoU: 80.63%; eval cIoU: 74.02%; train pIoU: 81.73%; train cIoU: 75.56%
2021-12-05 11:20:44,611 - main.py[line:181] - INFO: Epoch: 60 ; eval pIoU: 80.97%; eval cIoU: 75.03%; train pIoU: 81.77%; train cIoU: 75.68%
2021-12-05 11:22:19,225 - main.py[line:181] - INFO: Epoch: 61 ; eval pIoU: 80.59%; eval cIoU: 74.45%; train pIoU: 81.77%; train cIoU: 75.69%
2021-12-05 11:23:53,835 - main.py[line:181] - INFO: Epoch: 62 ; eval pIoU: 80.77%; eval cIoU: 75.07%; train pIoU: 81.68%; train cIoU: 75.82%
2021-12-05 11:25:28,717 - main.py[line:181] - INFO: Epoch: 63 ; eval pIoU: 80.78%; eval cIoU: 75.35%; train pIoU: 81.83%; train cIoU: 75.77%
2021-12-05 11:27:03,349 - main.py[line:181] - INFO: Epoch: 64 ; eval pIoU: 81.02%; eval cIoU: 74.60%; train pIoU: 81.89%; train cIoU: 75.91%
2021-12-05 11:28:37,983 - main.py[line:181] - INFO: Epoch: 65 ; eval pIoU: 80.85%; eval cIoU: 75.38%; train pIoU: 81.82%; train cIoU: 75.62%
2021-12-05 11:30:12,601 - main.py[line:181] - INFO: Epoch: 66 ; eval pIoU: 80.95%; eval cIoU: 74.83%; train pIoU: 81.94%; train cIoU: 76.10%
2021-12-05 11:31:47,258 - main.py[line:181] - INFO: Epoch: 67 ; eval pIoU: 81.06%; eval cIoU: 75.07%; train pIoU: 81.91%; train cIoU: 75.85%
2021-12-05 11:31:47,261 - main.py[line:186] - INFO: New best model is achieved at epoch 67 with eval pIoU as 81.06%
2021-12-05 11:33:21,939 - main.py[line:181] - INFO: Epoch: 68 ; eval pIoU: 81.23%; eval cIoU: 75.51%; train pIoU: 81.92%; train cIoU: 76.20%
2021-12-05 11:33:21,942 - main.py[line:186] - INFO: New best model is achieved at epoch 68 with eval pIoU as 81.23%
2021-12-05 11:34:56,600 - main.py[line:181] - INFO: Epoch: 69 ; eval pIoU: 80.07%; eval cIoU: 74.98%; train pIoU: 81.99%; train cIoU: 76.26%
2021-12-05 11:36:31,293 - main.py[line:181] - INFO: Epoch: 70 ; eval pIoU: 81.39%; eval cIoU: 75.73%; train pIoU: 82.05%; train cIoU: 75.99%
2021-12-05 11:36:31,297 - main.py[line:186] - INFO: New best model is achieved at epoch 70 with eval pIoU as 81.39%
2021-12-05 11:38:05,958 - main.py[line:181] - INFO: Epoch: 71 ; eval pIoU: 80.70%; eval cIoU: 75.10%; train pIoU: 81.94%; train cIoU: 76.18%
2021-12-05 11:39:40,632 - main.py[line:181] - INFO: Epoch: 72 ; eval pIoU: 80.93%; eval cIoU: 74.48%; train pIoU: 81.99%; train cIoU: 76.00%
2021-12-05 11:41:15,289 - main.py[line:181] - INFO: Epoch: 73 ; eval pIoU: 81.13%; eval cIoU: 75.57%; train pIoU: 82.02%; train cIoU: 76.04%
2021-12-05 11:42:49,966 - main.py[line:181] - INFO: Epoch: 74 ; eval pIoU: 81.18%; eval cIoU: 74.70%; train pIoU: 82.10%; train cIoU: 76.04%
2021-12-05 11:44:24,714 - main.py[line:181] - INFO: Epoch: 75 ; eval pIoU: 81.04%; eval cIoU: 75.14%; train pIoU: 82.09%; train cIoU: 76.09%
2021-12-05 11:45:59,884 - main.py[line:181] - INFO: Epoch: 76 ; eval pIoU: 80.49%; eval cIoU: 74.72%; train pIoU: 82.09%; train cIoU: 76.29%
2021-12-05 11:47:34,941 - main.py[line:181] - INFO: Epoch: 77 ; eval pIoU: 81.08%; eval cIoU: 75.71%; train pIoU: 82.17%; train cIoU: 76.51%
2021-12-05 11:49:10,010 - main.py[line:181] - INFO: Epoch: 78 ; eval pIoU: 81.17%; eval cIoU: 75.21%; train pIoU: 82.14%; train cIoU: 76.40%
2021-12-05 11:50:45,056 - main.py[line:181] - INFO: Epoch: 79 ; eval pIoU: 81.02%; eval cIoU: 74.41%; train pIoU: 82.15%; train cIoU: 76.31%
2021-12-05 11:52:20,093 - main.py[line:181] - INFO: Epoch: 80 ; eval pIoU: 80.86%; eval cIoU: 74.35%; train pIoU: 82.17%; train cIoU: 76.28%
2021-12-05 11:53:55,095 - main.py[line:181] - INFO: Epoch: 81 ; eval pIoU: 81.30%; eval cIoU: 74.93%; train pIoU: 82.17%; train cIoU: 76.50%
2021-12-05 11:55:30,139 - main.py[line:181] - INFO: Epoch: 82 ; eval pIoU: 80.95%; eval cIoU: 75.19%; train pIoU: 82.24%; train cIoU: 76.59%
2021-12-05 11:57:05,171 - main.py[line:181] - INFO: Epoch: 83 ; eval pIoU: 81.19%; eval cIoU: 74.31%; train pIoU: 82.21%; train cIoU: 76.63%
2021-12-05 11:58:40,205 - main.py[line:181] - INFO: Epoch: 84 ; eval pIoU: 81.10%; eval cIoU: 75.21%; train pIoU: 82.18%; train cIoU: 76.60%
2021-12-05 12:00:15,234 - main.py[line:181] - INFO: Epoch: 85 ; eval pIoU: 80.94%; eval cIoU: 75.00%; train pIoU: 82.31%; train cIoU: 76.44%
2021-12-05 12:01:50,263 - main.py[line:181] - INFO: Epoch: 86 ; eval pIoU: 81.65%; eval cIoU: 76.50%; train pIoU: 82.22%; train cIoU: 76.70%
2021-12-05 12:01:50,267 - main.py[line:186] - INFO: New best model is achieved at epoch 86 with eval pIoU as 81.65%
2021-12-05 12:03:25,295 - main.py[line:181] - INFO: Epoch: 87 ; eval pIoU: 81.30%; eval cIoU: 76.64%; train pIoU: 82.28%; train cIoU: 76.76%
2021-12-05 12:05:00,313 - main.py[line:181] - INFO: Epoch: 88 ; eval pIoU: 81.35%; eval cIoU: 75.37%; train pIoU: 82.41%; train cIoU: 76.94%
2021-12-05 12:06:35,343 - main.py[line:181] - INFO: Epoch: 89 ; eval pIoU: 81.48%; eval cIoU: 75.95%; train pIoU: 82.36%; train cIoU: 76.67%
2021-12-05 12:08:10,367 - main.py[line:181] - INFO: Epoch: 90 ; eval pIoU: 80.93%; eval cIoU: 75.03%; train pIoU: 82.34%; train cIoU: 76.59%
2021-12-05 12:09:45,390 - main.py[line:181] - INFO: Epoch: 91 ; eval pIoU: 81.40%; eval cIoU: 76.23%; train pIoU: 82.33%; train cIoU: 76.85%
2021-12-05 12:11:20,412 - main.py[line:181] - INFO: Epoch: 92 ; eval pIoU: 81.43%; eval cIoU: 75.89%; train pIoU: 82.41%; train cIoU: 76.92%
2021-12-05 12:12:55,419 - main.py[line:181] - INFO: Epoch: 93 ; eval pIoU: 81.48%; eval cIoU: 75.39%; train pIoU: 82.44%; train cIoU: 76.80%
2021-12-05 12:14:30,428 - main.py[line:181] - INFO: Epoch: 94 ; eval pIoU: 81.44%; eval cIoU: 75.53%; train pIoU: 82.43%; train cIoU: 76.97%
2021-12-05 12:16:05,454 - main.py[line:181] - INFO: Epoch: 95 ; eval pIoU: 81.24%; eval cIoU: 75.33%; train pIoU: 82.41%; train cIoU: 76.71%
2021-12-05 12:17:40,477 - main.py[line:181] - INFO: Epoch: 96 ; eval pIoU: 81.63%; eval cIoU: 76.29%; train pIoU: 82.46%; train cIoU: 77.15%
2021-12-05 12:19:15,490 - main.py[line:181] - INFO: Epoch: 97 ; eval pIoU: 81.51%; eval cIoU: 75.81%; train pIoU: 82.46%; train cIoU: 77.08%
2021-12-05 12:20:50,503 - main.py[line:181] - INFO: Epoch: 98 ; eval pIoU: 81.37%; eval cIoU: 75.25%; train pIoU: 82.56%; train cIoU: 76.87%
2021-12-05 12:22:25,516 - main.py[line:181] - INFO: Epoch: 99 ; eval pIoU: 80.98%; eval cIoU: 75.95%; train pIoU: 82.61%; train cIoU: 77.09%
2021-12-05 12:24:00,527 - main.py[line:181] - INFO: Epoch: 100; eval pIoU: 81.56%; eval cIoU: 75.38%; train pIoU: 82.46%; train cIoU: 76.77%
2021-12-05 12:25:35,558 - main.py[line:181] - INFO: Epoch: 101; eval pIoU: 81.25%; eval cIoU: 75.23%; train pIoU: 82.52%; train cIoU: 76.86%
2021-12-05 12:27:10,582 - main.py[line:181] - INFO: Epoch: 102; eval pIoU: 81.48%; eval cIoU: 75.28%; train pIoU: 82.50%; train cIoU: 76.88%
2021-12-05 12:28:45,598 - main.py[line:181] - INFO: Epoch: 103; eval pIoU: 81.24%; eval cIoU: 75.22%; train pIoU: 82.64%; train cIoU: 77.12%
2021-12-05 12:30:20,625 - main.py[line:181] - INFO: Epoch: 104; eval pIoU: 81.49%; eval cIoU: 74.86%; train pIoU: 82.60%; train cIoU: 77.14%
2021-12-05 12:31:55,638 - main.py[line:181] - INFO: Epoch: 105; eval pIoU: 81.30%; eval cIoU: 75.29%; train pIoU: 82.65%; train cIoU: 77.18%
2021-12-05 12:33:30,666 - main.py[line:181] - INFO: Epoch: 106; eval pIoU: 81.74%; eval cIoU: 76.26%; train pIoU: 82.51%; train cIoU: 76.83%
2021-12-05 12:33:30,670 - main.py[line:186] - INFO: New best model is achieved at epoch 106 with eval pIoU as 81.74%
2021-12-05 12:35:05,691 - main.py[line:181] - INFO: Epoch: 107; eval pIoU: 81.44%; eval cIoU: 75.92%; train pIoU: 82.63%; train cIoU: 77.22%
2021-12-05 12:36:40,691 - main.py[line:181] - INFO: Epoch: 108; eval pIoU: 81.79%; eval cIoU: 76.21%; train pIoU: 82.70%; train cIoU: 77.51%
2021-12-05 12:36:40,695 - main.py[line:186] - INFO: New best model is achieved at epoch 108 with eval pIoU as 81.79%
2021-12-05 12:38:15,702 - main.py[line:181] - INFO: Epoch: 109; eval pIoU: 81.50%; eval cIoU: 75.64%; train pIoU: 82.61%; train cIoU: 77.22%
2021-12-05 12:39:50,680 - main.py[line:181] - INFO: Epoch: 110; eval pIoU: 81.47%; eval cIoU: 75.48%; train pIoU: 82.58%; train cIoU: 77.46%
2021-12-05 12:41:25,675 - main.py[line:181] - INFO: Epoch: 111; eval pIoU: 81.49%; eval cIoU: 75.52%; train pIoU: 82.66%; train cIoU: 77.21%
2021-12-05 12:43:00,655 - main.py[line:181] - INFO: Epoch: 112; eval pIoU: 81.72%; eval cIoU: 76.39%; train pIoU: 82.68%; train cIoU: 77.22%
2021-12-05 12:44:35,642 - main.py[line:181] - INFO: Epoch: 113; eval pIoU: 81.47%; eval cIoU: 77.14%; train pIoU: 82.74%; train cIoU: 77.60%
2021-12-05 12:46:10,650 - main.py[line:181] - INFO: Epoch: 114; eval pIoU: 81.81%; eval cIoU: 76.35%; train pIoU: 82.63%; train cIoU: 77.69%
2021-12-05 12:46:10,654 - main.py[line:186] - INFO: New best model is achieved at epoch 114 with eval pIoU as 81.81%
2021-12-05 12:47:45,661 - main.py[line:181] - INFO: Epoch: 115; eval pIoU: 81.19%; eval cIoU: 73.86%; train pIoU: 82.77%; train cIoU: 77.24%
2021-12-05 12:49:20,685 - main.py[line:181] - INFO: Epoch: 116; eval pIoU: 81.40%; eval cIoU: 75.36%; train pIoU: 82.66%; train cIoU: 77.39%
2021-12-05 12:50:55,703 - main.py[line:181] - INFO: Epoch: 117; eval pIoU: 81.60%; eval cIoU: 75.91%; train pIoU: 82.69%; train cIoU: 77.35%
2021-12-05 12:52:30,736 - main.py[line:181] - INFO: Epoch: 118; eval pIoU: 81.79%; eval cIoU: 75.54%; train pIoU: 82.68%; train cIoU: 77.44%
2021-12-05 12:54:05,748 - main.py[line:181] - INFO: Epoch: 119; eval pIoU: 81.85%; eval cIoU: 76.09%; train pIoU: 82.80%; train cIoU: 77.52%
2021-12-05 12:54:05,752 - main.py[line:186] - INFO: New best model is achieved at epoch 119 with eval pIoU as 81.85%
2021-12-05 12:55:40,780 - main.py[line:181] - INFO: Epoch: 120; eval pIoU: 81.52%; eval cIoU: 75.87%; train pIoU: 82.77%; train cIoU: 77.31%
2021-12-05 12:57:15,804 - main.py[line:181] - INFO: Epoch: 121; eval pIoU: 81.67%; eval cIoU: 76.14%; train pIoU: 82.88%; train cIoU: 77.79%
2021-12-05 12:58:50,800 - main.py[line:181] - INFO: Epoch: 122; eval pIoU: 81.57%; eval cIoU: 75.81%; train pIoU: 82.74%; train cIoU: 77.57%
2021-12-05 13:00:25,797 - main.py[line:181] - INFO: Epoch: 123; eval pIoU: 81.83%; eval cIoU: 77.18%; train pIoU: 82.93%; train cIoU: 77.95%
2021-12-05 13:02:00,807 - main.py[line:181] - INFO: Epoch: 124; eval pIoU: 81.51%; eval cIoU: 76.03%; train pIoU: 82.80%; train cIoU: 77.56%
2021-12-05 13:03:35,808 - main.py[line:181] - INFO: Epoch: 125; eval pIoU: 81.69%; eval cIoU: 75.95%; train pIoU: 82.82%; train cIoU: 77.59%
2021-12-05 13:05:10,823 - main.py[line:181] - INFO: Epoch: 126; eval pIoU: 81.93%; eval cIoU: 76.27%; train pIoU: 82.84%; train cIoU: 77.39%
2021-12-05 13:05:10,827 - main.py[line:186] - INFO: New best model is achieved at epoch 126 with eval pIoU as 81.93%
2021-12-05 13:06:45,840 - main.py[line:181] - INFO: Epoch: 127; eval pIoU: 81.81%; eval cIoU: 75.76%; train pIoU: 82.79%; train cIoU: 77.48%
2021-12-05 13:08:20,849 - main.py[line:181] - INFO: Epoch: 128; eval pIoU: 81.49%; eval cIoU: 76.87%; train pIoU: 82.89%; train cIoU: 77.84%
2021-12-05 13:09:55,856 - main.py[line:181] - INFO: Epoch: 129; eval pIoU: 81.81%; eval cIoU: 76.15%; train pIoU: 82.87%; train cIoU: 77.63%
2021-12-05 13:11:30,856 - main.py[line:181] - INFO: Epoch: 130; eval pIoU: 81.85%; eval cIoU: 76.68%; train pIoU: 82.90%; train cIoU: 77.92%
2021-12-05 13:13:05,854 - main.py[line:181] - INFO: Epoch: 131; eval pIoU: 81.52%; eval cIoU: 75.25%; train pIoU: 82.91%; train cIoU: 77.65%
2021-12-05 13:14:40,885 - main.py[line:181] - INFO: Epoch: 132; eval pIoU: 81.77%; eval cIoU: 75.81%; train pIoU: 82.89%; train cIoU: 77.83%
2021-12-05 13:16:15,897 - main.py[line:181] - INFO: Epoch: 133; eval pIoU: 81.99%; eval cIoU: 75.95%; train pIoU: 82.95%; train cIoU: 77.98%
2021-12-05 13:16:15,901 - main.py[line:186] - INFO: New best model is achieved at epoch 133 with eval pIoU as 81.99%
2021-12-05 13:17:50,893 - main.py[line:181] - INFO: Epoch: 134; eval pIoU: 81.83%; eval cIoU: 76.27%; train pIoU: 82.97%; train cIoU: 77.68%
2021-12-05 13:19:25,899 - main.py[line:181] - INFO: Epoch: 135; eval pIoU: 81.71%; eval cIoU: 76.57%; train pIoU: 83.00%; train cIoU: 77.85%
2021-12-05 13:21:00,894 - main.py[line:181] - INFO: Epoch: 136; eval pIoU: 81.81%; eval cIoU: 76.09%; train pIoU: 82.93%; train cIoU: 77.84%
2021-12-05 13:22:35,909 - main.py[line:181] - INFO: Epoch: 137; eval pIoU: 81.60%; eval cIoU: 74.90%; train pIoU: 82.99%; train cIoU: 77.86%
2021-12-05 13:24:10,886 - main.py[line:181] - INFO: Epoch: 138; eval pIoU: 81.86%; eval cIoU: 76.67%; train pIoU: 83.06%; train cIoU: 77.84%
2021-12-05 13:25:45,868 - main.py[line:181] - INFO: Epoch: 139; eval pIoU: 82.05%; eval cIoU: 76.79%; train pIoU: 83.10%; train cIoU: 78.37%
2021-12-05 13:25:45,872 - main.py[line:186] - INFO: New best model is achieved at epoch 139 with eval pIoU as 82.05%
2021-12-05 13:27:20,883 - main.py[line:181] - INFO: Epoch: 140; eval pIoU: 81.95%; eval cIoU: 76.62%; train pIoU: 83.02%; train cIoU: 77.96%
2021-12-05 13:28:55,903 - main.py[line:181] - INFO: Epoch: 141; eval pIoU: 81.73%; eval cIoU: 75.92%; train pIoU: 83.09%; train cIoU: 77.73%
2021-12-05 13:30:30,908 - main.py[line:181] - INFO: Epoch: 142; eval pIoU: 81.90%; eval cIoU: 76.55%; train pIoU: 82.95%; train cIoU: 77.80%
2021-12-05 13:32:05,919 - main.py[line:181] - INFO: Epoch: 143; eval pIoU: 81.84%; eval cIoU: 75.38%; train pIoU: 83.05%; train cIoU: 78.03%
2021-12-05 13:33:40,933 - main.py[line:181] - INFO: Epoch: 144; eval pIoU: 82.09%; eval cIoU: 76.50%; train pIoU: 83.02%; train cIoU: 77.92%
2021-12-05 13:33:40,937 - main.py[line:186] - INFO: New best model is achieved at epoch 144 with eval pIoU as 82.09%
2021-12-05 13:35:15,953 - main.py[line:181] - INFO: Epoch: 145; eval pIoU: 82.05%; eval cIoU: 76.72%; train pIoU: 83.07%; train cIoU: 77.77%
2021-12-05 13:36:50,947 - main.py[line:181] - INFO: Epoch: 146; eval pIoU: 81.89%; eval cIoU: 76.22%; train pIoU: 83.05%; train cIoU: 78.02%
2021-12-05 13:38:25,940 - main.py[line:181] - INFO: Epoch: 147; eval pIoU: 81.90%; eval cIoU: 76.92%; train pIoU: 83.10%; train cIoU: 77.87%
2021-12-05 13:40:00,913 - main.py[line:181] - INFO: Epoch: 148; eval pIoU: 82.03%; eval cIoU: 76.67%; train pIoU: 83.07%; train cIoU: 78.15%
2021-12-05 13:41:35,908 - main.py[line:181] - INFO: Epoch: 149; eval pIoU: 81.85%; eval cIoU: 76.60%; train pIoU: 83.11%; train cIoU: 77.95%
2021-12-05 13:43:10,917 - main.py[line:181] - INFO: Epoch: 150; eval pIoU: 82.06%; eval cIoU: 76.65%; train pIoU: 83.09%; train cIoU: 78.08%
2021-12-05 13:44:45,896 - main.py[line:181] - INFO: Epoch: 151; eval pIoU: 82.28%; eval cIoU: 76.40%; train pIoU: 83.21%; train cIoU: 78.34%
2021-12-05 13:44:45,900 - main.py[line:186] - INFO: New best model is achieved at epoch 151 with eval pIoU as 82.28%
2021-12-05 13:46:20,913 - main.py[line:181] - INFO: Epoch: 152; eval pIoU: 81.67%; eval cIoU: 76.28%; train pIoU: 83.17%; train cIoU: 78.03%
2021-12-05 13:47:55,908 - main.py[line:181] - INFO: Epoch: 153; eval pIoU: 81.96%; eval cIoU: 76.17%; train pIoU: 83.07%; train cIoU: 77.91%
2021-12-05 13:49:30,900 - main.py[line:181] - INFO: Epoch: 154; eval pIoU: 81.95%; eval cIoU: 76.88%; train pIoU: 83.18%; train cIoU: 78.25%
2021-12-05 13:51:05,891 - main.py[line:181] - INFO: Epoch: 155; eval pIoU: 81.90%; eval cIoU: 77.33%; train pIoU: 83.14%; train cIoU: 78.03%
2021-12-05 13:52:40,865 - main.py[line:181] - INFO: Epoch: 156; eval pIoU: 81.95%; eval cIoU: 75.89%; train pIoU: 83.21%; train cIoU: 78.17%
2021-12-05 13:54:15,843 - main.py[line:181] - INFO: Epoch: 157; eval pIoU: 81.44%; eval cIoU: 75.80%; train pIoU: 83.15%; train cIoU: 78.17%
2021-12-05 13:55:50,831 - main.py[line:181] - INFO: Epoch: 158; eval pIoU: 81.76%; eval cIoU: 76.26%; train pIoU: 83.20%; train cIoU: 78.10%
2021-12-05 13:57:25,829 - main.py[line:181] - INFO: Epoch: 159; eval pIoU: 82.01%; eval cIoU: 75.84%; train pIoU: 83.21%; train cIoU: 78.42%
2021-12-05 13:59:00,843 - main.py[line:181] - INFO: Epoch: 160; eval pIoU: 81.69%; eval cIoU: 76.12%; train pIoU: 83.21%; train cIoU: 78.37%
2021-12-05 14:00:35,865 - main.py[line:181] - INFO: Epoch: 161; eval pIoU: 81.93%; eval cIoU: 76.22%; train pIoU: 83.20%; train cIoU: 78.32%
2021-12-05 14:02:10,875 - main.py[line:181] - INFO: Epoch: 162; eval pIoU: 82.12%; eval cIoU: 76.78%; train pIoU: 83.10%; train cIoU: 77.86%
2021-12-05 14:03:45,887 - main.py[line:181] - INFO: Epoch: 163; eval pIoU: 81.95%; eval cIoU: 76.48%; train pIoU: 83.27%; train cIoU: 78.29%
2021-12-05 14:05:20,910 - main.py[line:181] - INFO: Epoch: 164; eval pIoU: 81.92%; eval cIoU: 76.95%; train pIoU: 83.22%; train cIoU: 78.39%
2021-12-05 14:06:55,923 - main.py[line:181] - INFO: Epoch: 165; eval pIoU: 81.98%; eval cIoU: 76.82%; train pIoU: 83.26%; train cIoU: 78.41%
2021-12-05 14:08:30,918 - main.py[line:181] - INFO: Epoch: 166; eval pIoU: 82.07%; eval cIoU: 76.55%; train pIoU: 83.30%; train cIoU: 78.36%
2021-12-05 14:10:05,919 - main.py[line:181] - INFO: Epoch: 167; eval pIoU: 82.23%; eval cIoU: 76.51%; train pIoU: 83.26%; train cIoU: 78.23%
2021-12-05 14:11:40,918 - main.py[line:181] - INFO: Epoch: 168; eval pIoU: 82.11%; eval cIoU: 75.98%; train pIoU: 83.27%; train cIoU: 78.54%
2021-12-05 14:13:15,917 - main.py[line:181] - INFO: Epoch: 169; eval pIoU: 81.69%; eval cIoU: 76.24%; train pIoU: 83.30%; train cIoU: 78.32%
2021-12-05 14:14:50,918 - main.py[line:181] - INFO: Epoch: 170; eval pIoU: 82.06%; eval cIoU: 77.11%; train pIoU: 83.28%; train cIoU: 78.40%
2021-12-05 14:16:25,923 - main.py[line:181] - INFO: Epoch: 171; eval pIoU: 82.21%; eval cIoU: 76.52%; train pIoU: 83.33%; train cIoU: 78.40%
2021-12-05 14:18:00,952 - main.py[line:181] - INFO: Epoch: 172; eval pIoU: 82.09%; eval cIoU: 76.35%; train pIoU: 83.37%; train cIoU: 78.52%
2021-12-05 14:19:35,945 - main.py[line:181] - INFO: Epoch: 173; eval pIoU: 82.21%; eval cIoU: 76.28%; train pIoU: 83.32%; train cIoU: 78.30%
2021-12-05 14:21:11,070 - main.py[line:181] - INFO: Epoch: 174; eval pIoU: 81.85%; eval cIoU: 76.05%; train pIoU: 83.32%; train cIoU: 78.85%
2021-12-05 14:22:46,173 - main.py[line:181] - INFO: Epoch: 175; eval pIoU: 82.12%; eval cIoU: 76.73%; train pIoU: 83.39%; train cIoU: 78.40%
2021-12-05 14:24:21,463 - main.py[line:181] - INFO: Epoch: 176; eval pIoU: 82.12%; eval cIoU: 76.77%; train pIoU: 83.36%; train cIoU: 78.52%
2021-12-05 14:25:56,776 - main.py[line:181] - INFO: Epoch: 177; eval pIoU: 82.16%; eval cIoU: 77.01%; train pIoU: 83.27%; train cIoU: 78.50%
2021-12-05 14:27:31,998 - main.py[line:181] - INFO: Epoch: 178; eval pIoU: 82.07%; eval cIoU: 75.92%; train pIoU: 83.32%; train cIoU: 78.41%
2021-12-05 14:29:07,143 - main.py[line:181] - INFO: Epoch: 179; eval pIoU: 82.11%; eval cIoU: 76.94%; train pIoU: 83.36%; train cIoU: 78.41%
2021-12-05 14:30:42,316 - main.py[line:181] - INFO: Epoch: 180; eval pIoU: 82.52%; eval cIoU: 76.72%; train pIoU: 83.39%; train cIoU: 78.66%
2021-12-05 14:30:42,320 - main.py[line:186] - INFO: New best model is achieved at epoch 180 with eval pIoU as 82.52%
2021-12-05 14:32:17,507 - main.py[line:181] - INFO: Epoch: 181; eval pIoU: 82.15%; eval cIoU: 77.34%; train pIoU: 83.30%; train cIoU: 78.56%
2021-12-05 14:33:52,665 - main.py[line:181] - INFO: Epoch: 182; eval pIoU: 82.19%; eval cIoU: 76.65%; train pIoU: 83.46%; train cIoU: 78.47%
2021-12-05 14:35:27,822 - main.py[line:181] - INFO: Epoch: 183; eval pIoU: 82.13%; eval cIoU: 76.25%; train pIoU: 83.34%; train cIoU: 78.84%
2021-12-05 14:37:02,991 - main.py[line:181] - INFO: Epoch: 184; eval pIoU: 81.98%; eval cIoU: 76.14%; train pIoU: 83.31%; train cIoU: 78.07%
2021-12-05 14:38:38,182 - main.py[line:181] - INFO: Epoch: 185; eval pIoU: 82.28%; eval cIoU: 76.72%; train pIoU: 83.43%; train cIoU: 78.75%
2021-12-05 14:40:13,333 - main.py[line:181] - INFO: Epoch: 186; eval pIoU: 82.11%; eval cIoU: 77.01%; train pIoU: 83.47%; train cIoU: 78.61%
2021-12-05 14:41:48,510 - main.py[line:181] - INFO: Epoch: 187; eval pIoU: 81.65%; eval cIoU: 76.10%; train pIoU: 83.47%; train cIoU: 78.71%
2021-12-05 14:43:23,681 - main.py[line:181] - INFO: Epoch: 188; eval pIoU: 82.27%; eval cIoU: 76.85%; train pIoU: 83.49%; train cIoU: 78.63%
2021-12-05 14:44:58,867 - main.py[line:181] - INFO: Epoch: 189; eval pIoU: 81.99%; eval cIoU: 77.43%; train pIoU: 83.54%; train cIoU: 78.92%
2021-12-05 14:46:34,059 - main.py[line:181] - INFO: Epoch: 190; eval pIoU: 81.90%; eval cIoU: 76.87%; train pIoU: 83.43%; train cIoU: 78.52%
2021-12-05 14:48:09,235 - main.py[line:181] - INFO: Epoch: 191; eval pIoU: 82.53%; eval cIoU: 77.20%; train pIoU: 83.43%; train cIoU: 78.82%
2021-12-05 14:48:09,239 - main.py[line:186] - INFO: New best model is achieved at epoch 191 with eval pIoU as 82.53%
2021-12-05 14:49:44,392 - main.py[line:181] - INFO: Epoch: 192; eval pIoU: 82.11%; eval cIoU: 75.88%; train pIoU: 83.49%; train cIoU: 78.67%
2021-12-05 14:51:19,553 - main.py[line:181] - INFO: Epoch: 193; eval pIoU: 82.14%; eval cIoU: 76.52%; train pIoU: 83.45%; train cIoU: 78.37%
2021-12-05 14:52:54,685 - main.py[line:181] - INFO: Epoch: 194; eval pIoU: 82.19%; eval cIoU: 76.91%; train pIoU: 83.47%; train cIoU: 78.71%
2021-12-05 14:54:29,806 - main.py[line:181] - INFO: Epoch: 195; eval pIoU: 81.84%; eval cIoU: 76.50%; train pIoU: 83.52%; train cIoU: 78.60%
2021-12-05 14:56:04,938 - main.py[line:181] - INFO: Epoch: 196; eval pIoU: 82.61%; eval cIoU: 77.06%; train pIoU: 83.50%; train cIoU: 78.77%
2021-12-05 14:56:04,941 - main.py[line:186] - INFO: New best model is achieved at epoch 196 with eval pIoU as 82.61%
2021-12-05 14:57:40,063 - main.py[line:181] - INFO: Epoch: 197; eval pIoU: 82.35%; eval cIoU: 76.77%; train pIoU: 83.48%; train cIoU: 78.68%
2021-12-05 14:59:15,195 - main.py[line:181] - INFO: Epoch: 198; eval pIoU: 82.26%; eval cIoU: 77.22%; train pIoU: 83.58%; train cIoU: 78.87%
2021-12-05 15:00:50,320 - main.py[line:181] - INFO: Epoch: 199; eval pIoU: 81.84%; eval cIoU: 76.82%; train pIoU: 83.58%; train cIoU: 78.91%
2021-12-05 15:02:25,481 - main.py[line:181] - INFO: Epoch: 200; eval pIoU: 82.04%; eval cIoU: 76.92%; train pIoU: 83.47%; train cIoU: 78.79%
2021-12-05 15:04:00,632 - main.py[line:181] - INFO: Epoch: 201; eval pIoU: 82.94%; eval cIoU: 77.99%; train pIoU: 84.15%; train cIoU: 79.86%
2021-12-05 15:04:00,635 - main.py[line:186] - INFO: New best model is achieved at epoch 201 with eval pIoU as 82.94%
2021-12-05 15:05:35,795 - main.py[line:181] - INFO: Epoch: 202; eval pIoU: 82.93%; eval cIoU: 77.88%; train pIoU: 84.49%; train cIoU: 80.27%
2021-12-05 15:07:11,010 - main.py[line:181] - INFO: Epoch: 203; eval pIoU: 82.98%; eval cIoU: 78.02%; train pIoU: 84.51%; train cIoU: 80.00%
2021-12-05 15:07:11,013 - main.py[line:186] - INFO: New best model is achieved at epoch 203 with eval pIoU as 82.98%
2021-12-05 15:08:46,161 - main.py[line:181] - INFO: Epoch: 204; eval pIoU: 83.01%; eval cIoU: 78.27%; train pIoU: 84.56%; train cIoU: 80.15%
2021-12-05 15:08:46,164 - main.py[line:186] - INFO: New best model is achieved at epoch 204 with eval pIoU as 83.01%
2021-12-05 15:10:21,311 - main.py[line:181] - INFO: Epoch: 205; eval pIoU: 83.14%; eval cIoU: 78.11%; train pIoU: 84.61%; train cIoU: 80.18%
2021-12-05 15:10:21,314 - main.py[line:186] - INFO: New best model is achieved at epoch 205 with eval pIoU as 83.14%
2021-12-05 15:11:56,500 - main.py[line:181] - INFO: Epoch: 206; eval pIoU: 83.03%; eval cIoU: 77.96%; train pIoU: 84.58%; train cIoU: 80.32%
2021-12-05 15:13:31,699 - main.py[line:181] - INFO: Epoch: 207; eval pIoU: 83.01%; eval cIoU: 78.00%; train pIoU: 84.60%; train cIoU: 80.50%
2021-12-05 15:15:06,865 - main.py[line:181] - INFO: Epoch: 208; eval pIoU: 83.00%; eval cIoU: 77.90%; train pIoU: 84.65%; train cIoU: 80.41%
2021-12-05 15:16:42,063 - main.py[line:181] - INFO: Epoch: 209; eval pIoU: 83.04%; eval cIoU: 77.82%; train pIoU: 84.65%; train cIoU: 80.33%
2021-12-05 15:18:17,237 - main.py[line:181] - INFO: Epoch: 210; eval pIoU: 83.07%; eval cIoU: 78.20%; train pIoU: 84.67%; train cIoU: 80.25%
2021-12-05 15:19:52,401 - main.py[line:181] - INFO: Epoch: 211; eval pIoU: 83.08%; eval cIoU: 78.22%; train pIoU: 84.69%; train cIoU: 80.27%
2021-12-05 15:21:27,563 - main.py[line:181] - INFO: Epoch: 212; eval pIoU: 83.06%; eval cIoU: 78.25%; train pIoU: 84.68%; train cIoU: 80.54%
2021-12-05 15:23:02,726 - main.py[line:181] - INFO: Epoch: 213; eval pIoU: 83.06%; eval cIoU: 78.19%; train pIoU: 84.67%; train cIoU: 80.41%
2021-12-05 15:24:37,898 - main.py[line:181] - INFO: Epoch: 214; eval pIoU: 83.02%; eval cIoU: 78.06%; train pIoU: 84.68%; train cIoU: 80.44%
2021-12-05 15:26:13,089 - main.py[line:181] - INFO: Epoch: 215; eval pIoU: 83.09%; eval cIoU: 78.01%; train pIoU: 84.73%; train cIoU: 80.38%
2021-12-05 15:27:48,281 - main.py[line:181] - INFO: Epoch: 216; eval pIoU: 83.05%; eval cIoU: 78.03%; train pIoU: 84.72%; train cIoU: 80.54%
2021-12-05 15:29:23,449 - main.py[line:181] - INFO: Epoch: 217; eval pIoU: 83.02%; eval cIoU: 78.07%; train pIoU: 84.68%; train cIoU: 80.67%
2021-12-05 15:30:58,582 - main.py[line:181] - INFO: Epoch: 218; eval pIoU: 83.07%; eval cIoU: 77.97%; train pIoU: 84.77%; train cIoU: 80.38%
2021-12-05 15:32:33,705 - main.py[line:181] - INFO: Epoch: 219; eval pIoU: 83.05%; eval cIoU: 78.18%; train pIoU: 84.77%; train cIoU: 80.43%
2021-12-05 15:34:08,844 - main.py[line:181] - INFO: Epoch: 220; eval pIoU: 83.03%; eval cIoU: 78.40%; train pIoU: 84.80%; train cIoU: 80.57%
2021-12-05 15:35:43,994 - main.py[line:181] - INFO: Epoch: 221; eval pIoU: 83.10%; eval cIoU: 78.09%; train pIoU: 84.77%; train cIoU: 80.40%
2021-12-05 15:37:19,163 - main.py[line:181] - INFO: Epoch: 222; eval pIoU: 83.07%; eval cIoU: 77.99%; train pIoU: 84.79%; train cIoU: 80.37%
2021-12-05 15:38:54,288 - main.py[line:181] - INFO: Epoch: 223; eval pIoU: 83.11%; eval cIoU: 78.31%; train pIoU: 84.78%; train cIoU: 80.72%
2021-12-05 15:40:29,488 - main.py[line:181] - INFO: Epoch: 224; eval pIoU: 83.12%; eval cIoU: 78.11%; train pIoU: 84.81%; train cIoU: 80.54%
2021-12-05 15:42:04,659 - main.py[line:181] - INFO: Epoch: 225; eval pIoU: 83.08%; eval cIoU: 78.12%; train pIoU: 84.77%; train cIoU: 80.29%
2021-12-05 15:43:39,804 - main.py[line:181] - INFO: Epoch: 226; eval pIoU: 83.05%; eval cIoU: 78.19%; train pIoU: 84.77%; train cIoU: 80.56%
2021-12-05 15:45:14,930 - main.py[line:181] - INFO: Epoch: 227; eval pIoU: 83.20%; eval cIoU: 78.49%; train pIoU: 84.81%; train cIoU: 80.49%
2021-12-05 15:45:14,934 - main.py[line:186] - INFO: New best model is achieved at epoch 227 with eval pIoU as 83.20%
2021-12-05 15:46:50,074 - main.py[line:181] - INFO: Epoch: 228; eval pIoU: 83.18%; eval cIoU: 78.23%; train pIoU: 84.80%; train cIoU: 80.67%
2021-12-05 15:48:25,205 - main.py[line:181] - INFO: Epoch: 229; eval pIoU: 83.13%; eval cIoU: 78.33%; train pIoU: 84.79%; train cIoU: 80.69%
2021-12-05 15:50:00,418 - main.py[line:181] - INFO: Epoch: 230; eval pIoU: 83.13%; eval cIoU: 78.32%; train pIoU: 84.82%; train cIoU: 80.68%
2021-12-05 15:51:35,580 - main.py[line:181] - INFO: Epoch: 231; eval pIoU: 83.10%; eval cIoU: 78.15%; train pIoU: 84.79%; train cIoU: 80.66%
2021-12-05 15:53:10,725 - main.py[line:181] - INFO: Epoch: 232; eval pIoU: 83.20%; eval cIoU: 78.51%; train pIoU: 84.81%; train cIoU: 80.66%
2021-12-05 15:53:10,729 - main.py[line:186] - INFO: New best model is achieved at epoch 232 with eval pIoU as 83.20%
2021-12-05 15:54:45,901 - main.py[line:181] - INFO: Epoch: 233; eval pIoU: 83.12%; eval cIoU: 78.24%; train pIoU: 84.86%; train cIoU: 80.80%
2021-12-05 15:56:21,096 - main.py[line:181] - INFO: Epoch: 234; eval pIoU: 83.08%; eval cIoU: 78.25%; train pIoU: 84.85%; train cIoU: 80.57%
2021-12-05 15:57:56,259 - main.py[line:181] - INFO: Epoch: 235; eval pIoU: 83.11%; eval cIoU: 78.25%; train pIoU: 84.79%; train cIoU: 80.42%
2021-12-05 15:59:31,412 - main.py[line:181] - INFO: Epoch: 236; eval pIoU: 83.16%; eval cIoU: 78.42%; train pIoU: 84.86%; train cIoU: 80.74%
2021-12-05 16:01:06,535 - main.py[line:181] - INFO: Epoch: 237; eval pIoU: 83.09%; eval cIoU: 78.43%; train pIoU: 84.82%; train cIoU: 80.81%
2021-12-05 16:02:41,663 - main.py[line:181] - INFO: Epoch: 238; eval pIoU: 83.27%; eval cIoU: 78.50%; train pIoU: 84.79%; train cIoU: 80.82%
2021-12-05 16:02:41,667 - main.py[line:186] - INFO: New best model is achieved at epoch 238 with eval pIoU as 83.27%
2021-12-05 16:04:16,778 - main.py[line:181] - INFO: Epoch: 239; eval pIoU: 83.05%; eval cIoU: 78.27%; train pIoU: 84.81%; train cIoU: 80.64%
2021-12-05 16:05:51,987 - main.py[line:181] - INFO: Epoch: 240; eval pIoU: 83.17%; eval cIoU: 78.40%; train pIoU: 84.79%; train cIoU: 80.66%
2021-12-05 16:07:27,181 - main.py[line:181] - INFO: Epoch: 241; eval pIoU: 83.14%; eval cIoU: 78.18%; train pIoU: 84.84%; train cIoU: 80.70%
2021-12-05 16:09:02,367 - main.py[line:181] - INFO: Epoch: 242; eval pIoU: 83.11%; eval cIoU: 78.36%; train pIoU: 84.79%; train cIoU: 80.48%
2021-12-05 16:10:37,550 - main.py[line:181] - INFO: Epoch: 243; eval pIoU: 83.07%; eval cIoU: 78.22%; train pIoU: 84.88%; train cIoU: 80.75%
2021-12-05 16:12:12,692 - main.py[line:181] - INFO: Epoch: 244; eval pIoU: 83.14%; eval cIoU: 78.40%; train pIoU: 84.85%; train cIoU: 80.70%
2021-12-05 16:13:47,834 - main.py[line:181] - INFO: Epoch: 245; eval pIoU: 83.06%; eval cIoU: 78.13%; train pIoU: 84.79%; train cIoU: 80.52%
2021-12-05 16:15:22,974 - main.py[line:181] - INFO: Epoch: 246; eval pIoU: 83.05%; eval cIoU: 78.13%; train pIoU: 84.89%; train cIoU: 80.50%
2021-12-05 16:16:58,054 - main.py[line:181] - INFO: Epoch: 247; eval pIoU: 83.08%; eval cIoU: 78.01%; train pIoU: 84.91%; train cIoU: 80.73%
2021-12-05 16:18:33,079 - main.py[line:181] - INFO: Epoch: 248; eval pIoU: 83.14%; eval cIoU: 78.10%; train pIoU: 84.88%; train cIoU: 80.74%
2021-12-05 16:20:08,071 - main.py[line:181] - INFO: Epoch: 249; eval pIoU: 83.16%; eval cIoU: 78.13%; train pIoU: 84.88%; train cIoU: 80.84%
2021-12-05 16:21:43,103 - main.py[line:181] - INFO: Epoch: 250; eval pIoU: 83.11%; eval cIoU: 78.11%; train pIoU: 84.90%; train cIoU: 80.84%
2021-12-05 16:23:18,135 - main.py[line:181] - INFO: Epoch: 251; eval pIoU: 83.23%; eval cIoU: 78.53%; train pIoU: 84.85%; train cIoU: 80.76%
2021-12-05 16:24:53,213 - main.py[line:181] - INFO: Epoch: 252; eval pIoU: 83.15%; eval cIoU: 78.20%; train pIoU: 84.90%; train cIoU: 80.69%
2021-12-05 16:26:28,353 - main.py[line:181] - INFO: Epoch: 253; eval pIoU: 83.12%; eval cIoU: 78.32%; train pIoU: 84.91%; train cIoU: 80.75%
2021-12-05 16:28:03,483 - main.py[line:181] - INFO: Epoch: 254; eval pIoU: 83.17%; eval cIoU: 78.25%; train pIoU: 84.91%; train cIoU: 80.62%
2021-12-05 16:29:38,622 - main.py[line:181] - INFO: Epoch: 255; eval pIoU: 83.06%; eval cIoU: 78.27%; train pIoU: 84.86%; train cIoU: 80.52%
2021-12-05 16:31:13,756 - main.py[line:181] - INFO: Epoch: 256; eval pIoU: 83.16%; eval cIoU: 78.27%; train pIoU: 84.94%; train cIoU: 81.00%
2021-12-05 16:32:48,909 - main.py[line:181] - INFO: Epoch: 257; eval pIoU: 83.12%; eval cIoU: 78.35%; train pIoU: 84.93%; train cIoU: 80.70%
2021-12-05 16:34:24,058 - main.py[line:181] - INFO: Epoch: 258; eval pIoU: 83.14%; eval cIoU: 78.22%; train pIoU: 84.94%; train cIoU: 80.72%
2021-12-05 16:35:59,215 - main.py[line:181] - INFO: Epoch: 259; eval pIoU: 83.10%; eval cIoU: 78.36%; train pIoU: 84.91%; train cIoU: 80.64%
2021-12-05 16:37:34,335 - main.py[line:181] - INFO: Epoch: 260; eval pIoU: 83.06%; eval cIoU: 78.14%; train pIoU: 84.96%; train cIoU: 80.89%
2021-12-05 16:39:09,486 - main.py[line:181] - INFO: Epoch: 261; eval pIoU: 83.20%; eval cIoU: 78.26%; train pIoU: 84.90%; train cIoU: 80.74%
2021-12-05 16:40:44,653 - main.py[line:181] - INFO: Epoch: 262; eval pIoU: 83.15%; eval cIoU: 78.40%; train pIoU: 85.00%; train cIoU: 80.91%
2021-12-05 16:42:19,784 - main.py[line:181] - INFO: Epoch: 263; eval pIoU: 83.19%; eval cIoU: 78.50%; train pIoU: 84.89%; train cIoU: 80.68%
2021-12-05 16:43:54,906 - main.py[line:181] - INFO: Epoch: 264; eval pIoU: 83.04%; eval cIoU: 78.23%; train pIoU: 84.93%; train cIoU: 80.78%
2021-12-05 16:45:30,124 - main.py[line:181] - INFO: Epoch: 265; eval pIoU: 83.18%; eval cIoU: 78.09%; train pIoU: 84.92%; train cIoU: 81.00%
2021-12-05 16:47:05,374 - main.py[line:181] - INFO: Epoch: 266; eval pIoU: 83.13%; eval cIoU: 77.96%; train pIoU: 84.95%; train cIoU: 80.88%
2021-12-05 16:48:40,577 - main.py[line:181] - INFO: Epoch: 267; eval pIoU: 83.11%; eval cIoU: 78.07%; train pIoU: 84.93%; train cIoU: 81.08%
2021-12-05 16:50:15,780 - main.py[line:181] - INFO: Epoch: 268; eval pIoU: 83.16%; eval cIoU: 78.13%; train pIoU: 84.96%; train cIoU: 80.80%
2021-12-05 16:51:50,958 - main.py[line:181] - INFO: Epoch: 269; eval pIoU: 83.22%; eval cIoU: 78.19%; train pIoU: 84.95%; train cIoU: 80.82%
2021-12-05 16:53:26,154 - main.py[line:181] - INFO: Epoch: 270; eval pIoU: 83.23%; eval cIoU: 78.46%; train pIoU: 85.04%; train cIoU: 80.90%
2021-12-05 16:55:01,322 - main.py[line:181] - INFO: Epoch: 271; eval pIoU: 83.11%; eval cIoU: 78.21%; train pIoU: 84.94%; train cIoU: 80.74%
2021-12-05 16:56:36,481 - main.py[line:181] - INFO: Epoch: 272; eval pIoU: 83.13%; eval cIoU: 78.27%; train pIoU: 84.96%; train cIoU: 80.91%
2021-12-05 16:58:11,670 - main.py[line:181] - INFO: Epoch: 273; eval pIoU: 83.27%; eval cIoU: 78.36%; train pIoU: 84.94%; train cIoU: 80.74%
2021-12-05 16:58:11,673 - main.py[line:186] - INFO: New best model is achieved at epoch 273 with eval pIoU as 83.27%
2021-12-05 16:59:46,909 - main.py[line:181] - INFO: Epoch: 274; eval pIoU: 83.20%; eval cIoU: 78.30%; train pIoU: 84.90%; train cIoU: 80.70%
2021-12-05 17:01:23,276 - main.py[line:181] - INFO: Epoch: 275; eval pIoU: 83.13%; eval cIoU: 78.08%; train pIoU: 85.01%; train cIoU: 81.07%
2021-12-05 17:02:59,729 - main.py[line:181] - INFO: Epoch: 276; eval pIoU: 83.29%; eval cIoU: 78.29%; train pIoU: 84.96%; train cIoU: 80.95%
2021-12-05 17:02:59,733 - main.py[line:186] - INFO: New best model is achieved at epoch 276 with eval pIoU as 83.29%
2021-12-05 17:04:35,623 - main.py[line:181] - INFO: Epoch: 277; eval pIoU: 83.22%; eval cIoU: 78.27%; train pIoU: 84.93%; train cIoU: 80.86%
2021-12-05 17:06:11,132 - main.py[line:181] - INFO: Epoch: 278; eval pIoU: 83.23%; eval cIoU: 78.40%; train pIoU: 84.96%; train cIoU: 80.94%
2021-12-05 17:07:46,362 - main.py[line:181] - INFO: Epoch: 279; eval pIoU: 83.24%; eval cIoU: 78.32%; train pIoU: 85.06%; train cIoU: 80.93%
2021-12-05 17:09:21,576 - main.py[line:181] - INFO: Epoch: 280; eval pIoU: 83.22%; eval cIoU: 78.34%; train pIoU: 85.01%; train cIoU: 80.84%
2021-12-05 17:10:56,745 - main.py[line:181] - INFO: Epoch: 281; eval pIoU: 83.16%; eval cIoU: 78.23%; train pIoU: 84.96%; train cIoU: 80.86%
2021-12-05 17:12:31,888 - main.py[line:181] - INFO: Epoch: 282; eval pIoU: 83.24%; eval cIoU: 78.37%; train pIoU: 85.02%; train cIoU: 80.92%
2021-12-05 17:14:07,268 - main.py[line:181] - INFO: Epoch: 283; eval pIoU: 83.12%; eval cIoU: 78.15%; train pIoU: 84.96%; train cIoU: 80.75%
2021-12-05 17:15:42,392 - main.py[line:181] - INFO: Epoch: 284; eval pIoU: 83.26%; eval cIoU: 78.25%; train pIoU: 85.03%; train cIoU: 81.11%
2021-12-05 17:17:17,597 - main.py[line:181] - INFO: Epoch: 285; eval pIoU: 83.15%; eval cIoU: 78.20%; train pIoU: 84.95%; train cIoU: 80.80%
2021-12-05 17:18:52,878 - main.py[line:181] - INFO: Epoch: 286; eval pIoU: 83.25%; eval cIoU: 78.39%; train pIoU: 85.08%; train cIoU: 81.08%
2021-12-05 17:20:28,074 - main.py[line:181] - INFO: Epoch: 287; eval pIoU: 83.18%; eval cIoU: 78.33%; train pIoU: 85.01%; train cIoU: 81.03%
2021-12-05 17:22:03,193 - main.py[line:181] - INFO: Epoch: 288; eval pIoU: 83.23%; eval cIoU: 78.40%; train pIoU: 84.95%; train cIoU: 81.02%
2021-12-05 17:23:38,410 - main.py[line:181] - INFO: Epoch: 289; eval pIoU: 83.15%; eval cIoU: 78.30%; train pIoU: 84.97%; train cIoU: 81.02%
2021-12-05 17:25:13,644 - main.py[line:181] - INFO: Epoch: 290; eval pIoU: 83.20%; eval cIoU: 78.22%; train pIoU: 84.97%; train cIoU: 81.01%
2021-12-05 17:26:48,888 - main.py[line:181] - INFO: Epoch: 291; eval pIoU: 83.19%; eval cIoU: 78.24%; train pIoU: 85.02%; train cIoU: 80.94%
2021-12-05 17:28:24,109 - main.py[line:181] - INFO: Epoch: 292; eval pIoU: 83.23%; eval cIoU: 78.41%; train pIoU: 84.96%; train cIoU: 80.85%
2021-12-05 17:29:59,396 - main.py[line:181] - INFO: Epoch: 293; eval pIoU: 83.21%; eval cIoU: 78.32%; train pIoU: 85.07%; train cIoU: 81.12%
2021-12-05 17:31:34,641 - main.py[line:181] - INFO: Epoch: 294; eval pIoU: 83.36%; eval cIoU: 78.50%; train pIoU: 84.99%; train cIoU: 80.85%
2021-12-05 17:31:34,644 - main.py[line:186] - INFO: New best model is achieved at epoch 294 with eval pIoU as 83.36%
2021-12-05 17:33:09,849 - main.py[line:181] - INFO: Epoch: 295; eval pIoU: 83.30%; eval cIoU: 78.47%; train pIoU: 84.97%; train cIoU: 80.77%
2021-12-05 17:34:44,988 - main.py[line:181] - INFO: Epoch: 296; eval pIoU: 83.15%; eval cIoU: 78.28%; train pIoU: 85.00%; train cIoU: 80.84%
2021-12-05 17:36:20,081 - main.py[line:181] - INFO: Epoch: 297; eval pIoU: 83.27%; eval cIoU: 78.46%; train pIoU: 84.98%; train cIoU: 81.03%
2021-12-05 17:37:55,351 - main.py[line:181] - INFO: Epoch: 298; eval pIoU: 83.25%; eval cIoU: 78.17%; train pIoU: 84.94%; train cIoU: 80.81%
2021-12-05 17:39:30,564 - main.py[line:181] - INFO: Epoch: 299; eval pIoU: 83.19%; eval cIoU: 78.48%; train pIoU: 85.05%; train cIoU: 80.87%
2021-12-05 17:41:05,812 - main.py[line:181] - INFO: Epoch: 300; eval pIoU: 83.15%; eval cIoU: 78.07%; train pIoU: 85.03%; train cIoU: 80.90%
2021-12-05 17:42:41,001 - main.py[line:181] - INFO: Epoch: 301; eval pIoU: 83.17%; eval cIoU: 78.17%; train pIoU: 85.10%; train cIoU: 81.21%
2021-12-05 17:44:16,166 - main.py[line:181] - INFO: Epoch: 302; eval pIoU: 83.11%; eval cIoU: 78.33%; train pIoU: 85.05%; train cIoU: 81.02%
2021-12-05 17:45:51,317 - main.py[line:181] - INFO: Epoch: 303; eval pIoU: 83.17%; eval cIoU: 78.34%; train pIoU: 84.98%; train cIoU: 80.95%
2021-12-05 17:47:26,577 - main.py[line:181] - INFO: Epoch: 304; eval pIoU: 83.22%; eval cIoU: 78.46%; train pIoU: 84.99%; train cIoU: 81.07%
2021-12-05 17:49:01,859 - main.py[line:181] - INFO: Epoch: 305; eval pIoU: 83.25%; eval cIoU: 78.40%; train pIoU: 85.05%; train cIoU: 81.07%
2021-12-05 17:50:38,176 - main.py[line:181] - INFO: Epoch: 306; eval pIoU: 83.03%; eval cIoU: 78.12%; train pIoU: 85.08%; train cIoU: 81.01%
2021-12-05 17:52:14,591 - main.py[line:181] - INFO: Epoch: 307; eval pIoU: 83.19%; eval cIoU: 78.42%; train pIoU: 85.03%; train cIoU: 80.99%
2021-12-05 17:53:50,715 - main.py[line:181] - INFO: Epoch: 308; eval pIoU: 83.19%; eval cIoU: 78.30%; train pIoU: 85.09%; train cIoU: 80.96%
2021-12-05 17:55:26,971 - main.py[line:181] - INFO: Epoch: 309; eval pIoU: 83.18%; eval cIoU: 78.16%; train pIoU: 85.00%; train cIoU: 80.83%
2021-12-05 17:57:03,311 - main.py[line:181] - INFO: Epoch: 310; eval pIoU: 83.19%; eval cIoU: 78.31%; train pIoU: 85.15%; train cIoU: 81.15%
2021-12-05 17:58:39,681 - main.py[line:181] - INFO: Epoch: 311; eval pIoU: 83.24%; eval cIoU: 78.39%; train pIoU: 85.08%; train cIoU: 81.10%
2021-12-05 18:00:15,926 - main.py[line:181] - INFO: Epoch: 312; eval pIoU: 83.21%; eval cIoU: 78.45%; train pIoU: 85.04%; train cIoU: 81.02%
2021-12-05 18:01:52,295 - main.py[line:181] - INFO: Epoch: 313; eval pIoU: 83.21%; eval cIoU: 78.39%; train pIoU: 85.02%; train cIoU: 81.12%
2021-12-05 18:03:28,450 - main.py[line:181] - INFO: Epoch: 314; eval pIoU: 83.17%; eval cIoU: 78.51%; train pIoU: 85.15%; train cIoU: 81.04%
2021-12-05 18:05:04,915 - main.py[line:181] - INFO: Epoch: 315; eval pIoU: 83.22%; eval cIoU: 78.47%; train pIoU: 85.12%; train cIoU: 81.22%
2021-12-05 18:06:41,515 - main.py[line:181] - INFO: Epoch: 316; eval pIoU: 83.28%; eval cIoU: 78.38%; train pIoU: 85.06%; train cIoU: 80.91%
2021-12-05 18:08:17,712 - main.py[line:181] - INFO: Epoch: 317; eval pIoU: 83.27%; eval cIoU: 78.53%; train pIoU: 85.10%; train cIoU: 81.03%
2021-12-05 18:09:54,091 - main.py[line:181] - INFO: Epoch: 318; eval pIoU: 83.28%; eval cIoU: 78.44%; train pIoU: 85.06%; train cIoU: 80.90%
2021-12-05 18:11:30,211 - main.py[line:181] - INFO: Epoch: 319; eval pIoU: 83.28%; eval cIoU: 78.52%; train pIoU: 85.04%; train cIoU: 81.00%
2021-12-05 18:13:06,566 - main.py[line:181] - INFO: Epoch: 320; eval pIoU: 83.20%; eval cIoU: 78.25%; train pIoU: 85.10%; train cIoU: 81.31%
2021-12-05 18:14:42,603 - main.py[line:181] - INFO: Epoch: 321; eval pIoU: 83.33%; eval cIoU: 78.47%; train pIoU: 85.05%; train cIoU: 81.08%
2021-12-05 18:16:17,615 - main.py[line:181] - INFO: Epoch: 322; eval pIoU: 83.26%; eval cIoU: 78.47%; train pIoU: 85.07%; train cIoU: 80.96%
2021-12-05 18:17:52,681 - main.py[line:181] - INFO: Epoch: 323; eval pIoU: 83.20%; eval cIoU: 78.12%; train pIoU: 85.11%; train cIoU: 81.10%
2021-12-05 18:19:27,808 - main.py[line:181] - INFO: Epoch: 324; eval pIoU: 83.18%; eval cIoU: 78.22%; train pIoU: 85.02%; train cIoU: 80.89%
2021-12-05 18:21:02,913 - main.py[line:181] - INFO: Epoch: 325; eval pIoU: 83.24%; eval cIoU: 78.54%; train pIoU: 85.12%; train cIoU: 81.02%
2021-12-05 18:22:37,992 - main.py[line:181] - INFO: Epoch: 326; eval pIoU: 83.14%; eval cIoU: 78.33%; train pIoU: 85.02%; train cIoU: 81.10%
2021-12-05 18:24:13,021 - main.py[line:181] - INFO: Epoch: 327; eval pIoU: 83.19%; eval cIoU: 78.47%; train pIoU: 85.15%; train cIoU: 81.10%
2021-12-05 18:25:48,027 - main.py[line:181] - INFO: Epoch: 328; eval pIoU: 83.23%; eval cIoU: 78.39%; train pIoU: 85.14%; train cIoU: 81.16%
2021-12-05 18:27:23,085 - main.py[line:181] - INFO: Epoch: 329; eval pIoU: 83.31%; eval cIoU: 78.48%; train pIoU: 85.07%; train cIoU: 81.10%
2021-12-05 18:28:58,094 - main.py[line:181] - INFO: Epoch: 330; eval pIoU: 83.35%; eval cIoU: 78.72%; train pIoU: 85.16%; train cIoU: 81.23%
2021-12-05 18:30:33,157 - main.py[line:181] - INFO: Epoch: 331; eval pIoU: 83.23%; eval cIoU: 78.52%; train pIoU: 85.08%; train cIoU: 81.28%
2021-12-05 18:32:08,235 - main.py[line:181] - INFO: Epoch: 332; eval pIoU: 83.22%; eval cIoU: 78.49%; train pIoU: 85.08%; train cIoU: 81.00%
2021-12-05 18:33:43,295 - main.py[line:181] - INFO: Epoch: 333; eval pIoU: 83.29%; eval cIoU: 78.38%; train pIoU: 85.07%; train cIoU: 81.01%
2021-12-05 18:35:18,365 - main.py[line:181] - INFO: Epoch: 334; eval pIoU: 83.35%; eval cIoU: 78.40%; train pIoU: 85.12%; train cIoU: 81.29%
2021-12-05 18:36:53,409 - main.py[line:181] - INFO: Epoch: 335; eval pIoU: 83.30%; eval cIoU: 78.57%; train pIoU: 85.06%; train cIoU: 81.24%
2021-12-05 18:38:28,471 - main.py[line:181] - INFO: Epoch: 336; eval pIoU: 83.19%; eval cIoU: 78.25%; train pIoU: 85.12%; train cIoU: 80.91%
2021-12-05 18:40:03,541 - main.py[line:181] - INFO: Epoch: 337; eval pIoU: 83.27%; eval cIoU: 78.53%; train pIoU: 85.17%; train cIoU: 81.09%
2021-12-05 18:41:38,597 - main.py[line:181] - INFO: Epoch: 338; eval pIoU: 83.20%; eval cIoU: 78.27%; train pIoU: 85.17%; train cIoU: 81.19%
2021-12-05 18:43:13,654 - main.py[line:181] - INFO: Epoch: 339; eval pIoU: 83.36%; eval cIoU: 78.51%; train pIoU: 85.18%; train cIoU: 81.12%
2021-12-05 18:44:48,703 - main.py[line:181] - INFO: Epoch: 340; eval pIoU: 83.36%; eval cIoU: 78.44%; train pIoU: 85.15%; train cIoU: 81.03%
2021-12-05 18:46:23,732 - main.py[line:181] - INFO: Epoch: 341; eval pIoU: 83.21%; eval cIoU: 78.32%; train pIoU: 85.14%; train cIoU: 81.05%
2021-12-05 18:47:58,774 - main.py[line:181] - INFO: Epoch: 342; eval pIoU: 83.27%; eval cIoU: 78.46%; train pIoU: 85.06%; train cIoU: 80.88%
2021-12-05 18:49:33,806 - main.py[line:181] - INFO: Epoch: 343; eval pIoU: 83.20%; eval cIoU: 78.49%; train pIoU: 85.13%; train cIoU: 81.16%
2021-12-05 18:51:08,853 - main.py[line:181] - INFO: Epoch: 344; eval pIoU: 83.20%; eval cIoU: 78.35%; train pIoU: 85.11%; train cIoU: 81.19%
2021-12-05 18:52:43,887 - main.py[line:181] - INFO: Epoch: 345; eval pIoU: 83.20%; eval cIoU: 78.29%; train pIoU: 85.15%; train cIoU: 81.26%
2021-12-05 18:54:18,954 - main.py[line:181] - INFO: Epoch: 346; eval pIoU: 83.28%; eval cIoU: 78.54%; train pIoU: 85.15%; train cIoU: 81.33%
2021-12-05 18:55:54,007 - main.py[line:181] - INFO: Epoch: 347; eval pIoU: 83.21%; eval cIoU: 78.40%; train pIoU: 85.16%; train cIoU: 81.32%
2021-12-05 18:57:29,015 - main.py[line:181] - INFO: Epoch: 348; eval pIoU: 83.26%; eval cIoU: 78.37%; train pIoU: 85.17%; train cIoU: 81.16%
2021-12-05 18:59:04,023 - main.py[line:181] - INFO: Epoch: 349; eval pIoU: 83.32%; eval cIoU: 78.60%; train pIoU: 85.15%; train cIoU: 81.40%
2021-12-05 19:00:39,035 - main.py[line:181] - INFO: Epoch: 350; eval pIoU: 83.23%; eval cIoU: 78.57%; train pIoU: 85.15%; train cIoU: 81.44%
2021-12-05 19:02:14,053 - main.py[line:181] - INFO: Epoch: 351; eval pIoU: 83.30%; eval cIoU: 78.59%; train pIoU: 85.19%; train cIoU: 81.47%
2021-12-05 19:03:49,064 - main.py[line:181] - INFO: Epoch: 352; eval pIoU: 83.20%; eval cIoU: 78.33%; train pIoU: 85.18%; train cIoU: 81.05%
2021-12-05 19:05:24,081 - main.py[line:181] - INFO: Epoch: 353; eval pIoU: 83.32%; eval cIoU: 78.70%; train pIoU: 85.16%; train cIoU: 81.23%
2021-12-05 19:06:59,102 - main.py[line:181] - INFO: Epoch: 354; eval pIoU: 83.32%; eval cIoU: 78.70%; train pIoU: 85.18%; train cIoU: 81.16%
2021-12-05 19:08:34,118 - main.py[line:181] - INFO: Epoch: 355; eval pIoU: 83.24%; eval cIoU: 78.61%; train pIoU: 85.24%; train cIoU: 81.21%
2021-12-05 19:10:09,135 - main.py[line:181] - INFO: Epoch: 356; eval pIoU: 83.25%; eval cIoU: 78.49%; train pIoU: 85.16%; train cIoU: 81.15%
2021-12-05 19:11:44,135 - main.py[line:181] - INFO: Epoch: 357; eval pIoU: 83.16%; eval cIoU: 78.36%; train pIoU: 85.18%; train cIoU: 81.16%
2021-12-05 19:13:19,148 - main.py[line:181] - INFO: Epoch: 358; eval pIoU: 83.32%; eval cIoU: 78.41%; train pIoU: 85.21%; train cIoU: 81.07%
2021-12-05 19:14:54,151 - main.py[line:181] - INFO: Epoch: 359; eval pIoU: 83.26%; eval cIoU: 78.61%; train pIoU: 85.15%; train cIoU: 81.19%
2021-12-05 19:16:29,151 - main.py[line:181] - INFO: Epoch: 360; eval pIoU: 83.25%; eval cIoU: 78.55%; train pIoU: 85.17%; train cIoU: 81.20%
2021-12-05 19:18:04,161 - main.py[line:181] - INFO: Epoch: 361; eval pIoU: 83.15%; eval cIoU: 78.46%; train pIoU: 85.18%; train cIoU: 81.19%
2021-12-05 19:19:39,165 - main.py[line:181] - INFO: Epoch: 362; eval pIoU: 83.12%; eval cIoU: 78.48%; train pIoU: 85.17%; train cIoU: 81.21%
2021-12-05 19:21:14,172 - main.py[line:181] - INFO: Epoch: 363; eval pIoU: 83.25%; eval cIoU: 78.64%; train pIoU: 85.11%; train cIoU: 81.07%
2021-12-05 19:22:49,195 - main.py[line:181] - INFO: Epoch: 364; eval pIoU: 83.28%; eval cIoU: 78.64%; train pIoU: 85.12%; train cIoU: 81.22%
2021-12-05 19:24:24,182 - main.py[line:181] - INFO: Epoch: 365; eval pIoU: 83.13%; eval cIoU: 78.55%; train pIoU: 85.14%; train cIoU: 81.28%
2021-12-05 19:26:00,507 - main.py[line:181] - INFO: Epoch: 366; eval pIoU: 83.25%; eval cIoU: 78.60%; train pIoU: 85.23%; train cIoU: 81.28%
2021-12-05 19:27:36,773 - main.py[line:181] - INFO: Epoch: 367; eval pIoU: 83.24%; eval cIoU: 78.53%; train pIoU: 85.14%; train cIoU: 81.05%
2021-12-05 19:29:13,011 - main.py[line:181] - INFO: Epoch: 368; eval pIoU: 83.24%; eval cIoU: 78.60%; train pIoU: 85.16%; train cIoU: 80.99%
2021-12-05 19:30:49,226 - main.py[line:181] - INFO: Epoch: 369; eval pIoU: 83.25%; eval cIoU: 78.63%; train pIoU: 85.15%; train cIoU: 80.99%
2021-12-05 19:32:25,432 - main.py[line:181] - INFO: Epoch: 370; eval pIoU: 83.34%; eval cIoU: 78.83%; train pIoU: 85.14%; train cIoU: 81.46%
2021-12-05 19:34:01,802 - main.py[line:181] - INFO: Epoch: 371; eval pIoU: 83.21%; eval cIoU: 78.61%; train pIoU: 85.28%; train cIoU: 81.41%
2021-12-05 19:35:37,859 - main.py[line:181] - INFO: Epoch: 372; eval pIoU: 83.23%; eval cIoU: 78.52%; train pIoU: 85.19%; train cIoU: 81.44%
2021-12-05 19:37:14,007 - main.py[line:181] - INFO: Epoch: 373; eval pIoU: 83.13%; eval cIoU: 78.33%; train pIoU: 85.24%; train cIoU: 81.24%
2021-12-05 19:38:50,587 - main.py[line:181] - INFO: Epoch: 374; eval pIoU: 83.12%; eval cIoU: 78.29%; train pIoU: 85.22%; train cIoU: 81.52%
2021-12-05 19:40:27,002 - main.py[line:181] - INFO: Epoch: 375; eval pIoU: 83.21%; eval cIoU: 78.57%; train pIoU: 85.23%; train cIoU: 81.22%
2021-12-05 19:42:03,094 - main.py[line:181] - INFO: Epoch: 376; eval pIoU: 83.23%; eval cIoU: 78.48%; train pIoU: 85.21%; train cIoU: 81.56%
2021-12-05 19:43:39,108 - main.py[line:181] - INFO: Epoch: 377; eval pIoU: 83.28%; eval cIoU: 78.51%; train pIoU: 85.22%; train cIoU: 81.22%
2021-12-05 19:45:15,495 - main.py[line:181] - INFO: Epoch: 378; eval pIoU: 83.31%; eval cIoU: 78.54%; train pIoU: 85.20%; train cIoU: 81.20%
2021-12-05 19:46:51,793 - main.py[line:181] - INFO: Epoch: 379; eval pIoU: 83.26%; eval cIoU: 78.74%; train pIoU: 85.21%; train cIoU: 81.21%
2021-12-05 19:48:28,100 - main.py[line:181] - INFO: Epoch: 380; eval pIoU: 83.18%; eval cIoU: 78.53%; train pIoU: 85.21%; train cIoU: 81.25%
2021-12-05 19:50:04,075 - main.py[line:181] - INFO: Epoch: 381; eval pIoU: 83.19%; eval cIoU: 78.44%; train pIoU: 85.27%; train cIoU: 81.41%
2021-12-05 19:51:40,302 - main.py[line:181] - INFO: Epoch: 382; eval pIoU: 83.33%; eval cIoU: 78.52%; train pIoU: 85.26%; train cIoU: 81.52%
2021-12-05 19:53:16,663 - main.py[line:181] - INFO: Epoch: 383; eval pIoU: 83.06%; eval cIoU: 78.58%; train pIoU: 85.27%; train cIoU: 81.20%
2021-12-05 19:54:52,899 - main.py[line:181] - INFO: Epoch: 384; eval pIoU: 83.34%; eval cIoU: 78.67%; train pIoU: 85.27%; train cIoU: 81.43%
2021-12-05 19:56:29,220 - main.py[line:181] - INFO: Epoch: 385; eval pIoU: 83.28%; eval cIoU: 78.73%; train pIoU: 85.22%; train cIoU: 81.35%
2021-12-05 19:58:05,412 - main.py[line:181] - INFO: Epoch: 386; eval pIoU: 83.18%; eval cIoU: 78.32%; train pIoU: 85.25%; train cIoU: 81.28%
2021-12-05 19:59:41,713 - main.py[line:181] - INFO: Epoch: 387; eval pIoU: 83.26%; eval cIoU: 78.44%; train pIoU: 85.20%; train cIoU: 81.45%
2021-12-05 20:01:18,253 - main.py[line:181] - INFO: Epoch: 388; eval pIoU: 83.26%; eval cIoU: 78.52%; train pIoU: 85.27%; train cIoU: 81.28%
2021-12-05 20:02:54,436 - main.py[line:181] - INFO: Epoch: 389; eval pIoU: 83.15%; eval cIoU: 78.28%; train pIoU: 85.28%; train cIoU: 81.27%
2021-12-05 20:04:30,595 - main.py[line:181] - INFO: Epoch: 390; eval pIoU: 83.11%; eval cIoU: 78.49%; train pIoU: 85.19%; train cIoU: 81.24%
2021-12-05 20:06:06,740 - main.py[line:181] - INFO: Epoch: 391; eval pIoU: 83.22%; eval cIoU: 78.51%; train pIoU: 85.23%; train cIoU: 81.37%
2021-12-05 20:07:43,121 - main.py[line:181] - INFO: Epoch: 392; eval pIoU: 83.33%; eval cIoU: 78.65%; train pIoU: 85.25%; train cIoU: 81.33%
2021-12-05 20:09:19,492 - main.py[line:181] - INFO: Epoch: 393; eval pIoU: 83.34%; eval cIoU: 78.63%; train pIoU: 85.32%; train cIoU: 81.51%
2021-12-05 20:10:55,708 - main.py[line:181] - INFO: Epoch: 394; eval pIoU: 83.33%; eval cIoU: 78.58%; train pIoU: 85.26%; train cIoU: 81.21%
2021-12-05 20:12:31,919 - main.py[line:181] - INFO: Epoch: 395; eval pIoU: 83.23%; eval cIoU: 78.39%; train pIoU: 85.23%; train cIoU: 81.33%
2021-12-05 20:14:08,143 - main.py[line:181] - INFO: Epoch: 396; eval pIoU: 83.28%; eval cIoU: 78.44%; train pIoU: 85.28%; train cIoU: 81.31%
2021-12-05 20:15:44,163 - main.py[line:181] - INFO: Epoch: 397; eval pIoU: 83.27%; eval cIoU: 78.51%; train pIoU: 85.28%; train cIoU: 81.27%
2021-12-05 20:17:20,400 - main.py[line:181] - INFO: Epoch: 398; eval pIoU: 83.30%; eval cIoU: 78.54%; train pIoU: 85.22%; train cIoU: 81.24%
2021-12-05 20:18:56,602 - main.py[line:181] - INFO: Epoch: 399; eval pIoU: 83.23%; eval cIoU: 78.28%; train pIoU: 85.23%; train cIoU: 81.09%
2021-12-05 20:20:32,920 - main.py[line:181] - INFO: Epoch: 400; eval pIoU: 83.30%; eval cIoU: 78.70%; train pIoU: 85.26%; train cIoU: 81.37%
2021-12-05 20:22:09,260 - main.py[line:181] - INFO: Epoch: 401; eval pIoU: 83.39%; eval cIoU: 78.65%; train pIoU: 85.38%; train cIoU: 81.53%
2021-12-05 20:22:09,265 - main.py[line:186] - INFO: New best model is achieved at epoch 401 with eval pIoU as 83.39%
2021-12-05 20:23:44,974 - main.py[line:181] - INFO: Epoch: 402; eval pIoU: 83.38%; eval cIoU: 78.71%; train pIoU: 85.42%; train cIoU: 81.38%
2021-12-05 20:25:20,089 - main.py[line:181] - INFO: Epoch: 403; eval pIoU: 83.40%; eval cIoU: 78.80%; train pIoU: 85.40%; train cIoU: 81.71%
2021-12-05 20:25:20,093 - main.py[line:186] - INFO: New best model is achieved at epoch 403 with eval pIoU as 83.40%
2021-12-05 20:26:55,229 - main.py[line:181] - INFO: Epoch: 404; eval pIoU: 83.39%; eval cIoU: 78.86%; train pIoU: 85.39%; train cIoU: 81.46%
2021-12-05 20:28:30,378 - main.py[line:181] - INFO: Epoch: 405; eval pIoU: 83.32%; eval cIoU: 78.74%; train pIoU: 85.52%; train cIoU: 81.58%
2021-12-05 20:30:05,523 - main.py[line:181] - INFO: Epoch: 406; eval pIoU: 83.38%; eval cIoU: 78.78%; train pIoU: 85.44%; train cIoU: 81.61%
2021-12-05 20:31:40,674 - main.py[line:181] - INFO: Epoch: 407; eval pIoU: 83.43%; eval cIoU: 78.78%; train pIoU: 85.43%; train cIoU: 81.62%
2021-12-05 20:31:40,678 - main.py[line:186] - INFO: New best model is achieved at epoch 407 with eval pIoU as 83.43%
2021-12-05 20:33:15,806 - main.py[line:181] - INFO: Epoch: 408; eval pIoU: 83.34%; eval cIoU: 78.66%; train pIoU: 85.45%; train cIoU: 81.70%
2021-12-05 20:34:50,944 - main.py[line:181] - INFO: Epoch: 409; eval pIoU: 83.26%; eval cIoU: 78.58%; train pIoU: 85.45%; train cIoU: 81.85%
2021-12-05 20:36:26,084 - main.py[line:181] - INFO: Epoch: 410; eval pIoU: 83.38%; eval cIoU: 78.73%; train pIoU: 85.41%; train cIoU: 81.67%
2021-12-05 20:38:01,212 - main.py[line:181] - INFO: Epoch: 411; eval pIoU: 83.32%; eval cIoU: 78.73%; train pIoU: 85.46%; train cIoU: 81.74%
2021-12-05 20:39:36,359 - main.py[line:181] - INFO: Epoch: 412; eval pIoU: 83.41%; eval cIoU: 78.72%; train pIoU: 85.45%; train cIoU: 81.64%
2021-12-05 20:41:11,493 - main.py[line:181] - INFO: Epoch: 413; eval pIoU: 83.33%; eval cIoU: 78.72%; train pIoU: 85.48%; train cIoU: 81.66%
2021-12-05 20:42:46,629 - main.py[line:181] - INFO: Epoch: 414; eval pIoU: 83.39%; eval cIoU: 78.77%; train pIoU: 85.41%; train cIoU: 81.45%
2021-12-05 20:44:21,774 - main.py[line:181] - INFO: Epoch: 415; eval pIoU: 83.34%; eval cIoU: 78.81%; train pIoU: 85.47%; train cIoU: 81.61%
2021-12-05 20:45:56,935 - main.py[line:181] - INFO: Epoch: 416; eval pIoU: 83.37%; eval cIoU: 78.79%; train pIoU: 85.44%; train cIoU: 81.50%
2021-12-05 20:47:32,075 - main.py[line:181] - INFO: Epoch: 417; eval pIoU: 83.32%; eval cIoU: 78.72%; train pIoU: 85.49%; train cIoU: 81.60%
2021-12-05 20:49:07,213 - main.py[line:181] - INFO: Epoch: 418; eval pIoU: 83.35%; eval cIoU: 78.74%; train pIoU: 85.43%; train cIoU: 81.82%
2021-12-05 20:50:42,347 - main.py[line:181] - INFO: Epoch: 419; eval pIoU: 83.40%; eval cIoU: 78.79%; train pIoU: 85.42%; train cIoU: 81.55%
2021-12-05 20:52:17,479 - main.py[line:181] - INFO: Epoch: 420; eval pIoU: 83.33%; eval cIoU: 78.81%; train pIoU: 85.48%; train cIoU: 81.84%
2021-12-05 20:53:52,614 - main.py[line:181] - INFO: Epoch: 421; eval pIoU: 83.42%; eval cIoU: 78.77%; train pIoU: 85.50%; train cIoU: 81.74%
2021-12-05 20:55:27,752 - main.py[line:181] - INFO: Epoch: 422; eval pIoU: 83.33%; eval cIoU: 78.76%; train pIoU: 85.44%; train cIoU: 81.51%
2021-12-05 20:57:02,925 - main.py[line:181] - INFO: Epoch: 423; eval pIoU: 83.34%; eval cIoU: 78.85%; train pIoU: 85.49%; train cIoU: 81.84%
2021-12-05 20:58:38,010 - main.py[line:181] - INFO: Epoch: 424; eval pIoU: 83.36%; eval cIoU: 78.71%; train pIoU: 85.47%; train cIoU: 81.70%
2021-12-05 21:00:13,021 - main.py[line:181] - INFO: Epoch: 425; eval pIoU: 83.35%; eval cIoU: 78.94%; train pIoU: 85.46%; train cIoU: 81.73%
2021-12-05 21:01:48,056 - main.py[line:181] - INFO: Epoch: 426; eval pIoU: 83.28%; eval cIoU: 78.79%; train pIoU: 85.46%; train cIoU: 81.70%
2021-12-05 21:03:23,109 - main.py[line:181] - INFO: Epoch: 427; eval pIoU: 83.33%; eval cIoU: 78.60%; train pIoU: 85.53%; train cIoU: 81.90%
2021-12-05 21:04:58,169 - main.py[line:181] - INFO: Epoch: 428; eval pIoU: 83.38%; eval cIoU: 78.78%; train pIoU: 85.47%; train cIoU: 81.69%
2021-12-05 21:06:33,376 - main.py[line:181] - INFO: Epoch: 429; eval pIoU: 83.37%; eval cIoU: 78.82%; train pIoU: 85.47%; train cIoU: 81.81%
2021-12-05 21:08:08,543 - main.py[line:181] - INFO: Epoch: 430; eval pIoU: 83.33%; eval cIoU: 78.74%; train pIoU: 85.52%; train cIoU: 81.54%
2021-12-05 21:09:43,767 - main.py[line:181] - INFO: Epoch: 431; eval pIoU: 83.35%; eval cIoU: 78.79%; train pIoU: 85.47%; train cIoU: 81.59%
2021-12-05 21:11:18,982 - main.py[line:181] - INFO: Epoch: 432; eval pIoU: 83.37%; eval cIoU: 78.90%; train pIoU: 85.52%; train cIoU: 81.51%
2021-12-05 21:12:54,191 - main.py[line:181] - INFO: Epoch: 433; eval pIoU: 83.38%; eval cIoU: 78.82%; train pIoU: 85.49%; train cIoU: 81.62%
2021-12-05 21:14:29,407 - main.py[line:181] - INFO: Epoch: 434; eval pIoU: 83.42%; eval cIoU: 78.80%; train pIoU: 85.46%; train cIoU: 81.52%
2021-12-05 21:16:04,507 - main.py[line:181] - INFO: Epoch: 435; eval pIoU: 83.36%; eval cIoU: 78.63%; train pIoU: 85.45%; train cIoU: 81.69%
2021-12-05 21:17:39,562 - main.py[line:181] - INFO: Epoch: 436; eval pIoU: 83.38%; eval cIoU: 78.88%; train pIoU: 85.47%; train cIoU: 81.48%
2021-12-05 21:19:14,603 - main.py[line:181] - INFO: Epoch: 437; eval pIoU: 83.40%; eval cIoU: 78.73%; train pIoU: 85.41%; train cIoU: 81.92%
2021-12-05 21:20:49,647 - main.py[line:181] - INFO: Epoch: 438; eval pIoU: 83.37%; eval cIoU: 78.80%; train pIoU: 85.50%; train cIoU: 81.86%
2021-12-05 21:22:24,693 - main.py[line:181] - INFO: Epoch: 439; eval pIoU: 83.36%; eval cIoU: 78.68%; train pIoU: 85.52%; train cIoU: 81.68%
2021-12-05 21:23:59,743 - main.py[line:181] - INFO: Epoch: 440; eval pIoU: 83.31%; eval cIoU: 78.67%; train pIoU: 85.52%; train cIoU: 81.57%
2021-12-05 21:25:34,796 - main.py[line:181] - INFO: Epoch: 441; eval pIoU: 83.32%; eval cIoU: 78.68%; train pIoU: 85.47%; train cIoU: 81.75%
2021-12-05 21:27:09,852 - main.py[line:181] - INFO: Epoch: 442; eval pIoU: 83.35%; eval cIoU: 78.65%; train pIoU: 85.44%; train cIoU: 81.46%
2021-12-05 21:28:44,890 - main.py[line:181] - INFO: Epoch: 443; eval pIoU: 83.28%; eval cIoU: 78.57%; train pIoU: 85.43%; train cIoU: 81.45%
2021-12-05 21:30:19,951 - main.py[line:181] - INFO: Epoch: 444; eval pIoU: 83.35%; eval cIoU: 78.72%; train pIoU: 85.49%; train cIoU: 81.55%
2021-12-05 21:31:54,996 - main.py[line:181] - INFO: Epoch: 445; eval pIoU: 83.36%; eval cIoU: 78.54%; train pIoU: 85.49%; train cIoU: 81.77%
2021-12-05 21:33:30,041 - main.py[line:181] - INFO: Epoch: 446; eval pIoU: 83.31%; eval cIoU: 78.71%; train pIoU: 85.51%; train cIoU: 81.54%
2021-12-05 21:35:05,090 - main.py[line:181] - INFO: Epoch: 447; eval pIoU: 83.33%; eval cIoU: 78.68%; train pIoU: 85.52%; train cIoU: 81.75%
2021-12-05 21:36:40,194 - main.py[line:181] - INFO: Epoch: 448; eval pIoU: 83.26%; eval cIoU: 78.64%; train pIoU: 85.48%; train cIoU: 81.63%
2021-12-05 21:38:15,215 - main.py[line:181] - INFO: Epoch: 449; eval pIoU: 83.33%; eval cIoU: 78.65%; train pIoU: 85.47%; train cIoU: 81.61%
2021-12-05 21:39:50,353 - main.py[line:181] - INFO: Epoch: 450; eval pIoU: 83.38%; eval cIoU: 78.83%; train pIoU: 85.46%; train cIoU: 81.54%
2021-12-05 21:41:25,518 - main.py[line:181] - INFO: Epoch: 451; eval pIoU: 83.39%; eval cIoU: 78.63%; train pIoU: 85.46%; train cIoU: 81.61%
2021-12-05 21:43:00,699 - main.py[line:181] - INFO: Epoch: 452; eval pIoU: 83.35%; eval cIoU: 78.73%; train pIoU: 85.53%; train cIoU: 81.72%
2021-12-05 21:44:35,845 - main.py[line:181] - INFO: Epoch: 453; eval pIoU: 83.38%; eval cIoU: 78.78%; train pIoU: 85.48%; train cIoU: 81.48%
2021-12-05 21:46:10,916 - main.py[line:181] - INFO: Epoch: 454; eval pIoU: 83.33%; eval cIoU: 78.67%; train pIoU: 85.47%; train cIoU: 81.72%
2021-12-05 21:47:45,958 - main.py[line:181] - INFO: Epoch: 455; eval pIoU: 83.31%; eval cIoU: 78.78%; train pIoU: 85.51%; train cIoU: 81.63%
2021-12-05 21:49:21,068 - main.py[line:181] - INFO: Epoch: 456; eval pIoU: 83.33%; eval cIoU: 78.61%; train pIoU: 85.49%; train cIoU: 81.74%
2021-12-05 21:50:56,168 - main.py[line:181] - INFO: Epoch: 457; eval pIoU: 83.33%; eval cIoU: 78.86%; train pIoU: 85.43%; train cIoU: 81.33%
2021-12-05 21:52:31,259 - main.py[line:181] - INFO: Epoch: 458; eval pIoU: 83.34%; eval cIoU: 78.73%; train pIoU: 85.52%; train cIoU: 81.70%
2021-12-05 21:54:06,415 - main.py[line:181] - INFO: Epoch: 459; eval pIoU: 83.38%; eval cIoU: 78.80%; train pIoU: 85.48%; train cIoU: 81.52%
2021-12-05 21:55:41,614 - main.py[line:181] - INFO: Epoch: 460; eval pIoU: 83.36%; eval cIoU: 78.76%; train pIoU: 85.41%; train cIoU: 81.64%
2021-12-05 21:57:16,855 - main.py[line:181] - INFO: Epoch: 461; eval pIoU: 83.41%; eval cIoU: 78.79%; train pIoU: 85.47%; train cIoU: 81.67%
2021-12-05 21:58:52,035 - main.py[line:181] - INFO: Epoch: 462; eval pIoU: 83.36%; eval cIoU: 78.81%; train pIoU: 85.52%; train cIoU: 81.73%
2021-12-05 22:00:27,246 - main.py[line:181] - INFO: Epoch: 463; eval pIoU: 83.40%; eval cIoU: 78.86%; train pIoU: 85.46%; train cIoU: 81.76%
2021-12-05 22:02:02,418 - main.py[line:181] - INFO: Epoch: 464; eval pIoU: 83.38%; eval cIoU: 78.71%; train pIoU: 85.44%; train cIoU: 81.81%
2021-12-05 22:03:37,967 - main.py[line:181] - INFO: Epoch: 465; eval pIoU: 83.33%; eval cIoU: 78.65%; train pIoU: 85.49%; train cIoU: 81.67%
2021-12-05 22:05:14,408 - main.py[line:181] - INFO: Epoch: 466; eval pIoU: 83.37%; eval cIoU: 78.86%; train pIoU: 85.51%; train cIoU: 81.65%
2021-12-05 22:06:50,328 - main.py[line:181] - INFO: Epoch: 467; eval pIoU: 83.34%; eval cIoU: 78.78%; train pIoU: 85.46%; train cIoU: 81.75%
2021-12-05 22:08:25,494 - main.py[line:181] - INFO: Epoch: 468; eval pIoU: 83.37%; eval cIoU: 78.77%; train pIoU: 85.54%; train cIoU: 81.77%
2021-12-05 22:10:00,546 - main.py[line:181] - INFO: Epoch: 469; eval pIoU: 83.37%; eval cIoU: 78.72%; train pIoU: 85.48%; train cIoU: 81.70%
2021-12-05 22:11:35,584 - main.py[line:181] - INFO: Epoch: 470; eval pIoU: 83.40%; eval cIoU: 78.81%; train pIoU: 85.46%; train cIoU: 81.61%
2021-12-05 22:13:10,742 - main.py[line:181] - INFO: Epoch: 471; eval pIoU: 83.41%; eval cIoU: 78.96%; train pIoU: 85.54%; train cIoU: 81.94%
2021-12-05 22:14:45,960 - main.py[line:181] - INFO: Epoch: 472; eval pIoU: 83.37%; eval cIoU: 78.85%; train pIoU: 85.52%; train cIoU: 81.87%
2021-12-05 22:16:21,713 - main.py[line:181] - INFO: Epoch: 473; eval pIoU: 83.33%; eval cIoU: 78.70%; train pIoU: 85.53%; train cIoU: 81.73%
2021-12-05 22:17:57,900 - main.py[line:181] - INFO: Epoch: 474; eval pIoU: 83.41%; eval cIoU: 78.75%; train pIoU: 85.47%; train cIoU: 81.54%
2021-12-05 22:19:33,989 - main.py[line:181] - INFO: Epoch: 475; eval pIoU: 83.40%; eval cIoU: 78.70%; train pIoU: 85.58%; train cIoU: 81.90%
2021-12-05 22:21:09,043 - main.py[line:181] - INFO: Epoch: 476; eval pIoU: 83.32%; eval cIoU: 78.73%; train pIoU: 85.51%; train cIoU: 81.59%
2021-12-05 22:22:44,153 - main.py[line:181] - INFO: Epoch: 477; eval pIoU: 83.28%; eval cIoU: 78.62%; train pIoU: 85.52%; train cIoU: 81.63%
2021-12-05 22:24:19,306 - main.py[line:181] - INFO: Epoch: 478; eval pIoU: 83.36%; eval cIoU: 78.82%; train pIoU: 85.58%; train cIoU: 81.81%
2021-12-05 22:25:54,441 - main.py[line:181] - INFO: Epoch: 479; eval pIoU: 83.33%; eval cIoU: 78.74%; train pIoU: 85.42%; train cIoU: 81.48%
2021-12-05 22:27:29,501 - main.py[line:181] - INFO: Epoch: 480; eval pIoU: 83.28%; eval cIoU: 78.47%; train pIoU: 85.45%; train cIoU: 81.64%
2021-12-05 22:29:04,578 - main.py[line:181] - INFO: Epoch: 481; eval pIoU: 83.31%; eval cIoU: 78.72%; train pIoU: 85.40%; train cIoU: 81.33%
2021-12-05 22:30:39,652 - main.py[line:181] - INFO: Epoch: 482; eval pIoU: 83.37%; eval cIoU: 78.66%; train pIoU: 85.48%; train cIoU: 81.82%
2021-12-05 22:32:14,720 - main.py[line:181] - INFO: Epoch: 483; eval pIoU: 83.34%; eval cIoU: 78.63%; train pIoU: 85.43%; train cIoU: 81.69%
2021-12-05 22:33:49,804 - main.py[line:181] - INFO: Epoch: 484; eval pIoU: 83.37%; eval cIoU: 78.80%; train pIoU: 85.46%; train cIoU: 81.48%
2021-12-05 22:35:24,910 - main.py[line:181] - INFO: Epoch: 485; eval pIoU: 83.35%; eval cIoU: 78.63%; train pIoU: 85.48%; train cIoU: 81.62%
2021-12-05 22:37:00,008 - main.py[line:181] - INFO: Epoch: 486; eval pIoU: 83.39%; eval cIoU: 78.80%; train pIoU: 85.46%; train cIoU: 81.32%
2021-12-05 22:38:35,197 - main.py[line:181] - INFO: Epoch: 487; eval pIoU: 83.38%; eval cIoU: 78.71%; train pIoU: 85.45%; train cIoU: 81.54%
2021-12-05 22:40:10,309 - main.py[line:181] - INFO: Epoch: 488; eval pIoU: 83.35%; eval cIoU: 78.83%; train pIoU: 85.47%; train cIoU: 81.59%
2021-12-05 22:41:45,405 - main.py[line:181] - INFO: Epoch: 489; eval pIoU: 83.36%; eval cIoU: 78.75%; train pIoU: 85.54%; train cIoU: 81.68%
2021-12-05 22:43:20,418 - main.py[line:181] - INFO: Epoch: 490; eval pIoU: 83.34%; eval cIoU: 78.54%; train pIoU: 85.52%; train cIoU: 81.83%
2021-12-05 22:44:55,497 - main.py[line:181] - INFO: Epoch: 491; eval pIoU: 83.36%; eval cIoU: 78.75%; train pIoU: 85.50%; train cIoU: 81.82%
2021-12-05 22:46:30,592 - main.py[line:181] - INFO: Epoch: 492; eval pIoU: 83.38%; eval cIoU: 78.69%; train pIoU: 85.53%; train cIoU: 81.77%
2021-12-05 22:48:05,686 - main.py[line:181] - INFO: Epoch: 493; eval pIoU: 83.39%; eval cIoU: 78.71%; train pIoU: 85.46%; train cIoU: 81.54%
2021-12-05 22:49:40,754 - main.py[line:181] - INFO: Epoch: 494; eval pIoU: 83.37%; eval cIoU: 78.83%; train pIoU: 85.44%; train cIoU: 81.62%
2021-12-05 22:51:15,792 - main.py[line:181] - INFO: Epoch: 495; eval pIoU: 83.34%; eval cIoU: 78.70%; train pIoU: 85.46%; train cIoU: 81.59%
2021-12-05 22:52:50,816 - main.py[line:181] - INFO: Epoch: 496; eval pIoU: 83.42%; eval cIoU: 78.75%; train pIoU: 85.54%; train cIoU: 81.69%
2021-12-05 22:54:25,853 - main.py[line:181] - INFO: Epoch: 497; eval pIoU: 83.35%; eval cIoU: 78.71%; train pIoU: 85.47%; train cIoU: 81.48%
2021-12-05 22:56:00,914 - main.py[line:181] - INFO: Epoch: 498; eval pIoU: 83.40%; eval cIoU: 78.68%; train pIoU: 85.45%; train cIoU: 81.66%
2021-12-05 22:57:36,066 - main.py[line:181] - INFO: Epoch: 499; eval pIoU: 83.37%; eval cIoU: 78.88%; train pIoU: 85.51%; train cIoU: 81.75%
2021-12-05 22:59:11,222 - main.py[line:181] - INFO: Epoch: 500; eval pIoU: 83.33%; eval cIoU: 78.68%; train pIoU: 85.42%; train cIoU: 81.46%
2021-12-05 22:59:11,226 - main.py[line:189] - INFO: Best model is achieved at epoch 407 with eval pIoU as 83.43%
